<!DOCTYPE html><html lang="en"><head><meta charset="utf-8" /><meta content="width=device-width, initial-scale=1, shrink-to-fit=no" name="viewport" /><link rel="stylesheet" integrity="sha384-WskhaSGFgHYWDcbwN70/dfYBj47jz9qbsMId/iRN3ewGhXQFZCSftd1LZCfmhktB" href="https://stackpath.bootstrapcdn.com/bootstrap/4.1.1/css/bootstrap.min.css" crossorigin="anonymous" /><title>Cosmic Ray Report</title></head><body><h1>Cosmic Ray Report</h1><div class="container work-item"><h4 class="job_id">1 : job ID 22ca2b47134d4b76a8580123c91730a5</h4><div role="alert" class="alert alert-success test-outcome"><p>worker outcome: normal</p><p>test outcome: killed</p></div><a href="pycharm://open?file=adam/adam_1.py&amp;line=60"><pre class="location">adam/adam_1.py, start pos: (60, 13), end pos: (60, 14)</pre></a><pre>operator: core/ReplaceBinaryOperator_Add_Mul, occurrence: 0</pre><div class="alert alert-secondary"><pre class="diff">--- mutation diff ---
--- aadam/adam_1.py
+++ badam/adam_1.py
@@ -57,7 +57,7 @@
 
 
 def binary_add():
-    return 5 + 6
+    return 5 * 6
 
 
 def equals(vals):</pre></div><div class="alert alert-secondary"><pre class="diff">============================= test session starts ==============================
platform darwin -- Python 3.5.6, pytest-4.4.2, py-1.8.0, pluggy-0.11.0
rootdir: /private/var/folders/v6/1c70g62x2sb65cts_m6f7wdm0000gn/T/tmpk2ejhuni/repo
collected 21 items

tests/test_adam.py .F

=================================== FAILURES ===================================
____________________________ Tests.test_binary_add _____________________________

self = &lt;tests.test_adam.Tests testMethod=test_binary_add&gt;

    def test_binary_add(self):
&gt;       self.assertEqual(adam.adam_1.binary_add(), 11)
E       AssertionError: 30 != 11

tests/test_adam.py:48: AssertionError
====================== 1 failed, 1 passed in 0.56 seconds ======================
</pre></div></div><div class="container work-item"><h4 class="job_id">2 : job ID b82c9cb9cc0846e895f75207fd124465</h4><div role="alert" class="alert alert-success test-outcome"><p>worker outcome: normal</p><p>test outcome: killed</p></div><a href="pycharm://open?file=adam/adam_1.py&amp;line=60"><pre class="location">adam/adam_1.py, start pos: (60, 13), end pos: (60, 14)</pre></a><pre>operator: core/ReplaceBinaryOperator_Add_LShift, occurrence: 0</pre><div class="alert alert-secondary"><pre class="diff">--- mutation diff ---
--- aadam/adam_1.py
+++ badam/adam_1.py
@@ -57,7 +57,7 @@
 
 
 def binary_add():
-    return 5 + 6
+    return 5 &lt;&lt; 6
 
 
 def equals(vals):</pre></div><div class="alert alert-secondary"><pre class="diff">============================= test session starts ==============================
platform darwin -- Python 3.5.6, pytest-4.4.2, py-1.8.0, pluggy-0.11.0
rootdir: /private/var/folders/v6/1c70g62x2sb65cts_m6f7wdm0000gn/T/tmpzxj6gyay/repo
collected 21 items

tests/test_adam.py .F

=================================== FAILURES ===================================
____________________________ Tests.test_binary_add _____________________________

self = &lt;tests.test_adam.Tests testMethod=test_binary_add&gt;

    def test_binary_add(self):
&gt;       self.assertEqual(adam.adam_1.binary_add(), 11)
E       AssertionError: 320 != 11

tests/test_adam.py:48: AssertionError
====================== 1 failed, 1 passed in 0.32 seconds ======================
</pre></div></div><div class="container work-item"><h4 class="job_id">3 : job ID 0e33470aeb7d46a4a58b1bdd2cadd68e</h4><div role="alert" class="alert alert-success test-outcome"><p>worker outcome: normal</p><p>test outcome: killed</p></div><a href="pycharm://open?file=adam/adam_1.py&amp;line=60"><pre class="location">adam/adam_1.py, start pos: (60, 13), end pos: (60, 14)</pre></a><pre>operator: core/ReplaceBinaryOperator_Add_BitAnd, occurrence: 0</pre><div class="alert alert-secondary"><pre class="diff">--- mutation diff ---
--- aadam/adam_1.py
+++ badam/adam_1.py
@@ -57,7 +57,7 @@
 
 
 def binary_add():
-    return 5 + 6
+    return 5 &amp; 6
 
 
 def equals(vals):</pre></div><div class="alert alert-secondary"><pre class="diff">============================= test session starts ==============================
platform darwin -- Python 3.5.6, pytest-4.4.2, py-1.8.0, pluggy-0.11.0
rootdir: /private/var/folders/v6/1c70g62x2sb65cts_m6f7wdm0000gn/T/tmpulx82_xh/repo
collected 21 items

tests/test_adam.py .F

=================================== FAILURES ===================================
____________________________ Tests.test_binary_add _____________________________

self = &lt;tests.test_adam.Tests testMethod=test_binary_add&gt;

    def test_binary_add(self):
&gt;       self.assertEqual(adam.adam_1.binary_add(), 11)
E       AssertionError: 4 != 11

tests/test_adam.py:48: AssertionError
====================== 1 failed, 1 passed in 0.23 seconds ======================
</pre></div></div><div class="container work-item"><h4 class="job_id">4 : job ID 16b06a671b51451b9b8a89fcfb23aa32</h4><div role="alert" class="alert alert-success test-outcome"><p>worker outcome: normal</p><p>test outcome: killed</p></div><a href="pycharm://open?file=adam/adam_1.py&amp;line=52"><pre class="location">adam/adam_1.py, start pos: (52, 11), end pos: (52, 12)</pre></a><pre>operator: core/ReplaceUnaryOperator_USub_Not, occurrence: 0</pre><div class="alert alert-secondary"><pre class="diff">--- mutation diff ---
--- aadam/adam_1.py
+++ badam/adam_1.py
@@ -49,7 +49,7 @@
 
 
 def unary_sub():
-    return -1
+    return not 1
 
 
 def unary_add():</pre></div><div class="alert alert-secondary"><pre class="diff">============================= test session starts ==============================
platform darwin -- Python 3.5.6, pytest-4.4.2, py-1.8.0, pluggy-0.11.0
rootdir: /private/var/folders/v6/1c70g62x2sb65cts_m6f7wdm0000gn/T/tmp4nk1ea3t/repo
collected 21 items

tests/test_adam.py ..................F

=================================== FAILURES ===================================
_____________________________ Tests.test_unary_sub _____________________________

self = &lt;tests.test_adam.Tests testMethod=test_unary_sub&gt;

    def test_unary_sub(self):
&gt;       self.assertEqual(adam.adam_1.unary_sub(), -1)
E       AssertionError: False != -1

tests/test_adam.py:42: AssertionError
===================== 1 failed, 18 passed in 0.26 seconds ======================
</pre></div></div><div class="container work-item"><h4 class="job_id">5 : job ID ed83115c5caf4b2ea0346d00324b7c40</h4><div role="alert" class="alert alert-success test-outcome"><p>worker outcome: normal</p><p>test outcome: killed</p></div><a href="pycharm://open?file=adam/adam_1.py&amp;line=28"><pre class="location">adam/adam_1.py, start pos: (28, 20), end pos: (28, 22)</pre></a><pre>operator: core/ReplaceOrWithAnd, occurrence: 0</pre><div class="alert alert-secondary"><pre class="diff">--- mutation diff ---
--- aadam/adam_1.py
+++ badam/adam_1.py
@@ -25,7 +25,7 @@
 
 
 def bool_or():
-    return object() or None
+    return object() and None
 
 
 def bool_expr_with_not():</pre></div><div class="alert alert-secondary"><pre class="diff">============================= test session starts ==============================
platform darwin -- Python 3.5.6, pytest-4.4.2, py-1.8.0, pluggy-0.11.0
rootdir: /private/var/folders/v6/1c70g62x2sb65cts_m6f7wdm0000gn/T/tmpk2ejhuni/repo
collected 21 items

tests/test_adam.py .....F

=================================== FAILURES ===================================
______________________________ Tests.test_bool_or ______________________________

self = &lt;tests.test_adam.Tests testMethod=test_bool_or&gt;

    def test_bool_or(self):
&gt;       self.assertTrue(adam.adam_1.bool_or())
E       AssertionError: None is not true

tests/test_adam.py:27: AssertionError
====================== 1 failed, 5 passed in 0.14 seconds ======================
</pre></div></div><div class="container work-item"><h4 class="job_id">6 : job ID 1d7b7efc893d4a6c83cdea2ef7a60eb5</h4><div role="alert" class="alert alert-success test-outcome"><p>worker outcome: normal</p><p>test outcome: killed</p></div><a href="pycharm://open?file=adam/adam_1.py&amp;line=16"><pre class="location">adam/adam_1.py, start pos: (16, 11), end pos: (16, 15)</pre></a><pre>operator: core/ReplaceTrueWithFalse, occurrence: 0</pre><div class="alert alert-secondary"><pre class="diff">--- mutation diff ---
--- aadam/adam_1.py
+++ badam/adam_1.py
@@ -13,7 +13,7 @@
 
 
 def constant_true():
-    return True
+    return False
 
 
 def constant_false():</pre></div><div class="alert alert-secondary"><pre class="diff">============================= test session starts ==============================
platform darwin -- Python 3.5.6, pytest-4.4.2, py-1.8.0, pluggy-0.11.0
rootdir: /private/var/folders/v6/1c70g62x2sb65cts_m6f7wdm0000gn/T/tmpzxj6gyay/repo
collected 21 items

tests/test_adam.py .........F

=================================== FAILURES ===================================
___________________________ Tests.test_constant_true ___________________________

self = &lt;tests.test_adam.Tests testMethod=test_constant_true&gt;

    def test_constant_true(self):
&gt;       self.assertEqual(adam.adam_1.constant_true(), True)
E       AssertionError: False != True

tests/test_adam.py:18: AssertionError
====================== 1 failed, 9 passed in 0.17 seconds ======================
</pre></div></div><div class="container work-item"><h4 class="job_id">7 : job ID b7038545cdfe44649a2f04c4a33e04fd</h4><div role="alert" class="alert alert-success test-outcome"><p>worker outcome: normal</p><p>test outcome: killed</p></div><a href="pycharm://open?file=adam/adam_1.py&amp;line=37"><pre class="location">adam/adam_1.py, start pos: (37, 15), end pos: (37, 19)</pre></a><pre>operator: core/ReplaceTrueWithFalse, occurrence: 1</pre><div class="alert alert-secondary"><pre class="diff">--- mutation diff ---
--- aadam/adam_1.py
+++ badam/adam_1.py
@@ -34,7 +34,7 @@
 
 def bool_if():
     if object():
-        return True
+        return False
 
     raise Exception("bool_if() failed")
 </pre></div><div class="alert alert-secondary"><pre class="diff">============================= test session starts ==============================
platform darwin -- Python 3.5.6, pytest-4.4.2, py-1.8.0, pluggy-0.11.0
rootdir: /private/var/folders/v6/1c70g62x2sb65cts_m6f7wdm0000gn/T/tmpulx82_xh/repo
collected 21 items

tests/test_adam.py ....F

=================================== FAILURES ===================================
______________________________ Tests.test_bool_if ______________________________

self = &lt;tests.test_adam.Tests testMethod=test_bool_if&gt;

    def test_bool_if(self):
&gt;       self.assertTrue(adam.adam_1.bool_if())
E       AssertionError: False is not true

tests/test_adam.py:33: AssertionError
====================== 1 failed, 4 passed in 0.17 seconds ======================
</pre></div></div><div class="container work-item"><h4 class="job_id">8 : job ID 6049018b854342f3be427af296332293</h4><div role="alert" class="alert alert-success test-outcome"><p>worker outcome: normal</p><p>test outcome: killed</p></div><a href="pycharm://open?file=adam/adam_1.py&amp;line=43"><pre class="location">adam/adam_1.py, start pos: (43, 11), end pos: (43, 15)</pre></a><pre>operator: core/ReplaceTrueWithFalse, occurrence: 2</pre><div class="alert alert-secondary"><pre class="diff">--- mutation diff ---
--- aadam/adam_1.py
+++ badam/adam_1.py
@@ -40,7 +40,7 @@
 
 
 def if_expression():
-    return True if object() else None
+    return False if object() else None
 
 
 def assert_in_func():</pre></div><div class="alert alert-secondary"><pre class="diff">============================= test session starts ==============================
platform darwin -- Python 3.5.6, pytest-4.4.2, py-1.8.0, pluggy-0.11.0
rootdir: /private/var/folders/v6/1c70g62x2sb65cts_m6f7wdm0000gn/T/tmp4nk1ea3t/repo
collected 21 items

tests/test_adam.py ..............F

=================================== FAILURES ===================================
___________________________ Tests.test_if_expression ___________________________

self = &lt;tests.test_adam.Tests testMethod=test_if_expression&gt;

    def test_if_expression(self):
&gt;       self.assertTrue(adam.adam_1.if_expression())
E       AssertionError: False is not true

tests/test_adam.py:36: AssertionError
===================== 1 failed, 14 passed in 0.13 seconds ======================
</pre></div></div><div class="container work-item"><h4 class="job_id">9 : job ID 53b0f17158f64c3b9488dc7c2a7237d6</h4><div role="alert" class="alert alert-success test-outcome"><p>worker outcome: normal</p><p>test outcome: killed</p></div><a href="pycharm://open?file=adam/adam_1.py&amp;line=48"><pre class="location">adam/adam_1.py, start pos: (48, 11), end pos: (48, 15)</pre></a><pre>operator: core/ReplaceTrueWithFalse, occurrence: 3</pre><div class="alert alert-secondary"><pre class="diff">--- mutation diff ---
--- aadam/adam_1.py
+++ badam/adam_1.py
@@ -45,7 +45,7 @@
 
 def assert_in_func():
     assert object()
-    return True
+    return False
 
 
 def unary_sub():</pre></div><div class="alert alert-secondary"><pre class="diff">============================= test session starts ==============================
platform darwin -- Python 3.5.6, pytest-4.4.2, py-1.8.0, pluggy-0.11.0
rootdir: /private/var/folders/v6/1c70g62x2sb65cts_m6f7wdm0000gn/T/tmpzxj6gyay/repo
collected 21 items

tests/test_adam.py F

=================================== FAILURES ===================================
__________________________ Tests.test_assert_in_func ___________________________

self = &lt;tests.test_adam.Tests testMethod=test_assert_in_func&gt;

    def test_assert_in_func(self):
&gt;       self.assertTrue(adam.adam_1.assert_in_func())
E       AssertionError: False is not true

tests/test_adam.py:39: AssertionError
=========================== 1 failed in 0.11 seconds ===========================
</pre></div></div><div class="container work-item"><h4 class="job_id">10 : job ID 05ca603a988e4154843bd5f3ce3a1bca</h4><div role="alert" class="alert alert-success test-outcome"><p>worker outcome: normal</p><p>test outcome: killed</p></div><a href="pycharm://open?file=adam/adam_1.py&amp;line=56"><pre class="location">adam/adam_1.py, start pos: (56, 11), end pos: (56, 12)</pre></a><pre>operator: core/ReplaceUnaryOperator_UAdd_Invert, occurrence: 0</pre><div class="alert alert-secondary"><pre class="diff">--- mutation diff ---
--- aadam/adam_1.py
+++ badam/adam_1.py
@@ -53,7 +53,7 @@
 
 
 def unary_add():
-    return +1
+    return ~1
 
 
 def binary_add():</pre></div><div class="alert alert-secondary"><pre class="diff">============================= test session starts ==============================
platform darwin -- Python 3.5.6, pytest-4.4.2, py-1.8.0, pluggy-0.11.0
rootdir: /private/var/folders/v6/1c70g62x2sb65cts_m6f7wdm0000gn/T/tmpk2ejhuni/repo
collected 21 items

tests/test_adam.py .................F

=================================== FAILURES ===================================
_____________________________ Tests.test_unary_add _____________________________

self = &lt;tests.test_adam.Tests testMethod=test_unary_add&gt;

    def test_unary_add(self):
&gt;       self.assertEqual(adam.adam_1.unary_add(), +1)
E       AssertionError: -2 != 1

tests/test_adam.py:45: AssertionError
===================== 1 failed, 17 passed in 0.22 seconds ======================
</pre></div></div><div class="container work-item"><h4 class="job_id">11 : job ID dcdc28bb55114e1b98612be828a4d735</h4><div role="alert" class="alert alert-success test-outcome"><p>worker outcome: normal</p><p>test outcome: killed</p></div><a href="pycharm://open?file=adam/adam_1.py&amp;line=65"><pre class="location">adam/adam_1.py, start pos: (65, 38), end pos: (65, 40)</pre></a><pre>operator: core/ReplaceComparisonOperator_NotEq_Gt, occurrence: 0</pre><div class="alert alert-secondary"><pre class="diff">--- mutation diff ---
--- aadam/adam_1.py
+++ badam/adam_1.py
@@ -62,7 +62,7 @@
 
 def equals(vals):
     def constraint(x, y):
-        return operator.xor(x == y, x != y)
+        return operator.xor(x == y, x &gt; y)
 
     return all([constraint(x, y) for x in vals for y in vals])
 </pre></div><div class="alert alert-secondary"><pre class="diff">============================= test session starts ==============================
platform darwin -- Python 3.5.6, pytest-4.4.2, py-1.8.0, pluggy-0.11.0
rootdir: /private/var/folders/v6/1c70g62x2sb65cts_m6f7wdm0000gn/T/tmpulx82_xh/repo
collected 21 items

tests/test_adam.py ............F

=================================== FAILURES ===================================
______________________________ Tests.test_equals _______________________________

self = &lt;tests.test_adam.Tests testMethod=test_equals&gt;

    def test_equals(self):
        vals = [uuid.uuid4(), uuid.uuid4()]
        vals.append(copy.copy(vals[0]))
&gt;       self.assertTrue(adam.adam_1.equals(vals))
E       AssertionError: False is not true

tests/test_adam.py:53: AssertionError
===================== 1 failed, 12 passed in 0.16 seconds ======================
</pre></div></div><div class="container work-item"><h4 class="job_id">12 : job ID 0e87503cde914aeda174c7dabd93cd8e</h4><div role="alert" class="alert alert-success test-outcome"><p>worker outcome: normal</p><p>test outcome: killed</p></div><a href="pycharm://open?file=adam/adam_1.py&amp;line=65"><pre class="location">adam/adam_1.py, start pos: (65, 30), end pos: (65, 32)</pre></a><pre>operator: core/ReplaceComparisonOperator_Eq_LtE, occurrence: 0</pre><div class="alert alert-secondary"><pre class="diff">--- mutation diff ---
--- aadam/adam_1.py
+++ badam/adam_1.py
@@ -62,7 +62,7 @@
 
 def equals(vals):
     def constraint(x, y):
-        return operator.xor(x == y, x != y)
+        return operator.xor(x &lt;= y, x != y)
 
     return all([constraint(x, y) for x in vals for y in vals])
 </pre></div><div class="alert alert-secondary"><pre class="diff">============================= test session starts ==============================
platform darwin -- Python 3.5.6, pytest-4.4.2, py-1.8.0, pluggy-0.11.0
rootdir: /private/var/folders/v6/1c70g62x2sb65cts_m6f7wdm0000gn/T/tmp4nk1ea3t/repo
collected 21 items

tests/test_adam.py ............F

=================================== FAILURES ===================================
______________________________ Tests.test_equals _______________________________

self = &lt;tests.test_adam.Tests testMethod=test_equals&gt;

    def test_equals(self):
        vals = [uuid.uuid4(), uuid.uuid4()]
        vals.append(copy.copy(vals[0]))
&gt;       self.assertTrue(adam.adam_1.equals(vals))
E       AssertionError: False is not true

tests/test_adam.py:53: AssertionError
===================== 1 failed, 12 passed in 0.16 seconds ======================
</pre></div></div><div class="container work-item"><h4 class="job_id">13 : job ID bdc5a2545f5140d1adb91a62daa65539</h4><div role="alert" class="alert alert-success test-outcome"><p>worker outcome: normal</p><p>test outcome: killed</p></div><a href="pycharm://open?file=adam/adam_1.py&amp;line=65"><pre class="location">adam/adam_1.py, start pos: (65, 38), end pos: (65, 40)</pre></a><pre>operator: core/ReplaceComparisonOperator_NotEq_Lt, occurrence: 0</pre><div class="alert alert-secondary"><pre class="diff">--- mutation diff ---
--- aadam/adam_1.py
+++ badam/adam_1.py
@@ -62,7 +62,7 @@
 
 def equals(vals):
     def constraint(x, y):
-        return operator.xor(x == y, x != y)
+        return operator.xor(x == y, x &lt; y)
 
     return all([constraint(x, y) for x in vals for y in vals])
 </pre></div><div class="alert alert-secondary"><pre class="diff">============================= test session starts ==============================
platform darwin -- Python 3.5.6, pytest-4.4.2, py-1.8.0, pluggy-0.11.0
rootdir: /private/var/folders/v6/1c70g62x2sb65cts_m6f7wdm0000gn/T/tmpzxj6gyay/repo
collected 21 items

tests/test_adam.py ............F

=================================== FAILURES ===================================
______________________________ Tests.test_equals _______________________________

self = &lt;tests.test_adam.Tests testMethod=test_equals&gt;

    def test_equals(self):
        vals = [uuid.uuid4(), uuid.uuid4()]
        vals.append(copy.copy(vals[0]))
&gt;       self.assertTrue(adam.adam_1.equals(vals))
E       AssertionError: False is not true

tests/test_adam.py:53: AssertionError
===================== 1 failed, 12 passed in 0.18 seconds ======================
</pre></div></div><div class="container work-item"><h4 class="job_id">14 : job ID 032b497b9d3a4719bfc208c7375bf5ec</h4><div role="alert" class="alert alert-success test-outcome"><p>worker outcome: normal</p><p>test outcome: killed</p></div><a href="pycharm://open?file=adam/adam_1.py&amp;line=32"><pre class="location">adam/adam_1.py, start pos: (32, 11), end pos: (32, 14)</pre></a><pre>operator: core/ReplaceUnaryOperator_Delete_Not, occurrence: 0</pre><div class="alert alert-secondary"><pre class="diff">--- mutation diff ---
--- aadam/adam_1.py
+++ badam/adam_1.py
@@ -29,7 +29,7 @@
 
 
 def bool_expr_with_not():
-    return not object()
+    return  object()
 
 
 def bool_if():</pre></div><div class="alert alert-secondary"><pre class="diff">============================= test session starts ==============================
platform darwin -- Python 3.5.6, pytest-4.4.2, py-1.8.0, pluggy-0.11.0
rootdir: /private/var/folders/v6/1c70g62x2sb65cts_m6f7wdm0000gn/T/tmpk2ejhuni/repo
collected 21 items

tests/test_adam.py ...F

=================================== FAILURES ===================================
________________________ Tests.test_bool_expr_with_not _________________________

self = &lt;tests.test_adam.Tests testMethod=test_bool_expr_with_not&gt;

    def test_bool_expr_with_not(self):
&gt;       self.assertFalse(adam.adam_1.bool_expr_with_not())
E       AssertionError: &lt;object object at 0x10231c1d0&gt; is not false

tests/test_adam.py:30: AssertionError
====================== 1 failed, 3 passed in 0.17 seconds ======================
</pre></div></div><div class="container work-item"><h4 class="job_id">15 : job ID b0df17eeb67f4e9c8cce585e7747aebc</h4><div role="alert" class="alert alert-success test-outcome"><p>worker outcome: normal</p><p>test outcome: killed</p></div><a href="pycharm://open?file=adam/adam_1.py&amp;line=20"><pre class="location">adam/adam_1.py, start pos: (20, 11), end pos: (20, 16)</pre></a><pre>operator: core/ReplaceFalseWithTrue, occurrence: 0</pre><div class="alert alert-secondary"><pre class="diff">--- mutation diff ---
--- aadam/adam_1.py
+++ badam/adam_1.py
@@ -17,7 +17,7 @@
 
 
 def constant_false():
-    return False
+    return To
 
 
 def bool_and():</pre></div><div class="alert alert-secondary"><pre class="diff">============================= test session starts ==============================
platform darwin -- Python 3.5.6, pytest-4.4.2, py-1.8.0, pluggy-0.11.0
rootdir: /private/var/folders/v6/1c70g62x2sb65cts_m6f7wdm0000gn/T/tmpulx82_xh/repo
collected 21 items

tests/test_adam.py .......F

=================================== FAILURES ===================================
__________________________ Tests.test_constant_false ___________________________

self = &lt;tests.test_adam.Tests testMethod=test_constant_false&gt;

    def test_constant_false(self):
&gt;       self.assertEqual(adam.adam_1.constant_false(), False)

tests/test_adam.py:21: 
_ _ _ _ _ _ _ _ _ _ _ _ _ _ _ _ _ _ _ _ _ _ _ _ _ _ _ _ _ _ _ _ _ _ _ _ _ _ _ _ 

    def constant_false():
&gt;       return To
E       NameError: name 'To' is not defined

adam/adam_1.py:20: NameError
====================== 1 failed, 7 passed in 0.16 seconds ======================
</pre></div></div><div class="container work-item"><h4 class="job_id">16 : job ID c0b620ebfbcc4bb3b604150d9d79ae1e</h4><div role="alert" class="alert alert-success test-outcome"><p>worker outcome: normal</p><p>test outcome: killed</p></div><a href="pycharm://open?file=adam/adam_1.py&amp;line=60"><pre class="location">adam/adam_1.py, start pos: (60, 13), end pos: (60, 14)</pre></a><pre>operator: core/ReplaceBinaryOperator_Add_FloorDiv, occurrence: 0</pre><div class="alert alert-secondary"><pre class="diff">--- mutation diff ---
--- aadam/adam_1.py
+++ badam/adam_1.py
@@ -57,7 +57,7 @@
 
 
 def binary_add():
-    return 5 + 6
+    return 5 // 6
 
 
 def equals(vals):</pre></div><div class="alert alert-secondary"><pre class="diff">============================= test session starts ==============================
platform darwin -- Python 3.5.6, pytest-4.4.2, py-1.8.0, pluggy-0.11.0
rootdir: /private/var/folders/v6/1c70g62x2sb65cts_m6f7wdm0000gn/T/tmp4nk1ea3t/repo
collected 21 items

tests/test_adam.py .F

=================================== FAILURES ===================================
____________________________ Tests.test_binary_add _____________________________

self = &lt;tests.test_adam.Tests testMethod=test_binary_add&gt;

    def test_binary_add(self):
&gt;       self.assertEqual(adam.adam_1.binary_add(), 11)
E       AssertionError: 0 != 11

tests/test_adam.py:48: AssertionError
====================== 1 failed, 1 passed in 0.11 seconds ======================
</pre></div></div><div class="container work-item"><h4 class="job_id">17 : job ID 7ac06f236c0c41d98a762cef6a299ff0</h4><div role="alert" class="alert alert-success test-outcome"><p>worker outcome: normal</p><p>test outcome: killed</p></div><a href="pycharm://open?file=adam/adam_1.py&amp;line=78"><pre class="location">adam/adam_1.py, start pos: (78, 8), end pos: (78, 16)</pre></a><pre>operator: core/ReplaceContinueWithBreak, occurrence: 0</pre><div class="alert alert-secondary"><pre class="diff">--- mutation diff ---
--- aadam/adam_1.py
+++ badam/adam_1.py
@@ -75,6 +75,6 @@
 
 def use_continue(limit):
     for x in range(limit):
-        continue
+        break
     return x
 </pre></div><div class="alert alert-secondary"><pre class="diff">============================= test session starts ==============================
platform darwin -- Python 3.5.6, pytest-4.4.2, py-1.8.0, pluggy-0.11.0
rootdir: /private/var/folders/v6/1c70g62x2sb65cts_m6f7wdm0000gn/T/tmpzxj6gyay/repo
collected 21 items

tests/test_adam.py ..........F

=================================== FAILURES ===================================
_________________________ Tests.test_continue_to_break _________________________

self = &lt;tests.test_adam.Tests testMethod=test_continue_to_break&gt;

    def test_continue_to_break(self):
&gt;       self.assertEqual(adam.adam_1.use_continue(10), 9)
E       AssertionError: 0 != 9

tests/test_adam.py:59: AssertionError
===================== 1 failed, 10 passed in 0.18 seconds ======================
</pre></div></div><div class="container work-item"><h4 class="job_id">18 : job ID 3ee69ad5463f4b1e94dd4a9edd921d09</h4><div role="alert" class="alert alert-success test-outcome"><p>worker outcome: normal</p><p>test outcome: killed</p></div><a href="pycharm://open?file=adam/adam_1.py&amp;line=65"><pre class="location">adam/adam_1.py, start pos: (65, 38), end pos: (65, 40)</pre></a><pre>operator: core/ReplaceComparisonOperator_NotEq_IsNot, occurrence: 0</pre><div class="alert alert-secondary"><pre class="diff">--- mutation diff ---
--- aadam/adam_1.py
+++ badam/adam_1.py
@@ -62,7 +62,7 @@
 
 def equals(vals):
     def constraint(x, y):
-        return operator.xor(x == y, x != y)
+        return operator.xor(x == y, x is not y)
 
     return all([constraint(x, y) for x in vals for y in vals])
 </pre></div><div class="alert alert-secondary"><pre class="diff">============================= test session starts ==============================
platform darwin -- Python 3.5.6, pytest-4.4.2, py-1.8.0, pluggy-0.11.0
rootdir: /private/var/folders/v6/1c70g62x2sb65cts_m6f7wdm0000gn/T/tmpk2ejhuni/repo
collected 21 items

tests/test_adam.py ............F

=================================== FAILURES ===================================
______________________________ Tests.test_equals _______________________________

self = &lt;tests.test_adam.Tests testMethod=test_equals&gt;

    def test_equals(self):
        vals = [uuid.uuid4(), uuid.uuid4()]
        vals.append(copy.copy(vals[0]))
&gt;       self.assertTrue(adam.adam_1.equals(vals))
E       AssertionError: False is not true

tests/test_adam.py:53: AssertionError
===================== 1 failed, 12 passed in 0.13 seconds ======================
</pre></div></div><div class="container work-item"><h4 class="job_id">19 : job ID 31e598e5ffad4111bd69b8cb53a6e6c3</h4><div role="alert" class="alert alert-success test-outcome"><p>worker outcome: normal</p><p>test outcome: killed</p></div><a href="pycharm://open?file=adam/adam_1.py&amp;line=65"><pre class="location">adam/adam_1.py, start pos: (65, 38), end pos: (65, 40)</pre></a><pre>operator: core/ReplaceComparisonOperator_NotEq_Eq, occurrence: 0</pre><div class="alert alert-secondary"><pre class="diff">--- mutation diff ---
--- aadam/adam_1.py
+++ badam/adam_1.py
@@ -62,7 +62,7 @@
 
 def equals(vals):
     def constraint(x, y):
-        return operator.xor(x == y, x != y)
+        return operator.xor(x == y, x == y)
 
     return all([constraint(x, y) for x in vals for y in vals])
 </pre></div><div class="alert alert-secondary"><pre class="diff">============================= test session starts ==============================
platform darwin -- Python 3.5.6, pytest-4.4.2, py-1.8.0, pluggy-0.11.0
rootdir: /private/var/folders/v6/1c70g62x2sb65cts_m6f7wdm0000gn/T/tmp4nk1ea3t/repo
collected 21 items

tests/test_adam.py ............F

=================================== FAILURES ===================================
______________________________ Tests.test_equals _______________________________

self = &lt;tests.test_adam.Tests testMethod=test_equals&gt;

    def test_equals(self):
        vals = [uuid.uuid4(), uuid.uuid4()]
        vals.append(copy.copy(vals[0]))
&gt;       self.assertTrue(adam.adam_1.equals(vals))
E       AssertionError: False is not true

tests/test_adam.py:53: AssertionError
===================== 1 failed, 12 passed in 0.13 seconds ======================
</pre></div></div><div class="container work-item"><h4 class="job_id">20 : job ID 9222523d93ed4b92a1e83c9acb2e5fd1</h4><div role="alert" class="alert alert-success test-outcome"><p>worker outcome: normal</p><p>test outcome: killed</p></div><a href="pycharm://open?file=adam/adam_1.py&amp;line=56"><pre class="location">adam/adam_1.py, start pos: (56, 11), end pos: (56, 12)</pre></a><pre>operator: core/ReplaceUnaryOperator_UAdd_Not, occurrence: 0</pre><div class="alert alert-secondary"><pre class="diff">--- mutation diff ---
--- aadam/adam_1.py
+++ badam/adam_1.py
@@ -53,7 +53,7 @@
 
 
 def unary_add():
-    return +1
+    return not 1
 
 
 def binary_add():</pre></div><div class="alert alert-secondary"><pre class="diff">============================= test session starts ==============================
platform darwin -- Python 3.5.6, pytest-4.4.2, py-1.8.0, pluggy-0.11.0
rootdir: /private/var/folders/v6/1c70g62x2sb65cts_m6f7wdm0000gn/T/tmpulx82_xh/repo
collected 21 items

tests/test_adam.py .................F

=================================== FAILURES ===================================
_____________________________ Tests.test_unary_add _____________________________

self = &lt;tests.test_adam.Tests testMethod=test_unary_add&gt;

    def test_unary_add(self):
&gt;       self.assertEqual(adam.adam_1.unary_add(), +1)
E       AssertionError: False != 1

tests/test_adam.py:45: AssertionError
===================== 1 failed, 17 passed in 0.18 seconds ======================
</pre></div></div><div class="container work-item"><h4 class="job_id">21 : job ID dbbfcad32592497d92304ddec8d6ddd4</h4><div role="alert" class="alert alert-success test-outcome"><p>worker outcome: normal</p><p>test outcome: killed</p></div><a href="pycharm://open?file=adam/adam_1.py&amp;line=65"><pre class="location">adam/adam_1.py, start pos: (65, 30), end pos: (65, 32)</pre></a><pre>operator: core/ReplaceComparisonOperator_Eq_IsNot, occurrence: 0</pre><div class="alert alert-secondary"><pre class="diff">--- mutation diff ---
--- aadam/adam_1.py
+++ badam/adam_1.py
@@ -62,7 +62,7 @@
 
 def equals(vals):
     def constraint(x, y):
-        return operator.xor(x == y, x != y)
+        return operator.xor(x is not y, x != y)
 
     return all([constraint(x, y) for x in vals for y in vals])
 </pre></div><div class="alert alert-secondary"><pre class="diff">============================= test session starts ==============================
platform darwin -- Python 3.5.6, pytest-4.4.2, py-1.8.0, pluggy-0.11.0
rootdir: /private/var/folders/v6/1c70g62x2sb65cts_m6f7wdm0000gn/T/tmpzxj6gyay/repo
collected 21 items

tests/test_adam.py ............F

=================================== FAILURES ===================================
______________________________ Tests.test_equals _______________________________

self = &lt;tests.test_adam.Tests testMethod=test_equals&gt;

    def test_equals(self):
        vals = [uuid.uuid4(), uuid.uuid4()]
        vals.append(copy.copy(vals[0]))
&gt;       self.assertTrue(adam.adam_1.equals(vals))
E       AssertionError: False is not true

tests/test_adam.py:53: AssertionError
===================== 1 failed, 12 passed in 0.22 seconds ======================
</pre></div></div><div class="container work-item"><h4 class="job_id">22 : job ID c04c1b98e03c49b8bc01bccf8182a4a9</h4><div role="alert" class="alert alert-success test-outcome"><p>worker outcome: normal</p><p>test outcome: killed</p></div><a href="pycharm://open?file=adam/adam_1.py&amp;line=65"><pre class="location">adam/adam_1.py, start pos: (65, 38), end pos: (65, 40)</pre></a><pre>operator: core/ReplaceComparisonOperator_NotEq_Is, occurrence: 0</pre><div class="alert alert-secondary"><pre class="diff">--- mutation diff ---
--- aadam/adam_1.py
+++ badam/adam_1.py
@@ -62,7 +62,7 @@
 
 def equals(vals):
     def constraint(x, y):
-        return operator.xor(x == y, x != y)
+        return operator.xor(x == y, x is y)
 
     return all([constraint(x, y) for x in vals for y in vals])
 </pre></div><div class="alert alert-secondary"><pre class="diff">============================= test session starts ==============================
platform darwin -- Python 3.5.6, pytest-4.4.2, py-1.8.0, pluggy-0.11.0
rootdir: /private/var/folders/v6/1c70g62x2sb65cts_m6f7wdm0000gn/T/tmpk2ejhuni/repo
collected 21 items

tests/test_adam.py ............F

=================================== FAILURES ===================================
______________________________ Tests.test_equals _______________________________

self = &lt;tests.test_adam.Tests testMethod=test_equals&gt;

    def test_equals(self):
        vals = [uuid.uuid4(), uuid.uuid4()]
        vals.append(copy.copy(vals[0]))
&gt;       self.assertTrue(adam.adam_1.equals(vals))
E       AssertionError: False is not true

tests/test_adam.py:53: AssertionError
===================== 1 failed, 12 passed in 0.18 seconds ======================
</pre></div></div><div class="container work-item"><h4 class="job_id">23 : job ID 6d1c8ccdf8ac44908496c7907b5f28ba</h4><div role="alert" class="alert alert-success test-outcome"><p>worker outcome: normal</p><p>test outcome: killed</p></div><a href="pycharm://open?file=adam/adam_1.py&amp;line=52"><pre class="location">adam/adam_1.py, start pos: (52, 11), end pos: (52, 12)</pre></a><pre>operator: core/ReplaceUnaryOperator_USub_Invert, occurrence: 0</pre><div class="alert alert-secondary"><pre class="diff">--- mutation diff ---
--- aadam/adam_1.py
+++ badam/adam_1.py
@@ -49,7 +49,7 @@
 
 
 def unary_sub():
-    return -1
+    return ~1
 
 
 def unary_add():</pre></div><div class="alert alert-secondary"><pre class="diff">============================= test session starts ==============================
platform darwin -- Python 3.5.6, pytest-4.4.2, py-1.8.0, pluggy-0.11.0
rootdir: /private/var/folders/v6/1c70g62x2sb65cts_m6f7wdm0000gn/T/tmpulx82_xh/repo
collected 21 items

tests/test_adam.py ..................F

=================================== FAILURES ===================================
_____________________________ Tests.test_unary_sub _____________________________

self = &lt;tests.test_adam.Tests testMethod=test_unary_sub&gt;

    def test_unary_sub(self):
&gt;       self.assertEqual(adam.adam_1.unary_sub(), -1)
E       AssertionError: -2 != -1

tests/test_adam.py:42: AssertionError
===================== 1 failed, 18 passed in 0.20 seconds ======================
</pre></div></div><div class="container work-item"><h4 class="job_id">24 : job ID 72f02763423e4b3b8a4472f6d3e158a5</h4><div role="alert" class="alert alert-success test-outcome"><p>worker outcome: normal</p><p>test outcome: killed</p></div><a href="pycharm://open?file=adam/adam_1.py&amp;line=60"><pre class="location">adam/adam_1.py, start pos: (60, 13), end pos: (60, 14)</pre></a><pre>operator: core/ReplaceBinaryOperator_Add_RShift, occurrence: 0</pre><div class="alert alert-secondary"><pre class="diff">--- mutation diff ---
--- aadam/adam_1.py
+++ badam/adam_1.py
@@ -57,7 +57,7 @@
 
 
 def binary_add():
-    return 5 + 6
+    return 5 &gt;&gt; 6
 
 
 def equals(vals):</pre></div><div class="alert alert-secondary"><pre class="diff">============================= test session starts ==============================
platform darwin -- Python 3.5.6, pytest-4.4.2, py-1.8.0, pluggy-0.11.0
rootdir: /private/var/folders/v6/1c70g62x2sb65cts_m6f7wdm0000gn/T/tmp4nk1ea3t/repo
collected 21 items

tests/test_adam.py .F

=================================== FAILURES ===================================
____________________________ Tests.test_binary_add _____________________________

self = &lt;tests.test_adam.Tests testMethod=test_binary_add&gt;

    def test_binary_add(self):
&gt;       self.assertEqual(adam.adam_1.binary_add(), 11)
E       AssertionError: 0 != 11

tests/test_adam.py:48: AssertionError
====================== 1 failed, 1 passed in 0.10 seconds ======================
</pre></div></div><div class="container work-item"><h4 class="job_id">25 : job ID eabd562cfaa94a6da05664b4f3b918c7</h4><div role="alert" class="alert alert-success test-outcome"><p>worker outcome: normal</p><p>test outcome: killed</p></div><a href="pycharm://open?file=adam/adam_1.py&amp;line=52"><pre class="location">adam/adam_1.py, start pos: (52, 11), end pos: (52, 12)</pre></a><pre>operator: core/ReplaceUnaryOperator_Delete_USub, occurrence: 0</pre><div class="alert alert-secondary"><pre class="diff">--- mutation diff ---
--- aadam/adam_1.py
+++ badam/adam_1.py
@@ -49,7 +49,7 @@
 
 
 def unary_sub():
-    return -1
+    return 1
 
 
 def unary_add():</pre></div><div class="alert alert-secondary"><pre class="diff">============================= test session starts ==============================
platform darwin -- Python 3.5.6, pytest-4.4.2, py-1.8.0, pluggy-0.11.0
rootdir: /private/var/folders/v6/1c70g62x2sb65cts_m6f7wdm0000gn/T/tmpzxj6gyay/repo
collected 21 items

tests/test_adam.py ..................F

=================================== FAILURES ===================================
_____________________________ Tests.test_unary_sub _____________________________

self = &lt;tests.test_adam.Tests testMethod=test_unary_sub&gt;

    def test_unary_sub(self):
&gt;       self.assertEqual(adam.adam_1.unary_sub(), -1)
E       AssertionError: 1 != -1

tests/test_adam.py:42: AssertionError
===================== 1 failed, 18 passed in 0.21 seconds ======================
</pre></div></div><div class="container work-item"><h4 class="job_id">26 : job ID 2e830880359a48699bbec488186d82ce</h4><div role="alert" class="alert alert-success test-outcome"><p>worker outcome: normal</p><p>test outcome: killed</p></div><a href="pycharm://open?file=adam/adam_1.py&amp;line=65"><pre class="location">adam/adam_1.py, start pos: (65, 30), end pos: (65, 32)</pre></a><pre>operator: core/ReplaceComparisonOperator_Eq_Is, occurrence: 0</pre><div class="alert alert-secondary"><pre class="diff">--- mutation diff ---
--- aadam/adam_1.py
+++ badam/adam_1.py
@@ -62,7 +62,7 @@
 
 def equals(vals):
     def constraint(x, y):
-        return operator.xor(x == y, x != y)
+        return operator.xor(x is y, x != y)
 
     return all([constraint(x, y) for x in vals for y in vals])
 </pre></div><div class="alert alert-secondary"><pre class="diff">============================= test session starts ==============================
platform darwin -- Python 3.5.6, pytest-4.4.2, py-1.8.0, pluggy-0.11.0
rootdir: /private/var/folders/v6/1c70g62x2sb65cts_m6f7wdm0000gn/T/tmpk2ejhuni/repo
collected 21 items

tests/test_adam.py ............F

=================================== FAILURES ===================================
______________________________ Tests.test_equals _______________________________

self = &lt;tests.test_adam.Tests testMethod=test_equals&gt;

    def test_equals(self):
        vals = [uuid.uuid4(), uuid.uuid4()]
        vals.append(copy.copy(vals[0]))
&gt;       self.assertTrue(adam.adam_1.equals(vals))
E       AssertionError: False is not true

tests/test_adam.py:53: AssertionError
===================== 1 failed, 12 passed in 0.19 seconds ======================
</pre></div></div><div class="container work-item"><h4 class="job_id">27 : job ID 320002a5dea549c584db31c08304ff19</h4><div role="alert" class="alert alert-success test-outcome"><p>worker outcome: normal</p><p>test outcome: killed</p></div><a href="pycharm://open?file=adam/adam_1.py&amp;line=12"><pre class="location">adam/adam_1.py, start pos: (12, 11), end pos: (12, 13)</pre></a><pre>operator: core/NumberReplacer, occurrence: 0</pre><div class="alert alert-secondary"><pre class="diff">--- mutation diff ---
--- aadam/adam_1.py
+++ badam/adam_1.py
@@ -9,7 +9,7 @@
 
 
 def constant_number():
-    return 42
+    return 43
 
 
 def constant_true():</pre></div><div class="alert alert-secondary"><pre class="diff">============================= test session starts ==============================
platform darwin -- Python 3.5.6, pytest-4.4.2, py-1.8.0, pluggy-0.11.0
rootdir: /private/var/folders/v6/1c70g62x2sb65cts_m6f7wdm0000gn/T/tmp4nk1ea3t/repo
collected 21 items

tests/test_adam.py ........F

=================================== FAILURES ===================================
__________________________ Tests.test_constant_number __________________________

self = &lt;tests.test_adam.Tests testMethod=test_constant_number&gt;

    def test_constant_number(self):
&gt;       self.assertEqual(adam.adam_1.constant_number(), 42)
E       AssertionError: 43 != 42

tests/test_adam.py:15: AssertionError
====================== 1 failed, 8 passed in 0.17 seconds ======================
</pre></div></div><div class="container work-item"><h4 class="job_id">28 : job ID 85f18b572b4348f7b145a675cf0f0dbb</h4><div role="alert" class="alert alert-success test-outcome"><p>worker outcome: normal</p><p>test outcome: killed</p></div><a href="pycharm://open?file=adam/adam_1.py&amp;line=12"><pre class="location">adam/adam_1.py, start pos: (12, 11), end pos: (12, 13)</pre></a><pre>operator: core/NumberReplacer, occurrence: 1</pre><div class="alert alert-secondary"><pre class="diff">--- mutation diff ---
--- aadam/adam_1.py
+++ badam/adam_1.py
@@ -9,7 +9,7 @@
 
 
 def constant_number():
-    return 42
+    return 41
 
 
 def constant_true():</pre></div><div class="alert alert-secondary"><pre class="diff">============================= test session starts ==============================
platform darwin -- Python 3.5.6, pytest-4.4.2, py-1.8.0, pluggy-0.11.0
rootdir: /private/var/folders/v6/1c70g62x2sb65cts_m6f7wdm0000gn/T/tmpulx82_xh/repo
collected 21 items

tests/test_adam.py ..................F

=================================== FAILURES ===================================
_____________________________ Tests.test_unary_sub _____________________________

self = &lt;tests.test_adam.Tests testMethod=test_unary_sub&gt;

    def test_unary_sub(self):
&gt;       self.assertEqual(adam.adam_1.unary_sub(), -1)
E       AssertionError: -2 != -1

tests/test_adam.py:42: AssertionError
===================== 1 failed, 18 passed in 0.16 seconds ======================
</pre></div></div><div class="container work-item"><h4 class="job_id">29 : job ID 363135fcd29c492ab9ec929b850da317</h4><div role="alert" class="alert alert-success test-outcome"><p>worker outcome: normal</p><p>test outcome: killed</p></div><a href="pycharm://open?file=adam/adam_1.py&amp;line=52"><pre class="location">adam/adam_1.py, start pos: (52, 12), end pos: (52, 13)</pre></a><pre>operator: core/NumberReplacer, occurrence: 2</pre><div class="alert alert-secondary"><pre class="diff">--- mutation diff ---
--- aadam/adam_1.py
+++ badam/adam_1.py
@@ -49,7 +49,7 @@
 
 
 def unary_sub():
-    return -1
+    return - 2
 
 
 def unary_add():</pre></div><div class="alert alert-secondary"><pre class="diff">============================= test session starts ==============================
platform darwin -- Python 3.5.6, pytest-4.4.2, py-1.8.0, pluggy-0.11.0
rootdir: /private/var/folders/v6/1c70g62x2sb65cts_m6f7wdm0000gn/T/tmpzxj6gyay/repo
collected 21 items

tests/test_adam.py ..................F

=================================== FAILURES ===================================
_____________________________ Tests.test_unary_sub _____________________________

self = &lt;tests.test_adam.Tests testMethod=test_unary_sub&gt;

    def test_unary_sub(self):
&gt;       self.assertEqual(adam.adam_1.unary_sub(), -1)
E       AssertionError: -2 != -1

tests/test_adam.py:42: AssertionError
===================== 1 failed, 18 passed in 0.21 seconds ======================
</pre></div></div><div class="container work-item"><h4 class="job_id">30 : job ID 10f6436b5b2748c1b2044e50e6d9c974</h4><div role="alert" class="alert alert-success test-outcome"><p>worker outcome: normal</p><p>test outcome: killed</p></div><a href="pycharm://open?file=adam/adam_1.py&amp;line=52"><pre class="location">adam/adam_1.py, start pos: (52, 12), end pos: (52, 13)</pre></a><pre>operator: core/NumberReplacer, occurrence: 3</pre><div class="alert alert-secondary"><pre class="diff">--- mutation diff ---
--- aadam/adam_1.py
+++ badam/adam_1.py
@@ -49,7 +49,7 @@
 
 
 def unary_sub():
-    return -1
+    return - 0
 
 
 def unary_add():</pre></div><div class="alert alert-secondary"><pre class="diff">============================= test session starts ==============================
platform darwin -- Python 3.5.6, pytest-4.4.2, py-1.8.0, pluggy-0.11.0
rootdir: /private/var/folders/v6/1c70g62x2sb65cts_m6f7wdm0000gn/T/tmpk2ejhuni/repo
collected 21 items

tests/test_adam.py ..................F

=================================== FAILURES ===================================
_____________________________ Tests.test_unary_sub _____________________________

self = &lt;tests.test_adam.Tests testMethod=test_unary_sub&gt;

    def test_unary_sub(self):
&gt;       self.assertEqual(adam.adam_1.unary_sub(), -1)
E       AssertionError: 0 != -1

tests/test_adam.py:42: AssertionError
===================== 1 failed, 18 passed in 0.20 seconds ======================
</pre></div></div><div class="container work-item"><h4 class="job_id">31 : job ID 0096daaf8a4b4b81b7fc3056571cb741</h4><div role="alert" class="alert alert-success test-outcome"><p>worker outcome: normal</p><p>test outcome: killed</p></div><a href="pycharm://open?file=adam/adam_1.py&amp;line=56"><pre class="location">adam/adam_1.py, start pos: (56, 12), end pos: (56, 13)</pre></a><pre>operator: core/NumberReplacer, occurrence: 4</pre><div class="alert alert-secondary"><pre class="diff">--- mutation diff ---
--- aadam/adam_1.py
+++ badam/adam_1.py
@@ -53,7 +53,7 @@
 
 
 def unary_add():
-    return +1
+    return + 2
 
 
 def binary_add():</pre></div><div class="alert alert-secondary"><pre class="diff">============================= test session starts ==============================
platform darwin -- Python 3.5.6, pytest-4.4.2, py-1.8.0, pluggy-0.11.0
rootdir: /private/var/folders/v6/1c70g62x2sb65cts_m6f7wdm0000gn/T/tmp4nk1ea3t/repo
collected 21 items

tests/test_adam.py .................F

=================================== FAILURES ===================================
_____________________________ Tests.test_unary_add _____________________________

self = &lt;tests.test_adam.Tests testMethod=test_unary_add&gt;

    def test_unary_add(self):
&gt;       self.assertEqual(adam.adam_1.unary_add(), +1)
E       AssertionError: 2 != 1

tests/test_adam.py:45: AssertionError
===================== 1 failed, 17 passed in 0.25 seconds ======================
</pre></div></div><div class="container work-item"><h4 class="job_id">32 : job ID db61947ff9fc4a408c5f2c826d891d06</h4><div role="alert" class="alert alert-success test-outcome"><p>worker outcome: normal</p><p>test outcome: killed</p></div><a href="pycharm://open?file=adam/adam_1.py&amp;line=56"><pre class="location">adam/adam_1.py, start pos: (56, 12), end pos: (56, 13)</pre></a><pre>operator: core/NumberReplacer, occurrence: 5</pre><div class="alert alert-secondary"><pre class="diff">--- mutation diff ---
--- aadam/adam_1.py
+++ badam/adam_1.py
@@ -53,7 +53,7 @@
 
 
 def unary_add():
-    return +1
+    return + 0
 
 
 def binary_add():</pre></div><div class="alert alert-secondary"><pre class="diff">============================= test session starts ==============================
platform darwin -- Python 3.5.6, pytest-4.4.2, py-1.8.0, pluggy-0.11.0
rootdir: /private/var/folders/v6/1c70g62x2sb65cts_m6f7wdm0000gn/T/tmpulx82_xh/repo
collected 21 items

tests/test_adam.py .................F

=================================== FAILURES ===================================
_____________________________ Tests.test_unary_add _____________________________

self = &lt;tests.test_adam.Tests testMethod=test_unary_add&gt;

    def test_unary_add(self):
&gt;       self.assertEqual(adam.adam_1.unary_add(), +1)
E       AssertionError: 0 != 1

tests/test_adam.py:45: AssertionError
===================== 1 failed, 17 passed in 0.17 seconds ======================
</pre></div></div><div class="container work-item"><h4 class="job_id">33 : job ID c2fe834aba464dbb84061a3bd85341d8</h4><div role="alert" class="alert alert-success test-outcome"><p>worker outcome: normal</p><p>test outcome: killed</p></div><a href="pycharm://open?file=adam/adam_1.py&amp;line=60"><pre class="location">adam/adam_1.py, start pos: (60, 11), end pos: (60, 12)</pre></a><pre>operator: core/NumberReplacer, occurrence: 6</pre><div class="alert alert-secondary"><pre class="diff">--- mutation diff ---
--- aadam/adam_1.py
+++ badam/adam_1.py
@@ -57,7 +57,7 @@
 
 
 def binary_add():
-    return 5 + 6
+    return 6 + 6
 
 
 def equals(vals):</pre></div><div class="alert alert-secondary"><pre class="diff">============================= test session starts ==============================
platform darwin -- Python 3.5.6, pytest-4.4.2, py-1.8.0, pluggy-0.11.0
rootdir: /private/var/folders/v6/1c70g62x2sb65cts_m6f7wdm0000gn/T/tmpk2ejhuni/repo
collected 21 items

tests/test_adam.py .F

=================================== FAILURES ===================================
____________________________ Tests.test_binary_add _____________________________

self = &lt;tests.test_adam.Tests testMethod=test_binary_add&gt;

    def test_binary_add(self):
&gt;       self.assertEqual(adam.adam_1.binary_add(), 11)
E       AssertionError: 12 != 11

tests/test_adam.py:48: AssertionError
====================== 1 failed, 1 passed in 0.15 seconds ======================
</pre></div></div><div class="container work-item"><h4 class="job_id">34 : job ID 82ae102af8a149b4a7d2920ff0fba788</h4><div role="alert" class="alert alert-success test-outcome"><p>worker outcome: normal</p><p>test outcome: killed</p></div><a href="pycharm://open?file=adam/adam_1.py&amp;line=60"><pre class="location">adam/adam_1.py, start pos: (60, 11), end pos: (60, 12)</pre></a><pre>operator: core/NumberReplacer, occurrence: 7</pre><div class="alert alert-secondary"><pre class="diff">--- mutation diff ---
--- aadam/adam_1.py
+++ badam/adam_1.py
@@ -57,7 +57,7 @@
 
 
 def binary_add():
-    return 5 + 6
+    return 4 + 6
 
 
 def equals(vals):</pre></div><div class="alert alert-secondary"><pre class="diff">============================= test session starts ==============================
platform darwin -- Python 3.5.6, pytest-4.4.2, py-1.8.0, pluggy-0.11.0
rootdir: /private/var/folders/v6/1c70g62x2sb65cts_m6f7wdm0000gn/T/tmpzxj6gyay/repo
collected 21 items

tests/test_adam.py .F

=================================== FAILURES ===================================
____________________________ Tests.test_binary_add _____________________________

self = &lt;tests.test_adam.Tests testMethod=test_binary_add&gt;

    def test_binary_add(self):
&gt;       self.assertEqual(adam.adam_1.binary_add(), 11)
E       AssertionError: 10 != 11

tests/test_adam.py:48: AssertionError
====================== 1 failed, 1 passed in 0.13 seconds ======================
</pre></div></div><div class="container work-item"><h4 class="job_id">35 : job ID 23f7d29efd4f4e958515e24c224c03a9</h4><div role="alert" class="alert alert-success test-outcome"><p>worker outcome: normal</p><p>test outcome: killed</p></div><a href="pycharm://open?file=adam/adam_1.py&amp;line=60"><pre class="location">adam/adam_1.py, start pos: (60, 15), end pos: (60, 16)</pre></a><pre>operator: core/NumberReplacer, occurrence: 8</pre><div class="alert alert-secondary"><pre class="diff">--- mutation diff ---
--- aadam/adam_1.py
+++ badam/adam_1.py
@@ -57,7 +57,7 @@
 
 
 def binary_add():
-    return 5 + 6
+    return 5 + 7
 
 
 def equals(vals):</pre></div><div class="alert alert-secondary"><pre class="diff">============================= test session starts ==============================
platform darwin -- Python 3.5.6, pytest-4.4.2, py-1.8.0, pluggy-0.11.0
rootdir: /private/var/folders/v6/1c70g62x2sb65cts_m6f7wdm0000gn/T/tmp4nk1ea3t/repo
collected 21 items

tests/test_adam.py .F

=================================== FAILURES ===================================
____________________________ Tests.test_binary_add _____________________________

self = &lt;tests.test_adam.Tests testMethod=test_binary_add&gt;

    def test_binary_add(self):
&gt;       self.assertEqual(adam.adam_1.binary_add(), 11)
E       AssertionError: 12 != 11

tests/test_adam.py:48: AssertionError
====================== 1 failed, 1 passed in 0.12 seconds ======================
</pre></div></div><div class="container work-item"><h4 class="job_id">36 : job ID 591b25841f024852a6c7be58cdc0637e</h4><div role="alert" class="alert alert-success test-outcome"><p>worker outcome: normal</p><p>test outcome: killed</p></div><a href="pycharm://open?file=adam/adam_1.py&amp;line=60"><pre class="location">adam/adam_1.py, start pos: (60, 15), end pos: (60, 16)</pre></a><pre>operator: core/NumberReplacer, occurrence: 9</pre><div class="alert alert-secondary"><pre class="diff">--- mutation diff ---
--- aadam/adam_1.py
+++ badam/adam_1.py
@@ -57,7 +57,7 @@
 
 
 def binary_add():
-    return 5 + 6
+    return 5 + 5
 
 
 def equals(vals):</pre></div><div class="alert alert-secondary"><pre class="diff">============================= test session starts ==============================
platform darwin -- Python 3.5.6, pytest-4.4.2, py-1.8.0, pluggy-0.11.0
rootdir: /private/var/folders/v6/1c70g62x2sb65cts_m6f7wdm0000gn/T/tmpulx82_xh/repo
collected 21 items

tests/test_adam.py .F

=================================== FAILURES ===================================
____________________________ Tests.test_binary_add _____________________________

self = &lt;tests.test_adam.Tests testMethod=test_binary_add&gt;

    def test_binary_add(self):
&gt;       self.assertEqual(adam.adam_1.binary_add(), 11)
E       AssertionError: 10 != 11

tests/test_adam.py:48: AssertionError
====================== 1 failed, 1 passed in 0.15 seconds ======================
</pre></div></div><div class="container work-item"><h4 class="job_id">37 : job ID 3a6f7fe5526240c4a0fb797970c5648f</h4><div role="alert" class="alert alert-success test-outcome"><p>worker outcome: normal</p><p>test outcome: killed</p></div><a href="pycharm://open?file=adam/adam_1.py&amp;line=52"><pre class="location">adam/adam_1.py, start pos: (52, 11), end pos: (52, 12)</pre></a><pre>operator: core/ReplaceUnaryOperator_USub_UAdd, occurrence: 0</pre><div class="alert alert-secondary"><pre class="diff">--- mutation diff ---
--- aadam/adam_1.py
+++ badam/adam_1.py
@@ -49,7 +49,7 @@
 
 
 def unary_sub():
-    return -1
+    return +1
 
 
 def unary_add():</pre></div><div class="alert alert-secondary"><pre class="diff">============================= test session starts ==============================
platform darwin -- Python 3.5.6, pytest-4.4.2, py-1.8.0, pluggy-0.11.0
rootdir: /private/var/folders/v6/1c70g62x2sb65cts_m6f7wdm0000gn/T/tmpzxj6gyay/repo
collected 21 items

tests/test_adam.py ..................F

=================================== FAILURES ===================================
_____________________________ Tests.test_unary_sub _____________________________

self = &lt;tests.test_adam.Tests testMethod=test_unary_sub&gt;

    def test_unary_sub(self):
&gt;       self.assertEqual(adam.adam_1.unary_sub(), -1)
E       AssertionError: 1 != -1

tests/test_adam.py:42: AssertionError
===================== 1 failed, 18 passed in 0.23 seconds ======================
</pre></div></div><div class="container work-item"><h4 class="job_id">38 : job ID 96314e2c728e4cd7a1a6810450fffc24</h4><div role="alert" class="alert alert-success test-outcome"><p>worker outcome: normal</p><p>test outcome: killed</p></div><a href="pycharm://open?file=adam/adam_1.py&amp;line=60"><pre class="location">adam/adam_1.py, start pos: (60, 13), end pos: (60, 14)</pre></a><pre>operator: core/ReplaceBinaryOperator_Add_Mod, occurrence: 0</pre><div class="alert alert-secondary"><pre class="diff">--- mutation diff ---
--- aadam/adam_1.py
+++ badam/adam_1.py
@@ -57,7 +57,7 @@
 
 
 def binary_add():
-    return 5 + 6
+    return 5 % 6
 
 
 def equals(vals):</pre></div><div class="alert alert-secondary"><pre class="diff">============================= test session starts ==============================
platform darwin -- Python 3.5.6, pytest-4.4.2, py-1.8.0, pluggy-0.11.0
rootdir: /private/var/folders/v6/1c70g62x2sb65cts_m6f7wdm0000gn/T/tmpk2ejhuni/repo
collected 21 items

tests/test_adam.py .F

=================================== FAILURES ===================================
____________________________ Tests.test_binary_add _____________________________

self = &lt;tests.test_adam.Tests testMethod=test_binary_add&gt;

    def test_binary_add(self):
&gt;       self.assertEqual(adam.adam_1.binary_add(), 11)
E       AssertionError: 5 != 11

tests/test_adam.py:48: AssertionError
====================== 1 failed, 1 passed in 0.16 seconds ======================
</pre></div></div><div class="container work-item"><h4 class="job_id">39 : job ID ea2a9dcf589846fca6c3b5b6097d3b7d</h4><div role="alert" class="alert alert-success test-outcome"><p>worker outcome: normal</p><p>test outcome: killed</p></div><a href="pycharm://open?file=adam/adam_1.py&amp;line=72"><pre class="location">adam/adam_1.py, start pos: (72, 8), end pos: (72, 13)</pre></a><pre>operator: core/ReplaceBreakWithContinue, occurrence: 0</pre><div class="alert alert-secondary"><pre class="diff">--- mutation diff ---
--- aadam/adam_1.py
+++ badam/adam_1.py
@@ -69,7 +69,7 @@
 
 def use_break(limit):
     for x in range(limit):
-        break
+        continue
     return x
 
 </pre></div><div class="alert alert-secondary"><pre class="diff">============================= test session starts ==============================
platform darwin -- Python 3.5.6, pytest-4.4.2, py-1.8.0, pluggy-0.11.0
rootdir: /private/var/folders/v6/1c70g62x2sb65cts_m6f7wdm0000gn/T/tmp4nk1ea3t/repo
collected 21 items

tests/test_adam.py ......F

=================================== FAILURES ===================================
_________________________ Tests.test_break_to_continue _________________________

self = &lt;tests.test_adam.Tests testMethod=test_break_to_continue&gt;

    def test_break_to_continue(self):
&gt;       self.assertEqual(adam.adam_1.use_break(10), 0)
E       AssertionError: 9 != 0

tests/test_adam.py:56: AssertionError
====================== 1 failed, 6 passed in 0.13 seconds ======================
</pre></div></div><div class="container work-item"><h4 class="job_id">40 : job ID ee94b680a9474a42a7ee08ae71559494</h4><div role="alert" class="alert alert-success test-outcome"><p>worker outcome: normal</p><p>test outcome: killed</p></div><a href="pycharm://open?file=adam/adam_1.py&amp;line=36"><pre class="location">adam/adam_1.py, start pos: (36, 7), end pos: (36, 15)</pre></a><pre>operator: core/AddNot, occurrence: 0</pre><div class="alert alert-secondary"><pre class="diff">--- mutation diff ---
--- aadam/adam_1.py
+++ badam/adam_1.py
@@ -33,7 +33,7 @@
 
 
 def bool_if():
-    if object():
+    if not object():
         return True
 
     raise Exception("bool_if() failed")</pre></div><div class="alert alert-secondary"><pre class="diff">============================= test session starts ==============================
platform darwin -- Python 3.5.6, pytest-4.4.2, py-1.8.0, pluggy-0.11.0
rootdir: /private/var/folders/v6/1c70g62x2sb65cts_m6f7wdm0000gn/T/tmpulx82_xh/repo
collected 21 items

tests/test_adam.py ....F

=================================== FAILURES ===================================
______________________________ Tests.test_bool_if ______________________________

self = &lt;tests.test_adam.Tests testMethod=test_bool_if&gt;

    def test_bool_if(self):
&gt;       self.assertTrue(adam.adam_1.bool_if())

tests/test_adam.py:33: 
_ _ _ _ _ _ _ _ _ _ _ _ _ _ _ _ _ _ _ _ _ _ _ _ _ _ _ _ _ _ _ _ _ _ _ _ _ _ _ _ 

    def bool_if():
        if not object():
            return True
    
&gt;       raise Exception("bool_if() failed")
E       Exception: bool_if() failed

adam/adam_1.py:39: Exception
====================== 1 failed, 4 passed in 0.13 seconds ======================
</pre></div></div><div class="container work-item"><h4 class="job_id">41 : job ID 4481771a00d94fd49885c684750e9dd7</h4><div role="alert" class="alert alert-success test-outcome"><p>worker outcome: normal</p><p>test outcome: killed</p></div><a href="pycharm://open?file=adam/adam_1.py&amp;line=43"><pre class="location">adam/adam_1.py, start pos: (43, 19), end pos: (43, 27)</pre></a><pre>operator: core/AddNot, occurrence: 1</pre><div class="alert alert-secondary"><pre class="diff">--- mutation diff ---
--- aadam/adam_1.py
+++ badam/adam_1.py
@@ -40,7 +40,7 @@
 
 
 def if_expression():
-    return True if object() else None
+    return True if not object() else None
 
 
 def assert_in_func():</pre></div><div class="alert alert-secondary"><pre class="diff">============================= test session starts ==============================
platform darwin -- Python 3.5.6, pytest-4.4.2, py-1.8.0, pluggy-0.11.0
rootdir: /private/var/folders/v6/1c70g62x2sb65cts_m6f7wdm0000gn/T/tmpzxj6gyay/repo
collected 21 items

tests/test_adam.py ..............F

=================================== FAILURES ===================================
___________________________ Tests.test_if_expression ___________________________

self = &lt;tests.test_adam.Tests testMethod=test_if_expression&gt;

    def test_if_expression(self):
&gt;       self.assertTrue(adam.adam_1.if_expression())
E       AssertionError: None is not true

tests/test_adam.py:36: AssertionError
===================== 1 failed, 14 passed in 0.20 seconds ======================
</pre></div></div><div class="container work-item"><h4 class="job_id">42 : job ID e336fd7f496e4f7bb4159359ea1143ca</h4><div role="alert" class="alert alert-success test-outcome"><p>worker outcome: normal</p><p>test outcome: killed</p></div><a href="pycharm://open?file=adam/adam_1.py&amp;line=47"><pre class="location">adam/adam_1.py, start pos: (47, 11), end pos: (47, 19)</pre></a><pre>operator: core/AddNot, occurrence: 2</pre><div class="alert alert-secondary"><pre class="diff">--- mutation diff ---
--- aadam/adam_1.py
+++ badam/adam_1.py
@@ -44,7 +44,7 @@
 
 
 def assert_in_func():
-    assert object()
+    assert not object()
     return True
 
 </pre></div><div class="alert alert-secondary"><pre class="diff">============================= test session starts ==============================
platform darwin -- Python 3.5.6, pytest-4.4.2, py-1.8.0, pluggy-0.11.0
rootdir: /private/var/folders/v6/1c70g62x2sb65cts_m6f7wdm0000gn/T/tmpk2ejhuni/repo
collected 21 items

tests/test_adam.py F

=================================== FAILURES ===================================
__________________________ Tests.test_assert_in_func ___________________________

self = &lt;tests.test_adam.Tests testMethod=test_assert_in_func&gt;

    def test_assert_in_func(self):
&gt;       self.assertTrue(adam.adam_1.assert_in_func())

tests/test_adam.py:39: 
_ _ _ _ _ _ _ _ _ _ _ _ _ _ _ _ _ _ _ _ _ _ _ _ _ _ _ _ _ _ _ _ _ _ _ _ _ _ _ _ 

    def assert_in_func():
&gt;       assert not object()
E       AssertionError

adam/adam_1.py:47: AssertionError
=========================== 1 failed in 0.13 seconds ===========================
</pre></div></div><div class="container work-item"><h4 class="job_id">43 : job ID 02660d9906334279bb3c0484365b8d9d</h4><div role="alert" class="alert alert-success test-outcome"><p>worker outcome: normal</p><p>test outcome: killed</p></div><a href="pycharm://open?file=adam/adam_1.py&amp;line=60"><pre class="location">adam/adam_1.py, start pos: (60, 13), end pos: (60, 14)</pre></a><pre>operator: core/ReplaceBinaryOperator_Add_Pow, occurrence: 0</pre><div class="alert alert-secondary"><pre class="diff">--- mutation diff ---
--- aadam/adam_1.py
+++ badam/adam_1.py
@@ -57,7 +57,7 @@
 
 
 def binary_add():
-    return 5 + 6
+    return 5 ** 6
 
 
 def equals(vals):</pre></div><div class="alert alert-secondary"><pre class="diff">============================= test session starts ==============================
platform darwin -- Python 3.5.6, pytest-4.4.2, py-1.8.0, pluggy-0.11.0
rootdir: /private/var/folders/v6/1c70g62x2sb65cts_m6f7wdm0000gn/T/tmp4nk1ea3t/repo
collected 21 items

tests/test_adam.py .F

=================================== FAILURES ===================================
____________________________ Tests.test_binary_add _____________________________

self = &lt;tests.test_adam.Tests testMethod=test_binary_add&gt;

    def test_binary_add(self):
&gt;       self.assertEqual(adam.adam_1.binary_add(), 11)
E       AssertionError: 15625 != 11

tests/test_adam.py:48: AssertionError
====================== 1 failed, 1 passed in 0.16 seconds ======================
</pre></div></div><div class="container work-item"><h4 class="job_id">44 : job ID d8c2ad63b28542b8bf31e34435a116f7</h4><div role="alert" class="alert alert-success test-outcome"><p>worker outcome: normal</p><p>test outcome: killed</p></div><a href="pycharm://open?file=adam/adam_1.py&amp;line=65"><pre class="location">adam/adam_1.py, start pos: (65, 30), end pos: (65, 32)</pre></a><pre>operator: core/ReplaceComparisonOperator_Eq_GtE, occurrence: 0</pre><div class="alert alert-secondary"><pre class="diff">--- mutation diff ---
--- aadam/adam_1.py
+++ badam/adam_1.py
@@ -62,7 +62,7 @@
 
 def equals(vals):
     def constraint(x, y):
-        return operator.xor(x == y, x != y)
+        return operator.xor(x &gt;= y, x != y)
 
     return all([constraint(x, y) for x in vals for y in vals])
 </pre></div><div class="alert alert-secondary"><pre class="diff">============================= test session starts ==============================
platform darwin -- Python 3.5.6, pytest-4.4.2, py-1.8.0, pluggy-0.11.0
rootdir: /private/var/folders/v6/1c70g62x2sb65cts_m6f7wdm0000gn/T/tmpulx82_xh/repo
collected 21 items

tests/test_adam.py ............F

=================================== FAILURES ===================================
______________________________ Tests.test_equals _______________________________

self = &lt;tests.test_adam.Tests testMethod=test_equals&gt;

    def test_equals(self):
        vals = [uuid.uuid4(), uuid.uuid4()]
        vals.append(copy.copy(vals[0]))
&gt;       self.assertTrue(adam.adam_1.equals(vals))
E       AssertionError: False is not true

tests/test_adam.py:53: AssertionError
===================== 1 failed, 12 passed in 0.21 seconds ======================
</pre></div></div><div class="container work-item"><h4 class="job_id">45 : job ID a9930280e9934b509876f18915d98f92</h4><div role="alert" class="alert alert-success test-outcome"><p>worker outcome: normal</p><p>test outcome: killed</p></div><a href="pycharm://open?file=adam/adam_1.py&amp;line=65"><pre class="location">adam/adam_1.py, start pos: (65, 30), end pos: (65, 32)</pre></a><pre>operator: core/ReplaceComparisonOperator_Eq_Gt, occurrence: 0</pre><div class="alert alert-secondary"><pre class="diff">--- mutation diff ---
--- aadam/adam_1.py
+++ badam/adam_1.py
@@ -62,7 +62,7 @@
 
 def equals(vals):
     def constraint(x, y):
-        return operator.xor(x == y, x != y)
+        return operator.xor(x &gt; y, x != y)
 
     return all([constraint(x, y) for x in vals for y in vals])
 </pre></div><div class="alert alert-secondary"><pre class="diff">============================= test session starts ==============================
platform darwin -- Python 3.5.6, pytest-4.4.2, py-1.8.0, pluggy-0.11.0
rootdir: /private/var/folders/v6/1c70g62x2sb65cts_m6f7wdm0000gn/T/tmpk2ejhuni/repo
collected 21 items

tests/test_adam.py ............F

=================================== FAILURES ===================================
______________________________ Tests.test_equals _______________________________

self = &lt;tests.test_adam.Tests testMethod=test_equals&gt;

    def test_equals(self):
        vals = [uuid.uuid4(), uuid.uuid4()]
        vals.append(copy.copy(vals[0]))
&gt;       self.assertTrue(adam.adam_1.equals(vals))
E       AssertionError: False is not true

tests/test_adam.py:53: AssertionError
===================== 1 failed, 12 passed in 0.18 seconds ======================
</pre></div></div><div class="container work-item"><h4 class="job_id">46 : job ID 0f70c034069e4401ac6337a3d433b308</h4><div role="alert" class="alert alert-success test-outcome"><p>worker outcome: normal</p><p>test outcome: killed</p></div><a href="pycharm://open?file=adam/adam_1.py&amp;line=60"><pre class="location">adam/adam_1.py, start pos: (60, 13), end pos: (60, 14)</pre></a><pre>operator: core/ReplaceBinaryOperator_Add_Sub, occurrence: 0</pre><div class="alert alert-secondary"><pre class="diff">--- mutation diff ---
--- aadam/adam_1.py
+++ badam/adam_1.py
@@ -57,7 +57,7 @@
 
 
 def binary_add():
-    return 5 + 6
+    return 5 - 6
 
 
 def equals(vals):</pre></div><div class="alert alert-secondary"><pre class="diff">============================= test session starts ==============================
platform darwin -- Python 3.5.6, pytest-4.4.2, py-1.8.0, pluggy-0.11.0
rootdir: /private/var/folders/v6/1c70g62x2sb65cts_m6f7wdm0000gn/T/tmpzxj6gyay/repo
collected 21 items

tests/test_adam.py .F

=================================== FAILURES ===================================
____________________________ Tests.test_binary_add _____________________________

self = &lt;tests.test_adam.Tests testMethod=test_binary_add&gt;

    def test_binary_add(self):
&gt;       self.assertEqual(adam.adam_1.binary_add(), 11)
E       AssertionError: -1 != 11

tests/test_adam.py:48: AssertionError
====================== 1 failed, 1 passed in 0.10 seconds ======================
</pre></div></div><div class="container work-item"><h4 class="job_id">47 : job ID a532c846e576405997ca9da331169f44</h4><div role="alert" class="alert alert-success test-outcome"><p>worker outcome: normal</p><p>test outcome: killed</p></div><a href="pycharm://open?file=adam/adam_1.py&amp;line=60"><pre class="location">adam/adam_1.py, start pos: (60, 13), end pos: (60, 14)</pre></a><pre>operator: core/ReplaceBinaryOperator_Add_Div, occurrence: 0</pre><div class="alert alert-secondary"><pre class="diff">--- mutation diff ---
--- aadam/adam_1.py
+++ badam/adam_1.py
@@ -57,7 +57,7 @@
 
 
 def binary_add():
-    return 5 + 6
+    return 5 / 6
 
 
 def equals(vals):</pre></div><div class="alert alert-secondary"><pre class="diff">============================= test session starts ==============================
platform darwin -- Python 3.5.6, pytest-4.4.2, py-1.8.0, pluggy-0.11.0
rootdir: /private/var/folders/v6/1c70g62x2sb65cts_m6f7wdm0000gn/T/tmp4nk1ea3t/repo
collected 21 items

tests/test_adam.py .F

=================================== FAILURES ===================================
____________________________ Tests.test_binary_add _____________________________

self = &lt;tests.test_adam.Tests testMethod=test_binary_add&gt;

    def test_binary_add(self):
&gt;       self.assertEqual(adam.adam_1.binary_add(), 11)
E       AssertionError: 0.8333333333333334 != 11

tests/test_adam.py:48: AssertionError
====================== 1 failed, 1 passed in 0.11 seconds ======================
</pre></div></div><div class="container work-item"><h4 class="job_id">48 : job ID 1dacbd5d9b2547efb1be70413aacaac1</h4><div role="alert" class="alert alert-success test-outcome"><p>worker outcome: normal</p><p>test outcome: killed</p></div><a href="pycharm://open?file=adam/adam_1.py&amp;line=65"><pre class="location">adam/adam_1.py, start pos: (65, 30), end pos: (65, 32)</pre></a><pre>operator: core/ReplaceComparisonOperator_Eq_NotEq, occurrence: 0</pre><div class="alert alert-secondary"><pre class="diff">--- mutation diff ---
--- aadam/adam_1.py
+++ badam/adam_1.py
@@ -62,7 +62,7 @@
 
 def equals(vals):
     def constraint(x, y):
-        return operator.xor(x == y, x != y)
+        return operator.xor(x != y, x != y)
 
     return all([constraint(x, y) for x in vals for y in vals])
 </pre></div><div class="alert alert-secondary"><pre class="diff">============================= test session starts ==============================
platform darwin -- Python 3.5.6, pytest-4.4.2, py-1.8.0, pluggy-0.11.0
rootdir: /private/var/folders/v6/1c70g62x2sb65cts_m6f7wdm0000gn/T/tmpulx82_xh/repo
collected 21 items

tests/test_adam.py ............F

=================================== FAILURES ===================================
______________________________ Tests.test_equals _______________________________

self = &lt;tests.test_adam.Tests testMethod=test_equals&gt;

    def test_equals(self):
        vals = [uuid.uuid4(), uuid.uuid4()]
        vals.append(copy.copy(vals[0]))
&gt;       self.assertTrue(adam.adam_1.equals(vals))
E       AssertionError: False is not true

tests/test_adam.py:53: AssertionError
===================== 1 failed, 12 passed in 0.12 seconds ======================
</pre></div></div><div class="container work-item"><h4 class="job_id">49 : job ID f2b3b8cd89bd440f8c93ef0c180e346e</h4><div role="alert" class="alert alert-success test-outcome"><p>worker outcome: normal</p><p>test outcome: killed</p></div><a href="pycharm://open?file=adam/adam_1.py&amp;line=24"><pre class="location">adam/adam_1.py, start pos: (24, 20), end pos: (24, 23)</pre></a><pre>operator: core/ReplaceAndWithOr, occurrence: 0</pre><div class="alert alert-secondary"><pre class="diff">--- mutation diff ---
--- aadam/adam_1.py
+++ badam/adam_1.py
@@ -21,7 +21,7 @@
 
 
 def bool_and():
-    return object() and None
+    return object() or None
 
 
 def bool_or():</pre></div><div class="alert alert-secondary"><pre class="diff">============================= test session starts ==============================
platform darwin -- Python 3.5.6, pytest-4.4.2, py-1.8.0, pluggy-0.11.0
rootdir: /private/var/folders/v6/1c70g62x2sb65cts_m6f7wdm0000gn/T/tmpzxj6gyay/repo
collected 21 items

tests/test_adam.py ..F

=================================== FAILURES ===================================
_____________________________ Tests.test_bool_and ______________________________

self = &lt;tests.test_adam.Tests testMethod=test_bool_and&gt;

    def test_bool_and(self):
&gt;       self.assertFalse(adam.adam_1.bool_and())
E       AssertionError: &lt;object object at 0x10f6bd1d0&gt; is not false

tests/test_adam.py:24: AssertionError
====================== 1 failed, 2 passed in 0.12 seconds ======================
</pre></div></div><div class="container work-item"><h4 class="job_id">50 : job ID db60e4f8ecc845f6974900ed17f2d604</h4><div role="alert" class="alert alert-success test-outcome"><p>worker outcome: normal</p><p>test outcome: killed</p></div><a href="pycharm://open?file=adam/adam_1.py&amp;line=60"><pre class="location">adam/adam_1.py, start pos: (60, 13), end pos: (60, 14)</pre></a><pre>operator: core/ReplaceBinaryOperator_Add_BitOr, occurrence: 0</pre><div class="alert alert-secondary"><pre class="diff">--- mutation diff ---
--- aadam/adam_1.py
+++ badam/adam_1.py
@@ -57,7 +57,7 @@
 
 
 def binary_add():
-    return 5 + 6
+    return 5 | 6
 
 
 def equals(vals):</pre></div><div class="alert alert-secondary"><pre class="diff">============================= test session starts ==============================
platform darwin -- Python 3.5.6, pytest-4.4.2, py-1.8.0, pluggy-0.11.0
rootdir: /private/var/folders/v6/1c70g62x2sb65cts_m6f7wdm0000gn/T/tmpk2ejhuni/repo
collected 21 items

tests/test_adam.py .F

=================================== FAILURES ===================================
____________________________ Tests.test_binary_add _____________________________

self = &lt;tests.test_adam.Tests testMethod=test_binary_add&gt;

    def test_binary_add(self):
&gt;       self.assertEqual(adam.adam_1.binary_add(), 11)
E       AssertionError: 7 != 11

tests/test_adam.py:48: AssertionError
====================== 1 failed, 1 passed in 0.14 seconds ======================
</pre></div></div><div class="container work-item"><h4 class="job_id">51 : job ID 3d87550d182c4c249c84e59123c34264</h4><div role="alert" class="alert alert-success test-outcome"><p>worker outcome: normal</p><p>test outcome: killed</p></div><a href="pycharm://open?file=adam/adam_1.py&amp;line=56"><pre class="location">adam/adam_1.py, start pos: (56, 11), end pos: (56, 12)</pre></a><pre>operator: core/ReplaceUnaryOperator_UAdd_USub, occurrence: 0</pre><div class="alert alert-secondary"><pre class="diff">--- mutation diff ---
--- aadam/adam_1.py
+++ badam/adam_1.py
@@ -53,7 +53,7 @@
 
 
 def unary_add():
-    return +1
+    return -1
 
 
 def binary_add():</pre></div><div class="alert alert-secondary"><pre class="diff">============================= test session starts ==============================
platform darwin -- Python 3.5.6, pytest-4.4.2, py-1.8.0, pluggy-0.11.0
rootdir: /private/var/folders/v6/1c70g62x2sb65cts_m6f7wdm0000gn/T/tmp4nk1ea3t/repo
collected 21 items

tests/test_adam.py .................F

=================================== FAILURES ===================================
_____________________________ Tests.test_unary_add _____________________________

self = &lt;tests.test_adam.Tests testMethod=test_unary_add&gt;

    def test_unary_add(self):
&gt;       self.assertEqual(adam.adam_1.unary_add(), +1)
E       AssertionError: -1 != 1

tests/test_adam.py:45: AssertionError
===================== 1 failed, 17 passed in 0.13 seconds ======================
</pre></div></div><div class="container work-item"><h4 class="job_id">52 : job ID 91f9067c7f3446e9a5d29150ed4153e0</h4><div role="alert" class="alert alert-success test-outcome"><p>worker outcome: normal</p><p>test outcome: killed</p></div><a href="pycharm://open?file=adam/adam_1.py&amp;line=65"><pre class="location">adam/adam_1.py, start pos: (65, 38), end pos: (65, 40)</pre></a><pre>operator: core/ReplaceComparisonOperator_NotEq_GtE, occurrence: 0</pre><div class="alert alert-secondary"><pre class="diff">--- mutation diff ---
--- aadam/adam_1.py
+++ badam/adam_1.py
@@ -62,7 +62,7 @@
 
 def equals(vals):
     def constraint(x, y):
-        return operator.xor(x == y, x != y)
+        return operator.xor(x == y, x &gt;= y)
 
     return all([constraint(x, y) for x in vals for y in vals])
 </pre></div><div class="alert alert-secondary"><pre class="diff">============================= test session starts ==============================
platform darwin -- Python 3.5.6, pytest-4.4.2, py-1.8.0, pluggy-0.11.0
rootdir: /private/var/folders/v6/1c70g62x2sb65cts_m6f7wdm0000gn/T/tmpulx82_xh/repo
collected 21 items

tests/test_adam.py ............F

=================================== FAILURES ===================================
______________________________ Tests.test_equals _______________________________

self = &lt;tests.test_adam.Tests testMethod=test_equals&gt;

    def test_equals(self):
        vals = [uuid.uuid4(), uuid.uuid4()]
        vals.append(copy.copy(vals[0]))
&gt;       self.assertTrue(adam.adam_1.equals(vals))
E       AssertionError: False is not true

tests/test_adam.py:53: AssertionError
===================== 1 failed, 12 passed in 0.15 seconds ======================
</pre></div></div><div class="container work-item"><h4 class="job_id">53 : job ID e581f1426350407299065ef53bdf3da1</h4><div role="alert" class="alert alert-success test-outcome"><p>worker outcome: normal</p><p>test outcome: killed</p></div><a href="pycharm://open?file=adam/adam_1.py&amp;line=65"><pre class="location">adam/adam_1.py, start pos: (65, 38), end pos: (65, 40)</pre></a><pre>operator: core/ReplaceComparisonOperator_NotEq_LtE, occurrence: 0</pre><div class="alert alert-secondary"><pre class="diff">--- mutation diff ---
--- aadam/adam_1.py
+++ badam/adam_1.py
@@ -62,7 +62,7 @@
 
 def equals(vals):
     def constraint(x, y):
-        return operator.xor(x == y, x != y)
+        return operator.xor(x == y, x &lt;= y)
 
     return all([constraint(x, y) for x in vals for y in vals])
 </pre></div><div class="alert alert-secondary"><pre class="diff">============================= test session starts ==============================
platform darwin -- Python 3.5.6, pytest-4.4.2, py-1.8.0, pluggy-0.11.0
rootdir: /private/var/folders/v6/1c70g62x2sb65cts_m6f7wdm0000gn/T/tmpzxj6gyay/repo
collected 21 items

tests/test_adam.py ............F

=================================== FAILURES ===================================
______________________________ Tests.test_equals _______________________________

self = &lt;tests.test_adam.Tests testMethod=test_equals&gt;

    def test_equals(self):
        vals = [uuid.uuid4(), uuid.uuid4()]
        vals.append(copy.copy(vals[0]))
&gt;       self.assertTrue(adam.adam_1.equals(vals))
E       AssertionError: False is not true

tests/test_adam.py:53: AssertionError
===================== 1 failed, 12 passed in 0.13 seconds ======================
</pre></div></div><div class="container work-item"><h4 class="job_id">54 : job ID 45ca30e6ff1c4afbb53ffbcc067d48e1</h4><div role="alert" class="alert alert-success test-outcome"><p>worker outcome: normal</p><p>test outcome: killed</p></div><a href="pycharm://open?file=adam/adam_1.py&amp;line=71"><pre class="location">adam/adam_1.py, start pos: (71, 13), end pos: (71, 25)</pre></a><pre>operator: core/ZeroIterationForLoop, occurrence: 0</pre><div class="alert alert-secondary"><pre class="diff">--- mutation diff ---
--- aadam/adam_1.py
+++ badam/adam_1.py
@@ -68,7 +68,7 @@
 
 
 def use_break(limit):
-    for x in range(limit):
+    for x in []:
         break
     return x
 </pre></div><div class="alert alert-secondary"><pre class="diff">============================= test session starts ==============================
platform darwin -- Python 3.5.6, pytest-4.4.2, py-1.8.0, pluggy-0.11.0
rootdir: /private/var/folders/v6/1c70g62x2sb65cts_m6f7wdm0000gn/T/tmpk2ejhuni/repo
collected 21 items

tests/test_adam.py ......F

=================================== FAILURES ===================================
_________________________ Tests.test_break_to_continue _________________________

self = &lt;tests.test_adam.Tests testMethod=test_break_to_continue&gt;

    def test_break_to_continue(self):
&gt;       self.assertEqual(adam.adam_1.use_break(10), 0)

tests/test_adam.py:56: 
_ _ _ _ _ _ _ _ _ _ _ _ _ _ _ _ _ _ _ _ _ _ _ _ _ _ _ _ _ _ _ _ _ _ _ _ _ _ _ _ 

limit = 10

    def use_break(limit):
        for x in []:
            break
&gt;       return x
E       UnboundLocalError: local variable 'x' referenced before assignment

adam/adam_1.py:73: UnboundLocalError
====================== 1 failed, 6 passed in 0.19 seconds ======================
</pre></div></div><div class="container work-item"><h4 class="job_id">55 : job ID 3d9159878e98402083ed405f6adcb89c</h4><div role="alert" class="alert alert-success test-outcome"><p>worker outcome: normal</p><p>test outcome: killed</p></div><a href="pycharm://open?file=adam/adam_1.py&amp;line=77"><pre class="location">adam/adam_1.py, start pos: (77, 13), end pos: (77, 25)</pre></a><pre>operator: core/ZeroIterationForLoop, occurrence: 1</pre><div class="alert alert-secondary"><pre class="diff">--- mutation diff ---
--- aadam/adam_1.py
+++ badam/adam_1.py
@@ -74,7 +74,7 @@
 
 
 def use_continue(limit):
-    for x in range(limit):
+    for x in []:
         continue
     return x
 </pre></div><div class="alert alert-secondary"><pre class="diff">============================= test session starts ==============================
platform darwin -- Python 3.5.6, pytest-4.4.2, py-1.8.0, pluggy-0.11.0
rootdir: /private/var/folders/v6/1c70g62x2sb65cts_m6f7wdm0000gn/T/tmp4nk1ea3t/repo
collected 21 items

tests/test_adam.py ..........F

=================================== FAILURES ===================================
_________________________ Tests.test_continue_to_break _________________________

self = &lt;tests.test_adam.Tests testMethod=test_continue_to_break&gt;

    def test_continue_to_break(self):
&gt;       self.assertEqual(adam.adam_1.use_continue(10), 9)

tests/test_adam.py:59: 
_ _ _ _ _ _ _ _ _ _ _ _ _ _ _ _ _ _ _ _ _ _ _ _ _ _ _ _ _ _ _ _ _ _ _ _ _ _ _ _ 

limit = 10

    def use_continue(limit):
        for x in []:
            continue
&gt;       return x
E       UnboundLocalError: local variable 'x' referenced before assignment

adam/adam_1.py:79: UnboundLocalError
===================== 1 failed, 10 passed in 0.16 seconds ======================
</pre></div></div><div class="container work-item"><h4 class="job_id">56 : job ID da75bf9939bd4ccdbc48488b05e7a5a2</h4><div role="alert" class="alert alert-success test-outcome"><p>worker outcome: normal</p><p>test outcome: killed</p></div><a href="pycharm://open?file=adam/adam_1.py&amp;line=65"><pre class="location">adam/adam_1.py, start pos: (65, 30), end pos: (65, 32)</pre></a><pre>operator: core/ReplaceComparisonOperator_Eq_Lt, occurrence: 0</pre><div class="alert alert-secondary"><pre class="diff">--- mutation diff ---
--- aadam/adam_1.py
+++ badam/adam_1.py
@@ -62,7 +62,7 @@
 
 def equals(vals):
     def constraint(x, y):
-        return operator.xor(x == y, x != y)
+        return operator.xor(x &lt; y, x != y)
 
     return all([constraint(x, y) for x in vals for y in vals])
 </pre></div><div class="alert alert-secondary"><pre class="diff">============================= test session starts ==============================
platform darwin -- Python 3.5.6, pytest-4.4.2, py-1.8.0, pluggy-0.11.0
rootdir: /private/var/folders/v6/1c70g62x2sb65cts_m6f7wdm0000gn/T/tmpzxj6gyay/repo
collected 21 items

tests/test_adam.py ............F

=================================== FAILURES ===================================
______________________________ Tests.test_equals _______________________________

self = &lt;tests.test_adam.Tests testMethod=test_equals&gt;

    def test_equals(self):
        vals = [uuid.uuid4(), uuid.uuid4()]
        vals.append(copy.copy(vals[0]))
&gt;       self.assertTrue(adam.adam_1.equals(vals))
E       AssertionError: False is not true

tests/test_adam.py:53: AssertionError
===================== 1 failed, 12 passed in 0.12 seconds ======================
</pre></div></div><div class="container work-item"><h4 class="job_id">57 : job ID 21b6f5b0bb0b4ffab87936799061e141</h4><div role="alert" class="alert alert-success test-outcome"><p>worker outcome: normal</p><p>test outcome: killed</p></div><a href="pycharm://open?file=adam/adam_1.py&amp;line=60"><pre class="location">adam/adam_1.py, start pos: (60, 13), end pos: (60, 14)</pre></a><pre>operator: core/ReplaceBinaryOperator_Add_BitXor, occurrence: 0</pre><div class="alert alert-secondary"><pre class="diff">--- mutation diff ---
--- aadam/adam_1.py
+++ badam/adam_1.py
@@ -57,7 +57,7 @@
 
 
 def binary_add():
-    return 5 + 6
+    return 5 ^ 6
 
 
 def equals(vals):</pre></div><div class="alert alert-secondary"><pre class="diff">============================= test session starts ==============================
platform darwin -- Python 3.5.6, pytest-4.4.2, py-1.8.0, pluggy-0.11.0
rootdir: /private/var/folders/v6/1c70g62x2sb65cts_m6f7wdm0000gn/T/tmpulx82_xh/repo
collected 21 items

tests/test_adam.py .F

=================================== FAILURES ===================================
____________________________ Tests.test_binary_add _____________________________

self = &lt;tests.test_adam.Tests testMethod=test_binary_add&gt;

    def test_binary_add(self):
&gt;       self.assertEqual(adam.adam_1.binary_add(), 11)
E       AssertionError: 3 != 11

tests/test_adam.py:48: AssertionError
====================== 1 failed, 1 passed in 0.11 seconds ======================
</pre></div></div><div class="container work-item"><h4 class="job_id">58 : job ID 8b296fd78dee46dc91a6df20040ee66d</h4><div role="alert" class="alert alert-success test-outcome"><p>worker outcome: skipped</p><p>test outcome: None</p></div><a href="pycharm://open?file=adam/cli.py&amp;line=2"><pre class="location">adam/cli.py, start pos: (2, 12), end pos: (2, 14)</pre></a><pre>operator: core/ReplaceComparisonOperator_Eq_LtE, occurrence: 0</pre></div><div class="container work-item"><h4 class="job_id">59 : job ID efe89ee326a5421098995696a8affa7f</h4><div role="alert" class="alert alert-success test-outcome"><p>worker outcome: skipped</p><p>test outcome: None</p></div><a href="pycharm://open?file=adam/cli.py&amp;line=2"><pre class="location">adam/cli.py, start pos: (2, 12), end pos: (2, 14)</pre></a><pre>operator: core/ReplaceComparisonOperator_Eq_IsNot, occurrence: 0</pre></div><div class="container work-item"><h4 class="job_id">60 : job ID 6cb02ef8fdff4b5aa338e3b8081134b9</h4><div role="alert" class="alert alert-success test-outcome"><p>worker outcome: skipped</p><p>test outcome: None</p></div><a href="pycharm://open?file=adam/cli.py&amp;line=2"><pre class="location">adam/cli.py, start pos: (2, 12), end pos: (2, 14)</pre></a><pre>operator: core/ReplaceComparisonOperator_Eq_Is, occurrence: 0</pre></div><div class="container work-item"><h4 class="job_id">61 : job ID f0f5c058a6ce4c87bae18ae62115da8d</h4><div role="alert" class="alert alert-success test-outcome"><p>worker outcome: skipped</p><p>test outcome: None</p></div><a href="pycharm://open?file=adam/cli.py&amp;line=3"><pre class="location">adam/cli.py, start pos: (3, 8), end pos: (3, 9)</pre></a><pre>operator: core/NumberReplacer, occurrence: 0</pre></div><div class="container work-item"><h4 class="job_id">62 : job ID 0f47a2a4d3e74b349413b21b8688358a</h4><div role="alert" class="alert alert-success test-outcome"><p>worker outcome: skipped</p><p>test outcome: None</p></div><a href="pycharm://open?file=adam/cli.py&amp;line=3"><pre class="location">adam/cli.py, start pos: (3, 8), end pos: (3, 9)</pre></a><pre>operator: core/NumberReplacer, occurrence: 1</pre></div><div class="container work-item"><h4 class="job_id">63 : job ID 4c1172a9f48d49c2b46a716bd771f2b0</h4><div role="alert" class="alert alert-success test-outcome"><p>worker outcome: skipped</p><p>test outcome: None</p></div><a href="pycharm://open?file=adam/cli.py&amp;line=2"><pre class="location">adam/cli.py, start pos: (2, 3), end pos: (2, 25)</pre></a><pre>operator: core/AddNot, occurrence: 0</pre></div><div class="container work-item"><h4 class="job_id">64 : job ID ec1ac5899d224d67b7a13d11ea3e0d95</h4><div role="alert" class="alert alert-success test-outcome"><p>worker outcome: skipped</p><p>test outcome: None</p></div><a href="pycharm://open?file=adam/cli.py&amp;line=2"><pre class="location">adam/cli.py, start pos: (2, 12), end pos: (2, 14)</pre></a><pre>operator: core/ReplaceComparisonOperator_Eq_GtE, occurrence: 0</pre></div><div class="container work-item"><h4 class="job_id">65 : job ID 6ada057c87d049e0ad6069462155ac76</h4><div role="alert" class="alert alert-success test-outcome"><p>worker outcome: skipped</p><p>test outcome: None</p></div><a href="pycharm://open?file=adam/cli.py&amp;line=2"><pre class="location">adam/cli.py, start pos: (2, 12), end pos: (2, 14)</pre></a><pre>operator: core/ReplaceComparisonOperator_Eq_Gt, occurrence: 0</pre></div><div class="container work-item"><h4 class="job_id">66 : job ID 77a0996ff9f94b919ac7341c92ad0077</h4><div role="alert" class="alert alert-success test-outcome"><p>worker outcome: skipped</p><p>test outcome: None</p></div><a href="pycharm://open?file=adam/cli.py&amp;line=2"><pre class="location">adam/cli.py, start pos: (2, 12), end pos: (2, 14)</pre></a><pre>operator: core/ReplaceComparisonOperator_Eq_NotEq, occurrence: 0</pre></div><div class="container work-item"><h4 class="job_id">67 : job ID d403270fb0974dd58f4f76923ef2e70e</h4><div role="alert" class="alert alert-success test-outcome"><p>worker outcome: skipped</p><p>test outcome: None</p></div><a href="pycharm://open?file=adam/cli.py&amp;line=2"><pre class="location">adam/cli.py, start pos: (2, 12), end pos: (2, 14)</pre></a><pre>operator: core/ReplaceComparisonOperator_Eq_Lt, occurrence: 0</pre></div><div class="container work-item"><h4 class="job_id">68 : job ID a454f84e334c4f4d8fe22bb8da4eaf26</h4><div role="alert" class="alert alert-success test-outcome"><p>worker outcome: normal</p><p>test outcome: killed</p></div><a href="pycharm://open?file=adam/adam_2.py&amp;line=63"><pre class="location">adam/adam_2.py, start pos: (63, 31), end pos: (63, 32)</pre></a><pre>operator: core/ReplaceBinaryOperator_Mul_RShift, occurrence: 0</pre><div class="alert alert-secondary"><pre class="diff">--- mutation diff ---
--- aadam/adam_2.py
+++ badam/adam_2.py
@@ -60,7 +60,7 @@
 
 
 def use_ctypes(size):
-    array_type = ctypes.c_char * size
+    array_type = ctypes.c_char &gt;&gt; size
 
     chars_a = array_type(*(b"a" * size))
     chars_b = array_type(*(b"b" * size))</pre></div><div class="alert alert-secondary"><pre class="diff">============================= test session starts ==============================
platform darwin -- Python 3.5.6, pytest-4.4.2, py-1.8.0, pluggy-0.11.0
rootdir: /private/var/folders/v6/1c70g62x2sb65cts_m6f7wdm0000gn/T/tmpk2ejhuni/repo
collected 21 items

tests/test_adam.py ...................F

=================================== FAILURES ===================================
_____________________________ Tests.test_use_cffi ______________________________

self = &lt;tests.test_adam.Tests testMethod=test_use_cffi&gt;

    def test_use_cffi(self):
&gt;       assert adam.adam_2.use_ctypes(1000000) == b'b' * 1000000

tests/test_adam.py:74: 
_ _ _ _ _ _ _ _ _ _ _ _ _ _ _ _ _ _ _ _ _ _ _ _ _ _ _ _ _ _ _ _ _ _ _ _ _ _ _ _ 

size = 1000000

    def use_ctypes(size):
&gt;       array_type = ctypes.c_char &gt;&gt; size
E       TypeError: unsupported operand type(s) for &gt;&gt;: '_ctypes.PyCSimpleType' and 'int'

adam/adam_2.py:63: TypeError
===================== 1 failed, 19 passed in 0.28 seconds ======================
</pre></div></div><div class="container work-item"><h4 class="job_id">69 : job ID 1446d0a0f0a34a8a86a4d4a5fa9cdf89</h4><div role="alert" class="alert alert-success test-outcome"><p>worker outcome: normal</p><p>test outcome: killed</p></div><a href="pycharm://open?file=adam/adam_2.py&amp;line=65"><pre class="location">adam/adam_2.py, start pos: (65, 25), end pos: (65, 26)</pre></a><pre>operator: core/ReplaceBinaryOperator_Mul_RShift, occurrence: 1</pre><div class="alert alert-secondary"><pre class="diff">--- mutation diff ---
--- aadam/adam_2.py
+++ badam/adam_2.py
@@ -62,7 +62,7 @@
 def use_ctypes(size):
     array_type = ctypes.c_char * size
 
-    chars_a = array_type(*(b"a" * size))
+    chars_a = array_type(&gt;&gt;(b"a" * size))
     chars_b = array_type(*(b"b" * size))
 
     # This odd construct ensures that, under number mutation to increase number</pre></div><div class="alert alert-secondary"><pre class="diff">============================= test session starts ==============================
platform darwin -- Python 3.5.6, pytest-4.4.2, py-1.8.0, pluggy-0.11.0
rootdir: /private/var/folders/v6/1c70g62x2sb65cts_m6f7wdm0000gn/T/tmp4nk1ea3t/repo

==================================== ERRORS ====================================
_____________________ ERROR collecting tests/test_adam.py ______________________
/var/folders/v6/1c70g62x2sb65cts_m6f7wdm0000gn/T/tmp4nk1ea3t/venv/lib/python3.5/site-packages/_pytest/python.py:511: in _importtestmodule
    mod = self.fspath.pyimport(ensuresyspath=importmode)
/var/folders/v6/1c70g62x2sb65cts_m6f7wdm0000gn/T/tmp4nk1ea3t/venv/lib/python3.5/site-packages/py/_path/local.py:701: in pyimport
    __import__(modname)
&lt;frozen importlib._bootstrap&gt;:968: in _find_and_load
    ???
&lt;frozen importlib._bootstrap&gt;:957: in _find_and_load_unlocked
    ???
&lt;frozen importlib._bootstrap&gt;:664: in _load_unlocked
    ???
&lt;frozen importlib._bootstrap&gt;:634: in _load_backward_compatible
    ???
/var/folders/v6/1c70g62x2sb65cts_m6f7wdm0000gn/T/tmp4nk1ea3t/venv/lib/python3.5/site-packages/_pytest/assertion/rewrite.py:299: in load_module
    exec(co, mod.__dict__)
tests/test_adam.py:10: in &lt;module&gt;
    import adam.adam_2
E     File "/private/var/folders/v6/1c70g62x2sb65cts_m6f7wdm0000gn/T/tmp4nk1ea3t/repo/adam/adam_2.py", line 65
E       chars_a = array_type(&gt;&gt;(b"a" * size))
E                             ^
E   SyntaxError: invalid syntax
=========================== 1 error in 0.18 seconds ============================
</pre></div></div><div class="container work-item"><h4 class="job_id">70 : job ID 9ffba9c2366a49b9a7331e9319da4fb5</h4><div role="alert" class="alert alert-success test-outcome"><p>worker outcome: normal</p><p>test outcome: killed</p></div><a href="pycharm://open?file=adam/adam_2.py&amp;line=65"><pre class="location">adam/adam_2.py, start pos: (65, 32), end pos: (65, 33)</pre></a><pre>operator: core/ReplaceBinaryOperator_Mul_RShift, occurrence: 2</pre><div class="alert alert-secondary"><pre class="diff">--- mutation diff ---
--- aadam/adam_2.py
+++ badam/adam_2.py
@@ -62,7 +62,7 @@
 def use_ctypes(size):
     array_type = ctypes.c_char * size
 
-    chars_a = array_type(*(b"a" * size))
+    chars_a = array_type(*(b"a" &gt;&gt; size))
     chars_b = array_type(*(b"b" * size))
 
     # This odd construct ensures that, under number mutation to increase number</pre></div><div class="alert alert-secondary"><pre class="diff">============================= test session starts ==============================
platform darwin -- Python 3.5.6, pytest-4.4.2, py-1.8.0, pluggy-0.11.0
rootdir: /private/var/folders/v6/1c70g62x2sb65cts_m6f7wdm0000gn/T/tmpulx82_xh/repo
collected 21 items

tests/test_adam.py .F

=================================== FAILURES ===================================
____________________________ Tests.test_binary_add _____________________________

self = &lt;tests.test_adam.Tests testMethod=test_binary_add&gt;

    def test_binary_add(self):
&gt;       self.assertEqual(adam.adam_1.binary_add(), 11)
E       AssertionError: 3 != 11

tests/test_adam.py:48: AssertionError
====================== 1 failed, 1 passed in 0.10 seconds ======================
</pre></div></div><div class="container work-item"><h4 class="job_id">71 : job ID 859aefbf1b834a7fa57d1820162dce35</h4><div role="alert" class="alert alert-success test-outcome"><p>worker outcome: normal</p><p>test outcome: killed</p></div><a href="pycharm://open?file=adam/adam_2.py&amp;line=66"><pre class="location">adam/adam_2.py, start pos: (66, 25), end pos: (66, 26)</pre></a><pre>operator: core/ReplaceBinaryOperator_Mul_RShift, occurrence: 3</pre><div class="alert alert-secondary"><pre class="diff">--- mutation diff ---
--- aadam/adam_2.py
+++ badam/adam_2.py
@@ -63,7 +63,7 @@
     array_type = ctypes.c_char * size
 
     chars_a = array_type(*(b"a" * size))
-    chars_b = array_type(*(b"b" * size))
+    chars_b = array_type(&gt;&gt;(b"b" * size))
 
     # This odd construct ensures that, under number mutation to increase number
     # values, `size` varies by amounts big enough to trigger a segfault on the</pre></div><div class="alert alert-secondary"><pre class="diff">============================= test session starts ==============================
platform darwin -- Python 3.5.6, pytest-4.4.2, py-1.8.0, pluggy-0.11.0
rootdir: /private/var/folders/v6/1c70g62x2sb65cts_m6f7wdm0000gn/T/tmpzxj6gyay/repo

==================================== ERRORS ====================================
_____________________ ERROR collecting tests/test_adam.py ______________________
/var/folders/v6/1c70g62x2sb65cts_m6f7wdm0000gn/T/tmpzxj6gyay/venv/lib/python3.5/site-packages/_pytest/python.py:511: in _importtestmodule
    mod = self.fspath.pyimport(ensuresyspath=importmode)
/var/folders/v6/1c70g62x2sb65cts_m6f7wdm0000gn/T/tmpzxj6gyay/venv/lib/python3.5/site-packages/py/_path/local.py:701: in pyimport
    __import__(modname)
&lt;frozen importlib._bootstrap&gt;:968: in _find_and_load
    ???
&lt;frozen importlib._bootstrap&gt;:957: in _find_and_load_unlocked
    ???
&lt;frozen importlib._bootstrap&gt;:664: in _load_unlocked
    ???
&lt;frozen importlib._bootstrap&gt;:634: in _load_backward_compatible
    ???
/var/folders/v6/1c70g62x2sb65cts_m6f7wdm0000gn/T/tmpzxj6gyay/venv/lib/python3.5/site-packages/_pytest/assertion/rewrite.py:299: in load_module
    exec(co, mod.__dict__)
tests/test_adam.py:10: in &lt;module&gt;
    import adam.adam_2
E     File "/private/var/folders/v6/1c70g62x2sb65cts_m6f7wdm0000gn/T/tmpzxj6gyay/repo/adam/adam_2.py", line 66
E       chars_b = array_type(&gt;&gt;(b"b" * size))
E                             ^
E   SyntaxError: invalid syntax
=========================== 1 error in 0.23 seconds ============================
</pre></div></div><div class="container work-item"><h4 class="job_id">72 : job ID 4e22688deaf0455cb97e17cb14fa0e58</h4><div role="alert" class="alert alert-success test-outcome"><p>worker outcome: normal</p><p>test outcome: killed</p></div><a href="pycharm://open?file=adam/adam_2.py&amp;line=66"><pre class="location">adam/adam_2.py, start pos: (66, 32), end pos: (66, 33)</pre></a><pre>operator: core/ReplaceBinaryOperator_Mul_RShift, occurrence: 4</pre><div class="alert alert-secondary"><pre class="diff">--- mutation diff ---
--- aadam/adam_2.py
+++ badam/adam_2.py
@@ -63,7 +63,7 @@
     array_type = ctypes.c_char * size
 
     chars_a = array_type(*(b"a" * size))
-    chars_b = array_type(*(b"b" * size))
+    chars_b = array_type(*(b"b" &gt;&gt; size))
 
     # This odd construct ensures that, under number mutation to increase number
     # values, `size` varies by amounts big enough to trigger a segfault on the</pre></div><div class="alert alert-secondary"><pre class="diff">============================= test session starts ==============================
platform darwin -- Python 3.5.6, pytest-4.4.2, py-1.8.0, pluggy-0.11.0
rootdir: /private/var/folders/v6/1c70g62x2sb65cts_m6f7wdm0000gn/T/tmpk2ejhuni/repo
collected 21 items

tests/test_adam.py ...................F

=================================== FAILURES ===================================
_____________________________ Tests.test_use_cffi ______________________________

self = &lt;tests.test_adam.Tests testMethod=test_use_cffi&gt;

    def test_use_cffi(self):
&gt;       assert adam.adam_2.use_ctypes(1000000) == b'b' * 1000000

tests/test_adam.py:74: 
_ _ _ _ _ _ _ _ _ _ _ _ _ _ _ _ _ _ _ _ _ _ _ _ _ _ _ _ _ _ _ _ _ _ _ _ _ _ _ _ 

size = 1000000

    def use_ctypes(size):
&gt;       array_type = ctypes.c_char * size
E       TypeError: unsupported operand type(s) for &gt;&gt;: '_ctypes.PyCSimpleType' and 'int'

adam/adam_2.py:63: TypeError
===================== 1 failed, 19 passed in 0.25 seconds ======================
</pre></div></div><div class="container work-item"><h4 class="job_id">73 : job ID 06d69c73ef3044f4933ef6c8eac622de</h4><div role="alert" class="alert alert-success test-outcome"><p>worker outcome: normal</p><p>test outcome: killed</p></div><a href="pycharm://open?file=adam/adam_2.py&amp;line=53"><pre class="location">adam/adam_2.py, start pos: (53, 0), end pos: (54, 0)</pre></a><pre>operator: core/RemoveDecorator, occurrence: 0</pre><div class="alert alert-secondary"><pre class="diff">--- mutation diff ---
--- aadam/adam_2.py
+++ badam/adam_2.py
@@ -48,9 +48,6 @@
 def decorator(func):
     func.cosmic_ray = True
     return func
-
-
-@decorator
 def decorated_func():
     result = None
     if decorated_func.cosmic_ray:</pre></div><div class="alert alert-secondary"><pre class="diff">============================= test session starts ==============================
platform darwin -- Python 3.5.6, pytest-4.4.2, py-1.8.0, pluggy-0.11.0
rootdir: /private/var/folders/v6/1c70g62x2sb65cts_m6f7wdm0000gn/T/tmpulx82_xh/repo
collected 21 items

tests/test_adam.py .F

=================================== FAILURES ===================================
____________________________ Tests.test_binary_add _____________________________

self = &lt;tests.test_adam.Tests testMethod=test_binary_add&gt;

    def test_binary_add(self):
&gt;       self.assertEqual(adam.adam_1.binary_add(), 11)
E       AssertionError: 3 != 11

tests/test_adam.py:48: AssertionError
====================== 1 failed, 1 passed in 0.11 seconds ======================
</pre></div></div><div class="container work-item"><h4 class="job_id">74 : job ID e1e7f55e459a41cfb7273cb3202f0b8e</h4><div role="alert" class="alert alert-success test-outcome"><p>worker outcome: normal</p><p>test outcome: killed</p></div><a href="pycharm://open?file=adam/adam_2.py&amp;line=63"><pre class="location">adam/adam_2.py, start pos: (63, 31), end pos: (63, 32)</pre></a><pre>operator: core/ReplaceBinaryOperator_Mul_FloorDiv, occurrence: 0</pre><div class="alert alert-secondary"><pre class="diff">--- mutation diff ---
--- aadam/adam_2.py
+++ badam/adam_2.py
@@ -60,7 +60,7 @@
 
 
 def use_ctypes(size):
-    array_type = ctypes.c_char * size
+    array_type = ctypes.c_char // size
 
     chars_a = array_type(*(b"a" * size))
     chars_b = array_type(*(b"b" * size))</pre></div><div class="alert alert-secondary"><pre class="diff">============================= test session starts ==============================
platform darwin -- Python 3.5.6, pytest-4.4.2, py-1.8.0, pluggy-0.11.0
rootdir: /private/var/folders/v6/1c70g62x2sb65cts_m6f7wdm0000gn/T/tmpzxj6gyay/repo
collected 21 items

tests/test_adam.py ...................F

=================================== FAILURES ===================================
_____________________________ Tests.test_use_cffi ______________________________

self = &lt;tests.test_adam.Tests testMethod=test_use_cffi&gt;

    def test_use_cffi(self):
&gt;       assert adam.adam_2.use_ctypes(1000000) == b'b' * 1000000

tests/test_adam.py:74: 
_ _ _ _ _ _ _ _ _ _ _ _ _ _ _ _ _ _ _ _ _ _ _ _ _ _ _ _ _ _ _ _ _ _ _ _ _ _ _ _ 

size = 1000000

    def use_ctypes(size):
&gt;       array_type = ctypes.c_char // size
E       TypeError: unsupported operand type(s) for //: '_ctypes.PyCSimpleType' and 'int'

adam/adam_2.py:63: TypeError
===================== 1 failed, 19 passed in 0.21 seconds ======================
</pre></div></div><div class="container work-item"><h4 class="job_id">75 : job ID cded3e8362d1475093d33e5f7b145edc</h4><div role="alert" class="alert alert-success test-outcome"><p>worker outcome: normal</p><p>test outcome: killed</p></div><a href="pycharm://open?file=adam/adam_2.py&amp;line=65"><pre class="location">adam/adam_2.py, start pos: (65, 25), end pos: (65, 26)</pre></a><pre>operator: core/ReplaceBinaryOperator_Mul_FloorDiv, occurrence: 1</pre><div class="alert alert-secondary"><pre class="diff">--- mutation diff ---
--- aadam/adam_2.py
+++ badam/adam_2.py
@@ -62,7 +62,7 @@
 def use_ctypes(size):
     array_type = ctypes.c_char * size
 
-    chars_a = array_type(*(b"a" * size))
+    chars_a = array_type(//(b"a" * size))
     chars_b = array_type(*(b"b" * size))
 
     # This odd construct ensures that, under number mutation to increase number</pre></div><div class="alert alert-secondary"><pre class="diff">============================= test session starts ==============================
platform darwin -- Python 3.5.6, pytest-4.4.2, py-1.8.0, pluggy-0.11.0
rootdir: /private/var/folders/v6/1c70g62x2sb65cts_m6f7wdm0000gn/T/tmp4nk1ea3t/repo

==================================== ERRORS ====================================
_____________________ ERROR collecting tests/test_adam.py ______________________
/var/folders/v6/1c70g62x2sb65cts_m6f7wdm0000gn/T/tmp4nk1ea3t/venv/lib/python3.5/site-packages/_pytest/python.py:511: in _importtestmodule
    mod = self.fspath.pyimport(ensuresyspath=importmode)
/var/folders/v6/1c70g62x2sb65cts_m6f7wdm0000gn/T/tmp4nk1ea3t/venv/lib/python3.5/site-packages/py/_path/local.py:701: in pyimport
    __import__(modname)
&lt;frozen importlib._bootstrap&gt;:968: in _find_and_load
    ???
&lt;frozen importlib._bootstrap&gt;:957: in _find_and_load_unlocked
    ???
&lt;frozen importlib._bootstrap&gt;:664: in _load_unlocked
    ???
&lt;frozen importlib._bootstrap&gt;:634: in _load_backward_compatible
    ???
/var/folders/v6/1c70g62x2sb65cts_m6f7wdm0000gn/T/tmp4nk1ea3t/venv/lib/python3.5/site-packages/_pytest/assertion/rewrite.py:299: in load_module
    exec(co, mod.__dict__)
tests/test_adam.py:10: in &lt;module&gt;
    import adam.adam_2
E     File "/private/var/folders/v6/1c70g62x2sb65cts_m6f7wdm0000gn/T/tmp4nk1ea3t/repo/adam/adam_2.py", line 65
E       chars_a = array_type(//(b"a" * size))
E                             ^
E   SyntaxError: invalid syntax
=========================== 1 error in 0.27 seconds ============================
</pre></div></div><div class="container work-item"><h4 class="job_id">76 : job ID 6b22a2e3f53a41aa883be927c26a9ed4</h4><div role="alert" class="alert alert-success test-outcome"><p>worker outcome: normal</p><p>test outcome: killed</p></div><a href="pycharm://open?file=adam/adam_2.py&amp;line=65"><pre class="location">adam/adam_2.py, start pos: (65, 32), end pos: (65, 33)</pre></a><pre>operator: core/ReplaceBinaryOperator_Mul_FloorDiv, occurrence: 2</pre><div class="alert alert-secondary"><pre class="diff">--- mutation diff ---
--- aadam/adam_2.py
+++ badam/adam_2.py
@@ -62,7 +62,7 @@
 def use_ctypes(size):
     array_type = ctypes.c_char * size
 
-    chars_a = array_type(*(b"a" * size))
+    chars_a = array_type(*(b"a" // size))
     chars_b = array_type(*(b"b" * size))
 
     # This odd construct ensures that, under number mutation to increase number</pre></div><div class="alert alert-secondary"><pre class="diff">============================= test session starts ==============================
platform darwin -- Python 3.5.6, pytest-4.4.2, py-1.8.0, pluggy-0.11.0
rootdir: /private/var/folders/v6/1c70g62x2sb65cts_m6f7wdm0000gn/T/tmpk2ejhuni/repo
collected 21 items

tests/test_adam.py ...................F

=================================== FAILURES ===================================
_____________________________ Tests.test_use_cffi ______________________________

self = &lt;tests.test_adam.Tests testMethod=test_use_cffi&gt;

    def test_use_cffi(self):
&gt;       assert adam.adam_2.use_ctypes(1000000) == b'b' * 1000000

tests/test_adam.py:74: 
_ _ _ _ _ _ _ _ _ _ _ _ _ _ _ _ _ _ _ _ _ _ _ _ _ _ _ _ _ _ _ _ _ _ _ _ _ _ _ _ 

size = 1000000

    def use_ctypes(size):
        array_type = ctypes.c_char * size
    
&gt;       chars_a = array_type(*(b"a" // size))
E       TypeError: unsupported operand type(s) for //: 'bytes' and 'int'

adam/adam_2.py:65: TypeError
===================== 1 failed, 19 passed in 0.22 seconds ======================
</pre></div></div><div class="container work-item"><h4 class="job_id">77 : job ID f4fcb29a7c4a42e48039ba5353386da5</h4><div role="alert" class="alert alert-success test-outcome"><p>worker outcome: normal</p><p>test outcome: killed</p></div><a href="pycharm://open?file=adam/adam_2.py&amp;line=66"><pre class="location">adam/adam_2.py, start pos: (66, 25), end pos: (66, 26)</pre></a><pre>operator: core/ReplaceBinaryOperator_Mul_FloorDiv, occurrence: 3</pre><div class="alert alert-secondary"><pre class="diff">--- mutation diff ---
--- aadam/adam_2.py
+++ badam/adam_2.py
@@ -63,7 +63,7 @@
     array_type = ctypes.c_char * size
 
     chars_a = array_type(*(b"a" * size))
-    chars_b = array_type(*(b"b" * size))
+    chars_b = array_type(//(b"b" * size))
 
     # This odd construct ensures that, under number mutation to increase number
     # values, `size` varies by amounts big enough to trigger a segfault on the</pre></div><div class="alert alert-secondary"><pre class="diff">============================= test session starts ==============================
platform darwin -- Python 3.5.6, pytest-4.4.2, py-1.8.0, pluggy-0.11.0
rootdir: /private/var/folders/v6/1c70g62x2sb65cts_m6f7wdm0000gn/T/tmpulx82_xh/repo

==================================== ERRORS ====================================
_____________________ ERROR collecting tests/test_adam.py ______________________
/var/folders/v6/1c70g62x2sb65cts_m6f7wdm0000gn/T/tmpulx82_xh/venv/lib/python3.5/site-packages/_pytest/python.py:511: in _importtestmodule
    mod = self.fspath.pyimport(ensuresyspath=importmode)
/var/folders/v6/1c70g62x2sb65cts_m6f7wdm0000gn/T/tmpulx82_xh/venv/lib/python3.5/site-packages/py/_path/local.py:701: in pyimport
    __import__(modname)
&lt;frozen importlib._bootstrap&gt;:968: in _find_and_load
    ???
&lt;frozen importlib._bootstrap&gt;:957: in _find_and_load_unlocked
    ???
&lt;frozen importlib._bootstrap&gt;:664: in _load_unlocked
    ???
&lt;frozen importlib._bootstrap&gt;:634: in _load_backward_compatible
    ???
/var/folders/v6/1c70g62x2sb65cts_m6f7wdm0000gn/T/tmpulx82_xh/venv/lib/python3.5/site-packages/_pytest/assertion/rewrite.py:299: in load_module
    exec(co, mod.__dict__)
tests/test_adam.py:10: in &lt;module&gt;
    import adam.adam_2
E     File "/private/var/folders/v6/1c70g62x2sb65cts_m6f7wdm0000gn/T/tmpulx82_xh/repo/adam/adam_2.py", line 66
E       chars_b = array_type(//(b"b" * size))
E                             ^
E   SyntaxError: invalid syntax
=========================== 1 error in 0.23 seconds ============================
</pre></div></div><div class="container work-item"><h4 class="job_id">78 : job ID e419ccaba0844554947fa0cd537ed62d</h4><div role="alert" class="alert alert-success test-outcome"><p>worker outcome: normal</p><p>test outcome: killed</p></div><a href="pycharm://open?file=adam/adam_2.py&amp;line=66"><pre class="location">adam/adam_2.py, start pos: (66, 32), end pos: (66, 33)</pre></a><pre>operator: core/ReplaceBinaryOperator_Mul_FloorDiv, occurrence: 4</pre><div class="alert alert-secondary"><pre class="diff">--- mutation diff ---
--- aadam/adam_2.py
+++ badam/adam_2.py
@@ -63,7 +63,7 @@
     array_type = ctypes.c_char * size
 
     chars_a = array_type(*(b"a" * size))
-    chars_b = array_type(*(b"b" * size))
+    chars_b = array_type(*(b"b" // size))
 
     # This odd construct ensures that, under number mutation to increase number
     # values, `size` varies by amounts big enough to trigger a segfault on the</pre></div><div class="alert alert-secondary"><pre class="diff">============================= test session starts ==============================
platform darwin -- Python 3.5.6, pytest-4.4.2, py-1.8.0, pluggy-0.11.0
rootdir: /private/var/folders/v6/1c70g62x2sb65cts_m6f7wdm0000gn/T/tmpzxj6gyay/repo
collected 21 items

tests/test_adam.py ...................F

=================================== FAILURES ===================================
_____________________________ Tests.test_use_cffi ______________________________

self = &lt;tests.test_adam.Tests testMethod=test_use_cffi&gt;

    def test_use_cffi(self):
&gt;       assert adam.adam_2.use_ctypes(1000000) == b'b' * 1000000

tests/test_adam.py:74: 
_ _ _ _ _ _ _ _ _ _ _ _ _ _ _ _ _ _ _ _ _ _ _ _ _ _ _ _ _ _ _ _ _ _ _ _ _ _ _ _ 

size = 1000000

    def use_ctypes(size):
&gt;       array_type = ctypes.c_char * size
E       TypeError: unsupported operand type(s) for //: '_ctypes.PyCSimpleType' and 'int'

adam/adam_2.py:63: TypeError
===================== 1 failed, 19 passed in 0.21 seconds ======================
</pre></div></div><div class="container work-item"><h4 class="job_id">79 : job ID 0a51c7fff69942debed82652c284b5e3</h4><div role="alert" class="alert alert-success test-outcome"><p>worker outcome: normal</p><p>test outcome: killed</p></div><a href="pycharm://open?file=adam/adam_2.py&amp;line=33"><pre class="location">adam/adam_2.py, start pos: (33, 17), end pos: (33, 21)</pre></a><pre>operator: core/ReplaceTrueWithFalse, occurrence: 0</pre><div class="alert alert-secondary"><pre class="diff">--- mutation diff ---
--- aadam/adam_2.py
+++ badam/adam_2.py
@@ -30,7 +30,7 @@
     iterable = [object()]
 
     for i in iterable:  # pylint: disable=W0612
-        result = True
+        result = False
 
     return result
 </pre></div><div class="alert alert-secondary"><pre class="diff">============================= test session starts ==============================
platform darwin -- Python 3.5.6, pytest-4.4.2, py-1.8.0, pluggy-0.11.0
rootdir: /private/var/folders/v6/1c70g62x2sb65cts_m6f7wdm0000gn/T/tmp4nk1ea3t/repo
collected 21 items

tests/test_adam.py ...............F

=================================== FAILURES ===================================
_________________________ Tests.test_single_iteration __________________________

self = &lt;tests.test_adam.Tests testMethod=test_single_iteration&gt;

    def test_single_iteration(self):
&gt;       self.assertTrue(adam.adam_2.single_iteration())
E       AssertionError: False is not true

tests/test_adam.py:65: AssertionError
===================== 1 failed, 15 passed in 0.18 seconds ======================
</pre></div></div><div class="container work-item"><h4 class="job_id">80 : job ID 6f1772cdacd649e38c96ced5ed763b28</h4><div role="alert" class="alert alert-success test-outcome"><p>worker outcome: normal</p><p>test outcome: killed</p></div><a href="pycharm://open?file=adam/adam_2.py&amp;line=43"><pre class="location">adam/adam_2.py, start pos: (43, 17), end pos: (43, 21)</pre></a><pre>operator: core/ReplaceTrueWithFalse, occurrence: 1</pre><div class="alert alert-secondary"><pre class="diff">--- mutation diff ---
--- aadam/adam_2.py
+++ badam/adam_2.py
@@ -40,7 +40,7 @@
     try:
         raise IOError
     except IOError:
-        result = True
+        result = False
 
     return result
 </pre></div><div class="alert alert-secondary"><pre class="diff">============================= test session starts ==============================
platform darwin -- Python 3.5.6, pytest-4.4.2, py-1.8.0, pluggy-0.11.0
rootdir: /private/var/folders/v6/1c70g62x2sb65cts_m6f7wdm0000gn/T/tmpk2ejhuni/repo
collected 21 items

tests/test_adam.py .............F

=================================== FAILURES ===================================
_________________________ Tests.test_handle_exception __________________________

self = &lt;tests.test_adam.Tests testMethod=test_handle_exception&gt;

    def test_handle_exception(self):
&gt;       self.assertTrue(adam.adam_2.handle_exception())
E       AssertionError: False is not true

tests/test_adam.py:68: AssertionError
===================== 1 failed, 13 passed in 0.22 seconds ======================
</pre></div></div><div class="container work-item"><h4 class="job_id">81 : job ID 8d79abdb1328466287c49951463fd222</h4><div role="alert" class="alert alert-success test-outcome"><p>worker outcome: normal</p><p>test outcome: killed</p></div><a href="pycharm://open?file=adam/adam_2.py&amp;line=49"><pre class="location">adam/adam_2.py, start pos: (49, 22), end pos: (49, 26)</pre></a><pre>operator: core/ReplaceTrueWithFalse, occurrence: 2</pre><div class="alert alert-secondary"><pre class="diff">--- mutation diff ---
--- aadam/adam_2.py
+++ badam/adam_2.py
@@ -46,7 +46,7 @@
 
 
 def decorator(func):
-    func.cosmic_ray = True
+    func.cosmic_ray = False
     return func
 
 </pre></div><div class="alert alert-secondary"><pre class="diff">============================= test session starts ==============================
platform darwin -- Python 3.5.6, pytest-4.4.2, py-1.8.0, pluggy-0.11.0
rootdir: /private/var/folders/v6/1c70g62x2sb65cts_m6f7wdm0000gn/T/tmpulx82_xh/repo
collected 21 items

tests/test_adam.py .F

=================================== FAILURES ===================================
____________________________ Tests.test_binary_add _____________________________

self = &lt;tests.test_adam.Tests testMethod=test_binary_add&gt;

    def test_binary_add(self):
&gt;       self.assertEqual(adam.adam_1.binary_add(), 11)
E       AssertionError: 3 != 11

tests/test_adam.py:48: AssertionError
====================== 1 failed, 1 passed in 0.23 seconds ======================
</pre></div></div><div class="container work-item"><h4 class="job_id">82 : job ID 88a44db2da7247139f8525f1253c6528</h4><div role="alert" class="alert alert-success test-outcome"><p>worker outcome: normal</p><p>test outcome: killed</p></div><a href="pycharm://open?file=adam/adam_2.py&amp;line=57"><pre class="location">adam/adam_2.py, start pos: (57, 17), end pos: (57, 21)</pre></a><pre>operator: core/ReplaceTrueWithFalse, occurrence: 3</pre><div class="alert alert-secondary"><pre class="diff">--- mutation diff ---
--- aadam/adam_2.py
+++ badam/adam_2.py
@@ -54,7 +54,7 @@
 def decorated_func():
     result = None
     if decorated_func.cosmic_ray:
-        result = True
+        result = False
 
     return result
 </pre></div><div class="alert alert-secondary"><pre class="diff">============================= test session starts ==============================
platform darwin -- Python 3.5.6, pytest-4.4.2, py-1.8.0, pluggy-0.11.0
rootdir: /private/var/folders/v6/1c70g62x2sb65cts_m6f7wdm0000gn/T/tmp4nk1ea3t/repo
collected 21 items

tests/test_adam.py ...........F

=================================== FAILURES ===================================
_____________________________ Tests.test_decorator _____________________________

self = &lt;tests.test_adam.Tests testMethod=test_decorator&gt;

    def test_decorator(self):
&gt;       self.assertTrue(adam.adam_2.decorated_func())
E       AssertionError: False is not true

tests/test_adam.py:71: AssertionError
===================== 1 failed, 11 passed in 0.12 seconds ======================
</pre></div></div><div class="container work-item"><h4 class="job_id">83 : job ID d315856f71ad4a39b11d3035ee870138</h4><div role="alert" class="alert alert-success test-outcome"><p>worker outcome: normal</p><p>test outcome: killed</p></div><a href="pycharm://open?file=adam/adam_2.py&amp;line=63"><pre class="location">adam/adam_2.py, start pos: (63, 31), end pos: (63, 32)</pre></a><pre>operator: core/ReplaceBinaryOperator_Mul_Mod, occurrence: 0</pre><div class="alert alert-secondary"><pre class="diff">--- mutation diff ---
--- aadam/adam_2.py
+++ badam/adam_2.py
@@ -60,7 +60,7 @@
 
 
 def use_ctypes(size):
-    array_type = ctypes.c_char * size
+    array_type = ctypes.c_char % size
 
     chars_a = array_type(*(b"a" * size))
     chars_b = array_type(*(b"b" * size))</pre></div><div class="alert alert-secondary"><pre class="diff">============================= test session starts ==============================
platform darwin -- Python 3.5.6, pytest-4.4.2, py-1.8.0, pluggy-0.11.0
rootdir: /private/var/folders/v6/1c70g62x2sb65cts_m6f7wdm0000gn/T/tmpzxj6gyay/repo
collected 21 items

tests/test_adam.py ...................F

=================================== FAILURES ===================================
_____________________________ Tests.test_use_cffi ______________________________

self = &lt;tests.test_adam.Tests testMethod=test_use_cffi&gt;

    def test_use_cffi(self):
&gt;       assert adam.adam_2.use_ctypes(1000000) == b'b' * 1000000

tests/test_adam.py:74: 
_ _ _ _ _ _ _ _ _ _ _ _ _ _ _ _ _ _ _ _ _ _ _ _ _ _ _ _ _ _ _ _ _ _ _ _ _ _ _ _ 

size = 1000000

    def use_ctypes(size):
&gt;       array_type = ctypes.c_char % size
E       TypeError: unsupported operand type(s) for %: '_ctypes.PyCSimpleType' and 'int'

adam/adam_2.py:63: TypeError
===================== 1 failed, 19 passed in 0.17 seconds ======================
</pre></div></div><div class="container work-item"><h4 class="job_id">84 : job ID 7620e201ba3c48d4a57f78c6d9e71856</h4><div role="alert" class="alert alert-success test-outcome"><p>worker outcome: normal</p><p>test outcome: killed</p></div><a href="pycharm://open?file=adam/adam_2.py&amp;line=65"><pre class="location">adam/adam_2.py, start pos: (65, 25), end pos: (65, 26)</pre></a><pre>operator: core/ReplaceBinaryOperator_Mul_Mod, occurrence: 1</pre><div class="alert alert-secondary"><pre class="diff">--- mutation diff ---
--- aadam/adam_2.py
+++ badam/adam_2.py
@@ -62,7 +62,7 @@
 def use_ctypes(size):
     array_type = ctypes.c_char * size
 
-    chars_a = array_type(*(b"a" * size))
+    chars_a = array_type(%(b"a" * size))
     chars_b = array_type(*(b"b" * size))
 
     # This odd construct ensures that, under number mutation to increase number</pre></div><div class="alert alert-secondary"><pre class="diff">============================= test session starts ==============================
platform darwin -- Python 3.5.6, pytest-4.4.2, py-1.8.0, pluggy-0.11.0
rootdir: /private/var/folders/v6/1c70g62x2sb65cts_m6f7wdm0000gn/T/tmpk2ejhuni/repo

==================================== ERRORS ====================================
_____________________ ERROR collecting tests/test_adam.py ______________________
/var/folders/v6/1c70g62x2sb65cts_m6f7wdm0000gn/T/tmpk2ejhuni/venv/lib/python3.5/site-packages/_pytest/python.py:511: in _importtestmodule
    mod = self.fspath.pyimport(ensuresyspath=importmode)
/var/folders/v6/1c70g62x2sb65cts_m6f7wdm0000gn/T/tmpk2ejhuni/venv/lib/python3.5/site-packages/py/_path/local.py:701: in pyimport
    __import__(modname)
&lt;frozen importlib._bootstrap&gt;:968: in _find_and_load
    ???
&lt;frozen importlib._bootstrap&gt;:957: in _find_and_load_unlocked
    ???
&lt;frozen importlib._bootstrap&gt;:664: in _load_unlocked
    ???
&lt;frozen importlib._bootstrap&gt;:634: in _load_backward_compatible
    ???
/var/folders/v6/1c70g62x2sb65cts_m6f7wdm0000gn/T/tmpk2ejhuni/venv/lib/python3.5/site-packages/_pytest/assertion/rewrite.py:299: in load_module
    exec(co, mod.__dict__)
tests/test_adam.py:10: in &lt;module&gt;
    import adam.adam_2
E     File "/private/var/folders/v6/1c70g62x2sb65cts_m6f7wdm0000gn/T/tmpk2ejhuni/repo/adam/adam_2.py", line 65
E       chars_a = array_type(%(b"a" * size))
E                            ^
E   SyntaxError: invalid syntax
=========================== 1 error in 0.27 seconds ============================
</pre></div></div><div class="container work-item"><h4 class="job_id">85 : job ID 47cda36e745c4deaa6009047f4c9715e</h4><div role="alert" class="alert alert-success test-outcome"><p>worker outcome: normal</p><p>test outcome: killed</p></div><a href="pycharm://open?file=adam/adam_2.py&amp;line=65"><pre class="location">adam/adam_2.py, start pos: (65, 32), end pos: (65, 33)</pre></a><pre>operator: core/ReplaceBinaryOperator_Mul_Mod, occurrence: 2</pre><div class="alert alert-secondary"><pre class="diff">--- mutation diff ---
--- aadam/adam_2.py
+++ badam/adam_2.py
@@ -62,7 +62,7 @@
 def use_ctypes(size):
     array_type = ctypes.c_char * size
 
-    chars_a = array_type(*(b"a" * size))
+    chars_a = array_type(*(b"a" % size))
     chars_b = array_type(*(b"b" * size))
 
     # This odd construct ensures that, under number mutation to increase number</pre></div><div class="alert alert-secondary"><pre class="diff">============================= test session starts ==============================
platform darwin -- Python 3.5.6, pytest-4.4.2, py-1.8.0, pluggy-0.11.0
rootdir: /private/var/folders/v6/1c70g62x2sb65cts_m6f7wdm0000gn/T/tmpulx82_xh/repo
collected 21 items

tests/test_adam.py .F

=================================== FAILURES ===================================
____________________________ Tests.test_binary_add _____________________________

self = &lt;tests.test_adam.Tests testMethod=test_binary_add&gt;

    def test_binary_add(self):
&gt;       self.assertEqual(adam.adam_1.binary_add(), 11)
E       AssertionError: 3 != 11

tests/test_adam.py:48: AssertionError
====================== 1 failed, 1 passed in 0.11 seconds ======================
</pre></div></div><div class="container work-item"><h4 class="job_id">86 : job ID 610085fde3ab42bca34ddf58562ef137</h4><div role="alert" class="alert alert-success test-outcome"><p>worker outcome: normal</p><p>test outcome: killed</p></div><a href="pycharm://open?file=adam/adam_2.py&amp;line=66"><pre class="location">adam/adam_2.py, start pos: (66, 25), end pos: (66, 26)</pre></a><pre>operator: core/ReplaceBinaryOperator_Mul_Mod, occurrence: 3</pre><div class="alert alert-secondary"><pre class="diff">--- mutation diff ---
--- aadam/adam_2.py
+++ badam/adam_2.py
@@ -63,7 +63,7 @@
     array_type = ctypes.c_char * size
 
     chars_a = array_type(*(b"a" * size))
-    chars_b = array_type(*(b"b" * size))
+    chars_b = array_type(%(b"b" * size))
 
     # This odd construct ensures that, under number mutation to increase number
     # values, `size` varies by amounts big enough to trigger a segfault on the</pre></div><div class="alert alert-secondary"><pre class="diff">============================= test session starts ==============================
platform darwin -- Python 3.5.6, pytest-4.4.2, py-1.8.0, pluggy-0.11.0
rootdir: /private/var/folders/v6/1c70g62x2sb65cts_m6f7wdm0000gn/T/tmp4nk1ea3t/repo

==================================== ERRORS ====================================
_____________________ ERROR collecting tests/test_adam.py ______________________
/var/folders/v6/1c70g62x2sb65cts_m6f7wdm0000gn/T/tmp4nk1ea3t/venv/lib/python3.5/site-packages/_pytest/python.py:511: in _importtestmodule
    mod = self.fspath.pyimport(ensuresyspath=importmode)
/var/folders/v6/1c70g62x2sb65cts_m6f7wdm0000gn/T/tmp4nk1ea3t/venv/lib/python3.5/site-packages/py/_path/local.py:701: in pyimport
    __import__(modname)
&lt;frozen importlib._bootstrap&gt;:968: in _find_and_load
    ???
&lt;frozen importlib._bootstrap&gt;:957: in _find_and_load_unlocked
    ???
&lt;frozen importlib._bootstrap&gt;:664: in _load_unlocked
    ???
&lt;frozen importlib._bootstrap&gt;:634: in _load_backward_compatible
    ???
/var/folders/v6/1c70g62x2sb65cts_m6f7wdm0000gn/T/tmp4nk1ea3t/venv/lib/python3.5/site-packages/_pytest/assertion/rewrite.py:299: in load_module
    exec(co, mod.__dict__)
tests/test_adam.py:10: in &lt;module&gt;
    import adam.adam_2
E     File "/private/var/folders/v6/1c70g62x2sb65cts_m6f7wdm0000gn/T/tmp4nk1ea3t/repo/adam/adam_2.py", line 66
E       chars_b = array_type(%(b"b" * size))
E                            ^
E   SyntaxError: invalid syntax
=========================== 1 error in 0.28 seconds ============================
</pre></div></div><div class="container work-item"><h4 class="job_id">87 : job ID cff7aa6db5c6493384ec455afaed8efa</h4><div role="alert" class="alert alert-success test-outcome"><p>worker outcome: normal</p><p>test outcome: killed</p></div><a href="pycharm://open?file=adam/adam_2.py&amp;line=66"><pre class="location">adam/adam_2.py, start pos: (66, 32), end pos: (66, 33)</pre></a><pre>operator: core/ReplaceBinaryOperator_Mul_Mod, occurrence: 4</pre><div class="alert alert-secondary"><pre class="diff">--- mutation diff ---
--- aadam/adam_2.py
+++ badam/adam_2.py
@@ -63,7 +63,7 @@
     array_type = ctypes.c_char * size
 
     chars_a = array_type(*(b"a" * size))
-    chars_b = array_type(*(b"b" * size))
+    chars_b = array_type(*(b"b" % size))
 
     # This odd construct ensures that, under number mutation to increase number
     # values, `size` varies by amounts big enough to trigger a segfault on the</pre></div><div class="alert alert-secondary"><pre class="diff">============================= test session starts ==============================
platform darwin -- Python 3.5.6, pytest-4.4.2, py-1.8.0, pluggy-0.11.0
rootdir: /private/var/folders/v6/1c70g62x2sb65cts_m6f7wdm0000gn/T/tmpzxj6gyay/repo
collected 21 items

tests/test_adam.py ...................F

=================================== FAILURES ===================================
_____________________________ Tests.test_use_cffi ______________________________

self = &lt;tests.test_adam.Tests testMethod=test_use_cffi&gt;

    def test_use_cffi(self):
&gt;       assert adam.adam_2.use_ctypes(1000000) == b'b' * 1000000

tests/test_adam.py:74: 
_ _ _ _ _ _ _ _ _ _ _ _ _ _ _ _ _ _ _ _ _ _ _ _ _ _ _ _ _ _ _ _ _ _ _ _ _ _ _ _ 

size = 1000000

    def use_ctypes(size):
        array_type = ctypes.c_char * size
    
        chars_a = array_type(*(b"a" * size))
&gt;       chars_b = array_type(*(b"b" % size))
E       TypeError: not all arguments converted during bytes formatting

adam/adam_2.py:66: TypeError
===================== 1 failed, 19 passed in 0.50 seconds ======================
</pre></div></div><div class="container work-item"><h4 class="job_id">88 : job ID 665a5ef1cf904a98ac03865a7d5a9c51</h4><div role="alert" class="alert alert-success test-outcome"><p>worker outcome: normal</p><p>test outcome: killed</p></div><a href="pycharm://open?file=adam/adam_2.py&amp;line=63"><pre class="location">adam/adam_2.py, start pos: (63, 31), end pos: (63, 32)</pre></a><pre>operator: core/ReplaceBinaryOperator_Mul_Div, occurrence: 0</pre><div class="alert alert-secondary"><pre class="diff">--- mutation diff ---
--- aadam/adam_2.py
+++ badam/adam_2.py
@@ -60,7 +60,7 @@
 
 
 def use_ctypes(size):
-    array_type = ctypes.c_char * size
+    array_type = ctypes.c_char / size
 
     chars_a = array_type(*(b"a" * size))
     chars_b = array_type(*(b"b" * size))</pre></div><div class="alert alert-secondary"><pre class="diff">============================= test session starts ==============================
platform darwin -- Python 3.5.6, pytest-4.4.2, py-1.8.0, pluggy-0.11.0
rootdir: /private/var/folders/v6/1c70g62x2sb65cts_m6f7wdm0000gn/T/tmpk2ejhuni/repo
collected 21 items

tests/test_adam.py ...................F

=================================== FAILURES ===================================
_____________________________ Tests.test_use_cffi ______________________________

self = &lt;tests.test_adam.Tests testMethod=test_use_cffi&gt;

    def test_use_cffi(self):
&gt;       assert adam.adam_2.use_ctypes(1000000) == b'b' * 1000000

tests/test_adam.py:74: 
_ _ _ _ _ _ _ _ _ _ _ _ _ _ _ _ _ _ _ _ _ _ _ _ _ _ _ _ _ _ _ _ _ _ _ _ _ _ _ _ 

size = 1000000

    def use_ctypes(size):
&gt;       array_type = ctypes.c_char / size
E       TypeError: unsupported operand type(s) for /: '_ctypes.PyCSimpleType' and 'int'

adam/adam_2.py:63: TypeError
===================== 1 failed, 19 passed in 0.16 seconds ======================
</pre></div></div><div class="container work-item"><h4 class="job_id">89 : job ID 8a0d336d8fde4836ab46ea6a048c1768</h4><div role="alert" class="alert alert-success test-outcome"><p>worker outcome: normal</p><p>test outcome: killed</p></div><a href="pycharm://open?file=adam/adam_2.py&amp;line=65"><pre class="location">adam/adam_2.py, start pos: (65, 25), end pos: (65, 26)</pre></a><pre>operator: core/ReplaceBinaryOperator_Mul_Div, occurrence: 1</pre><div class="alert alert-secondary"><pre class="diff">--- mutation diff ---
--- aadam/adam_2.py
+++ badam/adam_2.py
@@ -62,7 +62,7 @@
 def use_ctypes(size):
     array_type = ctypes.c_char * size
 
-    chars_a = array_type(*(b"a" * size))
+    chars_a = array_type(/(b"a" * size))
     chars_b = array_type(*(b"b" * size))
 
     # This odd construct ensures that, under number mutation to increase number</pre></div><div class="alert alert-secondary"><pre class="diff">============================= test session starts ==============================
platform darwin -- Python 3.5.6, pytest-4.4.2, py-1.8.0, pluggy-0.11.0
rootdir: /private/var/folders/v6/1c70g62x2sb65cts_m6f7wdm0000gn/T/tmpulx82_xh/repo

==================================== ERRORS ====================================
_____________________ ERROR collecting tests/test_adam.py ______________________
/var/folders/v6/1c70g62x2sb65cts_m6f7wdm0000gn/T/tmpulx82_xh/venv/lib/python3.5/site-packages/_pytest/python.py:511: in _importtestmodule
    mod = self.fspath.pyimport(ensuresyspath=importmode)
/var/folders/v6/1c70g62x2sb65cts_m6f7wdm0000gn/T/tmpulx82_xh/venv/lib/python3.5/site-packages/py/_path/local.py:701: in pyimport
    __import__(modname)
&lt;frozen importlib._bootstrap&gt;:968: in _find_and_load
    ???
&lt;frozen importlib._bootstrap&gt;:957: in _find_and_load_unlocked
    ???
&lt;frozen importlib._bootstrap&gt;:664: in _load_unlocked
    ???
&lt;frozen importlib._bootstrap&gt;:634: in _load_backward_compatible
    ???
/var/folders/v6/1c70g62x2sb65cts_m6f7wdm0000gn/T/tmpulx82_xh/venv/lib/python3.5/site-packages/_pytest/assertion/rewrite.py:299: in load_module
    exec(co, mod.__dict__)
tests/test_adam.py:10: in &lt;module&gt;
    import adam.adam_2
E     File "/private/var/folders/v6/1c70g62x2sb65cts_m6f7wdm0000gn/T/tmpulx82_xh/repo/adam/adam_2.py", line 65
E       chars_a = array_type(/(b"a" * size))
E                            ^
E   SyntaxError: invalid syntax
=========================== 1 error in 0.24 seconds ============================
</pre></div></div><div class="container work-item"><h4 class="job_id">90 : job ID de49a3ead031414f991bf6c6c036bc54</h4><div role="alert" class="alert alert-success test-outcome"><p>worker outcome: normal</p><p>test outcome: killed</p></div><a href="pycharm://open?file=adam/adam_2.py&amp;line=65"><pre class="location">adam/adam_2.py, start pos: (65, 32), end pos: (65, 33)</pre></a><pre>operator: core/ReplaceBinaryOperator_Mul_Div, occurrence: 2</pre><div class="alert alert-secondary"><pre class="diff">--- mutation diff ---
--- aadam/adam_2.py
+++ badam/adam_2.py
@@ -62,7 +62,7 @@
 def use_ctypes(size):
     array_type = ctypes.c_char * size
 
-    chars_a = array_type(*(b"a" * size))
+    chars_a = array_type(*(b"a" / size))
     chars_b = array_type(*(b"b" * size))
 
     # This odd construct ensures that, under number mutation to increase number</pre></div><div class="alert alert-secondary"><pre class="diff">============================= test session starts ==============================
platform darwin -- Python 3.5.6, pytest-4.4.2, py-1.8.0, pluggy-0.11.0
rootdir: /private/var/folders/v6/1c70g62x2sb65cts_m6f7wdm0000gn/T/tmp4nk1ea3t/repo
collected 21 items

tests/test_adam.py ...................F

=================================== FAILURES ===================================
_____________________________ Tests.test_use_cffi ______________________________

self = &lt;tests.test_adam.Tests testMethod=test_use_cffi&gt;

    def test_use_cffi(self):
&gt;       assert adam.adam_2.use_ctypes(1000000) == b'b' * 1000000

tests/test_adam.py:74: 
_ _ _ _ _ _ _ _ _ _ _ _ _ _ _ _ _ _ _ _ _ _ _ _ _ _ _ _ _ _ _ _ _ _ _ _ _ _ _ _ 

size = 1000000

    def use_ctypes(size):
        array_type = ctypes.c_char * size
    
&gt;       chars_a = array_type(*(b"a" / size))
E       TypeError: unsupported operand type(s) for /: 'bytes' and 'int'

adam/adam_2.py:65: TypeError
===================== 1 failed, 19 passed in 0.20 seconds ======================
</pre></div></div><div class="container work-item"><h4 class="job_id">91 : job ID ed713ed89aa54cbd885da65c9abc43af</h4><div role="alert" class="alert alert-success test-outcome"><p>worker outcome: normal</p><p>test outcome: killed</p></div><a href="pycharm://open?file=adam/adam_2.py&amp;line=66"><pre class="location">adam/adam_2.py, start pos: (66, 25), end pos: (66, 26)</pre></a><pre>operator: core/ReplaceBinaryOperator_Mul_Div, occurrence: 3</pre><div class="alert alert-secondary"><pre class="diff">--- mutation diff ---
--- aadam/adam_2.py
+++ badam/adam_2.py
@@ -63,7 +63,7 @@
     array_type = ctypes.c_char * size
 
     chars_a = array_type(*(b"a" * size))
-    chars_b = array_type(*(b"b" * size))
+    chars_b = array_type(/(b"b" * size))
 
     # This odd construct ensures that, under number mutation to increase number
     # values, `size` varies by amounts big enough to trigger a segfault on the</pre></div><div class="alert alert-secondary"><pre class="diff">============================= test session starts ==============================
platform darwin -- Python 3.5.6, pytest-4.4.2, py-1.8.0, pluggy-0.11.0
rootdir: /private/var/folders/v6/1c70g62x2sb65cts_m6f7wdm0000gn/T/tmpk2ejhuni/repo
collected 21 items

tests/test_adam.py ...................F

=================================== FAILURES ===================================
_____________________________ Tests.test_use_cffi ______________________________

self = &lt;tests.test_adam.Tests testMethod=test_use_cffi&gt;

    def test_use_cffi(self):
&gt;       assert adam.adam_2.use_ctypes(1000000) == b'b' * 1000000

tests/test_adam.py:74: 
_ _ _ _ _ _ _ _ _ _ _ _ _ _ _ _ _ _ _ _ _ _ _ _ _ _ _ _ _ _ _ _ _ _ _ _ _ _ _ _ 

size = 1000000

    def use_ctypes(size):
&gt;       array_type = ctypes.c_char * size
E       TypeError: unsupported operand type(s) for /: '_ctypes.PyCSimpleType' and 'int'

adam/adam_2.py:63: TypeError
===================== 1 failed, 19 passed in 0.21 seconds ======================
</pre></div></div><div class="container work-item"><h4 class="job_id">92 : job ID 5c17b5396974450684922896ed687df7</h4><div role="alert" class="alert alert-success test-outcome"><p>worker outcome: normal</p><p>test outcome: killed</p></div><a href="pycharm://open?file=adam/adam_2.py&amp;line=66"><pre class="location">adam/adam_2.py, start pos: (66, 32), end pos: (66, 33)</pre></a><pre>operator: core/ReplaceBinaryOperator_Mul_Div, occurrence: 4</pre><div class="alert alert-secondary"><pre class="diff">--- mutation diff ---
--- aadam/adam_2.py
+++ badam/adam_2.py
@@ -63,7 +63,7 @@
     array_type = ctypes.c_char * size
 
     chars_a = array_type(*(b"a" * size))
-    chars_b = array_type(*(b"b" * size))
+    chars_b = array_type(*(b"b" / size))
 
     # This odd construct ensures that, under number mutation to increase number
     # values, `size` varies by amounts big enough to trigger a segfault on the</pre></div><div class="alert alert-secondary"><pre class="diff">============================= test session starts ==============================
platform darwin -- Python 3.5.6, pytest-4.4.2, py-1.8.0, pluggy-0.11.0
rootdir: /private/var/folders/v6/1c70g62x2sb65cts_m6f7wdm0000gn/T/tmpzxj6gyay/repo
collected 21 items

tests/test_adam.py ...................F

=================================== FAILURES ===================================
_____________________________ Tests.test_use_cffi ______________________________

self = &lt;tests.test_adam.Tests testMethod=test_use_cffi&gt;

    def test_use_cffi(self):
&gt;       assert adam.adam_2.use_ctypes(1000000) == b'b' * 1000000

tests/test_adam.py:74: 
_ _ _ _ _ _ _ _ _ _ _ _ _ _ _ _ _ _ _ _ _ _ _ _ _ _ _ _ _ _ _ _ _ _ _ _ _ _ _ _ 

size = 1000000

    def use_ctypes(size):
        array_type = ctypes.c_char * size
    
        chars_a = array_type(*(b"a" * size))
&gt;       chars_b = array_type(*(b"b" / size))
E       TypeError: not all arguments converted during bytes formatting

adam/adam_2.py:66: TypeError
===================== 1 failed, 19 passed in 0.54 seconds ======================
</pre></div></div><div class="container work-item"><h4 class="job_id">93 : job ID 0cc1d61762c842e1b76aafa966fcccd8</h4><div role="alert" class="alert alert-success test-outcome"><p>worker outcome: normal</p><p>test outcome: killed</p></div><a href="pycharm://open?file=adam/adam_2.py&amp;line=63"><pre class="location">adam/adam_2.py, start pos: (63, 31), end pos: (63, 32)</pre></a><pre>operator: core/ReplaceBinaryOperator_Mul_BitOr, occurrence: 0</pre><div class="alert alert-secondary"><pre class="diff">--- mutation diff ---
--- aadam/adam_2.py
+++ badam/adam_2.py
@@ -60,7 +60,7 @@
 
 
 def use_ctypes(size):
-    array_type = ctypes.c_char * size
+    array_type = ctypes.c_char | size
 
     chars_a = array_type(*(b"a" * size))
     chars_b = array_type(*(b"b" * size))</pre></div><div class="alert alert-secondary"><pre class="diff">============================= test session starts ==============================
platform darwin -- Python 3.5.6, pytest-4.4.2, py-1.8.0, pluggy-0.11.0
rootdir: /private/var/folders/v6/1c70g62x2sb65cts_m6f7wdm0000gn/T/tmpulx82_xh/repo
collected 21 items

tests/test_adam.py .F

=================================== FAILURES ===================================
____________________________ Tests.test_binary_add _____________________________

self = &lt;tests.test_adam.Tests testMethod=test_binary_add&gt;

    def test_binary_add(self):
&gt;       self.assertEqual(adam.adam_1.binary_add(), 11)
E       AssertionError: 3 != 11

tests/test_adam.py:48: AssertionError
====================== 1 failed, 1 passed in 0.10 seconds ======================
</pre></div></div><div class="container work-item"><h4 class="job_id">94 : job ID 7312e5a69f5242b6b0ead87c73623d26</h4><div role="alert" class="alert alert-success test-outcome"><p>worker outcome: normal</p><p>test outcome: killed</p></div><a href="pycharm://open?file=adam/adam_2.py&amp;line=65"><pre class="location">adam/adam_2.py, start pos: (65, 25), end pos: (65, 26)</pre></a><pre>operator: core/ReplaceBinaryOperator_Mul_BitOr, occurrence: 1</pre><div class="alert alert-secondary"><pre class="diff">--- mutation diff ---
--- aadam/adam_2.py
+++ badam/adam_2.py
@@ -62,7 +62,7 @@
 def use_ctypes(size):
     array_type = ctypes.c_char * size
 
-    chars_a = array_type(*(b"a" * size))
+    chars_a = array_type(|(b"a" * size))
     chars_b = array_type(*(b"b" * size))
 
     # This odd construct ensures that, under number mutation to increase number</pre></div><div class="alert alert-secondary"><pre class="diff">============================= test session starts ==============================
platform darwin -- Python 3.5.6, pytest-4.4.2, py-1.8.0, pluggy-0.11.0
rootdir: /private/var/folders/v6/1c70g62x2sb65cts_m6f7wdm0000gn/T/tmp4nk1ea3t/repo

==================================== ERRORS ====================================
_____________________ ERROR collecting tests/test_adam.py ______________________
/var/folders/v6/1c70g62x2sb65cts_m6f7wdm0000gn/T/tmp4nk1ea3t/venv/lib/python3.5/site-packages/_pytest/python.py:511: in _importtestmodule
    mod = self.fspath.pyimport(ensuresyspath=importmode)
/var/folders/v6/1c70g62x2sb65cts_m6f7wdm0000gn/T/tmp4nk1ea3t/venv/lib/python3.5/site-packages/py/_path/local.py:701: in pyimport
    __import__(modname)
&lt;frozen importlib._bootstrap&gt;:968: in _find_and_load
    ???
&lt;frozen importlib._bootstrap&gt;:957: in _find_and_load_unlocked
    ???
&lt;frozen importlib._bootstrap&gt;:664: in _load_unlocked
    ???
&lt;frozen importlib._bootstrap&gt;:634: in _load_backward_compatible
    ???
/var/folders/v6/1c70g62x2sb65cts_m6f7wdm0000gn/T/tmp4nk1ea3t/venv/lib/python3.5/site-packages/_pytest/assertion/rewrite.py:299: in load_module
    exec(co, mod.__dict__)
tests/test_adam.py:10: in &lt;module&gt;
    import adam.adam_2
E     File "/private/var/folders/v6/1c70g62x2sb65cts_m6f7wdm0000gn/T/tmp4nk1ea3t/repo/adam/adam_2.py", line 65
E       chars_a = array_type(|(b"a" * size))
E                            ^
E   SyntaxError: invalid syntax
=========================== 1 error in 0.21 seconds ============================
</pre></div></div><div class="container work-item"><h4 class="job_id">95 : job ID 3b937ee9a08049c7ba8927355a5acafd</h4><div role="alert" class="alert alert-success test-outcome"><p>worker outcome: normal</p><p>test outcome: killed</p></div><a href="pycharm://open?file=adam/adam_2.py&amp;line=65"><pre class="location">adam/adam_2.py, start pos: (65, 32), end pos: (65, 33)</pre></a><pre>operator: core/ReplaceBinaryOperator_Mul_BitOr, occurrence: 2</pre><div class="alert alert-secondary"><pre class="diff">--- mutation diff ---
--- aadam/adam_2.py
+++ badam/adam_2.py
@@ -62,7 +62,7 @@
 def use_ctypes(size):
     array_type = ctypes.c_char * size
 
-    chars_a = array_type(*(b"a" * size))
+    chars_a = array_type(*(b"a" | size))
     chars_b = array_type(*(b"b" * size))
 
     # This odd construct ensures that, under number mutation to increase number</pre></div><div class="alert alert-secondary"><pre class="diff">============================= test session starts ==============================
platform darwin -- Python 3.5.6, pytest-4.4.2, py-1.8.0, pluggy-0.11.0
rootdir: /private/var/folders/v6/1c70g62x2sb65cts_m6f7wdm0000gn/T/tmpk2ejhuni/repo
collected 21 items

tests/test_adam.py ...................F

=================================== FAILURES ===================================
_____________________________ Tests.test_use_cffi ______________________________

self = &lt;tests.test_adam.Tests testMethod=test_use_cffi&gt;

    def test_use_cffi(self):
&gt;       assert adam.adam_2.use_ctypes(1000000) == b'b' * 1000000

tests/test_adam.py:74: 
_ _ _ _ _ _ _ _ _ _ _ _ _ _ _ _ _ _ _ _ _ _ _ _ _ _ _ _ _ _ _ _ _ _ _ _ _ _ _ _ 

size = 1000000

    def use_ctypes(size):
        array_type = ctypes.c_char * size
    
&gt;       chars_a = array_type(*(b"a" | size))
E       TypeError: unsupported operand type(s) for |: 'bytes' and 'int'

adam/adam_2.py:65: TypeError
===================== 1 failed, 19 passed in 0.21 seconds ======================
</pre></div></div><div class="container work-item"><h4 class="job_id">96 : job ID 3939695b57dc4134b87d7b1d1df11635</h4><div role="alert" class="alert alert-success test-outcome"><p>worker outcome: normal</p><p>test outcome: killed</p></div><a href="pycharm://open?file=adam/adam_2.py&amp;line=66"><pre class="location">adam/adam_2.py, start pos: (66, 25), end pos: (66, 26)</pre></a><pre>operator: core/ReplaceBinaryOperator_Mul_BitOr, occurrence: 3</pre><div class="alert alert-secondary"><pre class="diff">--- mutation diff ---
--- aadam/adam_2.py
+++ badam/adam_2.py
@@ -63,7 +63,7 @@
     array_type = ctypes.c_char * size
 
     chars_a = array_type(*(b"a" * size))
-    chars_b = array_type(*(b"b" * size))
+    chars_b = array_type(|(b"b" * size))
 
     # This odd construct ensures that, under number mutation to increase number
     # values, `size` varies by amounts big enough to trigger a segfault on the</pre></div><div class="alert alert-secondary"><pre class="diff">============================= test session starts ==============================
platform darwin -- Python 3.5.6, pytest-4.4.2, py-1.8.0, pluggy-0.11.0
rootdir: /private/var/folders/v6/1c70g62x2sb65cts_m6f7wdm0000gn/T/tmpulx82_xh/repo
collected 21 items

tests/test_adam.py .F

=================================== FAILURES ===================================
____________________________ Tests.test_binary_add _____________________________

self = &lt;tests.test_adam.Tests testMethod=test_binary_add&gt;

    def test_binary_add(self):
&gt;       self.assertEqual(adam.adam_1.binary_add(), 11)
E       AssertionError: 3 != 11

tests/test_adam.py:48: AssertionError
====================== 1 failed, 1 passed in 0.17 seconds ======================
</pre></div></div><div class="container work-item"><h4 class="job_id">97 : job ID d1db1c374d8148c39e9ed228b7401663</h4><div role="alert" class="alert alert-success test-outcome"><p>worker outcome: normal</p><p>test outcome: killed</p></div><a href="pycharm://open?file=adam/adam_2.py&amp;line=66"><pre class="location">adam/adam_2.py, start pos: (66, 32), end pos: (66, 33)</pre></a><pre>operator: core/ReplaceBinaryOperator_Mul_BitOr, occurrence: 4</pre><div class="alert alert-secondary"><pre class="diff">--- mutation diff ---
--- aadam/adam_2.py
+++ badam/adam_2.py
@@ -63,7 +63,7 @@
     array_type = ctypes.c_char * size
 
     chars_a = array_type(*(b"a" * size))
-    chars_b = array_type(*(b"b" * size))
+    chars_b = array_type(*(b"b" | size))
 
     # This odd construct ensures that, under number mutation to increase number
     # values, `size` varies by amounts big enough to trigger a segfault on the</pre></div><div class="alert alert-secondary"><pre class="diff">============================= test session starts ==============================
platform darwin -- Python 3.5.6, pytest-4.4.2, py-1.8.0, pluggy-0.11.0
rootdir: /private/var/folders/v6/1c70g62x2sb65cts_m6f7wdm0000gn/T/tmp4nk1ea3t/repo
collected 21 items

tests/test_adam.py ...................F

=================================== FAILURES ===================================
_____________________________ Tests.test_use_cffi ______________________________

self = &lt;tests.test_adam.Tests testMethod=test_use_cffi&gt;

    def test_use_cffi(self):
&gt;       assert adam.adam_2.use_ctypes(1000000) == b'b' * 1000000

tests/test_adam.py:74: 
_ _ _ _ _ _ _ _ _ _ _ _ _ _ _ _ _ _ _ _ _ _ _ _ _ _ _ _ _ _ _ _ _ _ _ _ _ _ _ _ 

size = 1000000

    def use_ctypes(size):
        array_type = ctypes.c_char * size
    
        chars_a = array_type(*(b"a" * size))
&gt;       chars_b = array_type(*(b"b" | size))
E       TypeError: unsupported operand type(s) for |: 'bytes' and 'int'

adam/adam_2.py:66: TypeError
===================== 1 failed, 19 passed in 0.56 seconds ======================
</pre></div></div><div class="container work-item"><h4 class="job_id">98 : job ID dd72ac81296b49c1adbd4970ba47268e</h4><div role="alert" class="alert alert-success test-outcome"><p>worker outcome: normal</p><p>test outcome: killed</p></div><a href="pycharm://open?file=adam/adam_2.py&amp;line=63"><pre class="location">adam/adam_2.py, start pos: (63, 31), end pos: (63, 32)</pre></a><pre>operator: core/ReplaceBinaryOperator_Mul_Add, occurrence: 0</pre><div class="alert alert-secondary"><pre class="diff">--- mutation diff ---
--- aadam/adam_2.py
+++ badam/adam_2.py
@@ -60,7 +60,7 @@
 
 
 def use_ctypes(size):
-    array_type = ctypes.c_char * size
+    array_type = ctypes.c_char + size
 
     chars_a = array_type(*(b"a" * size))
     chars_b = array_type(*(b"b" * size))</pre></div><div class="alert alert-secondary"><pre class="diff">============================= test session starts ==============================
platform darwin -- Python 3.5.6, pytest-4.4.2, py-1.8.0, pluggy-0.11.0
rootdir: /private/var/folders/v6/1c70g62x2sb65cts_m6f7wdm0000gn/T/tmpzxj6gyay/repo
collected 21 items

tests/test_adam.py ...................F

=================================== FAILURES ===================================
_____________________________ Tests.test_use_cffi ______________________________

self = &lt;tests.test_adam.Tests testMethod=test_use_cffi&gt;

    def test_use_cffi(self):
&gt;       assert adam.adam_2.use_ctypes(1000000) == b'b' * 1000000

tests/test_adam.py:74: 
_ _ _ _ _ _ _ _ _ _ _ _ _ _ _ _ _ _ _ _ _ _ _ _ _ _ _ _ _ _ _ _ _ _ _ _ _ _ _ _ 

size = 1000000

    def use_ctypes(size):
&gt;       array_type = ctypes.c_char + size
E       TypeError: unsupported operand type(s) for +: '_ctypes.PyCSimpleType' and 'int'

adam/adam_2.py:63: TypeError
===================== 1 failed, 19 passed in 0.18 seconds ======================
</pre></div></div><div class="container work-item"><h4 class="job_id">99 : job ID cb570b24d0164268888416c993ac0d30</h4><div role="alert" class="alert alert-success test-outcome"><p>worker outcome: normal</p><p>test outcome: killed</p></div><a href="pycharm://open?file=adam/adam_2.py&amp;line=65"><pre class="location">adam/adam_2.py, start pos: (65, 25), end pos: (65, 26)</pre></a><pre>operator: core/ReplaceBinaryOperator_Mul_Add, occurrence: 1</pre><div class="alert alert-secondary"><pre class="diff">--- mutation diff ---
--- aadam/adam_2.py
+++ badam/adam_2.py
@@ -62,7 +62,7 @@
 def use_ctypes(size):
     array_type = ctypes.c_char * size
 
-    chars_a = array_type(*(b"a" * size))
+    chars_a = array_type(+(b"a" * size))
     chars_b = array_type(*(b"b" * size))
 
     # This odd construct ensures that, under number mutation to increase number</pre></div><div class="alert alert-secondary"><pre class="diff">============================= test session starts ==============================
platform darwin -- Python 3.5.6, pytest-4.4.2, py-1.8.0, pluggy-0.11.0
rootdir: /private/var/folders/v6/1c70g62x2sb65cts_m6f7wdm0000gn/T/tmpulx82_xh/repo
collected 21 items

tests/test_adam.py .F

=================================== FAILURES ===================================
____________________________ Tests.test_binary_add _____________________________

self = &lt;tests.test_adam.Tests testMethod=test_binary_add&gt;

    def test_binary_add(self):
&gt;       self.assertEqual(adam.adam_1.binary_add(), 11)
E       AssertionError: 3 != 11

tests/test_adam.py:48: AssertionError
====================== 1 failed, 1 passed in 0.13 seconds ======================
</pre></div></div><div class="container work-item"><h4 class="job_id">100 : job ID dea437392b75414bb07aecc56085edd8</h4><div role="alert" class="alert alert-success test-outcome"><p>worker outcome: normal</p><p>test outcome: killed</p></div><a href="pycharm://open?file=adam/adam_2.py&amp;line=65"><pre class="location">adam/adam_2.py, start pos: (65, 32), end pos: (65, 33)</pre></a><pre>operator: core/ReplaceBinaryOperator_Mul_Add, occurrence: 2</pre><div class="alert alert-secondary"><pre class="diff">--- mutation diff ---
--- aadam/adam_2.py
+++ badam/adam_2.py
@@ -62,7 +62,7 @@
 def use_ctypes(size):
     array_type = ctypes.c_char * size
 
-    chars_a = array_type(*(b"a" * size))
+    chars_a = array_type(*(b"a" + size))
     chars_b = array_type(*(b"b" * size))
 
     # This odd construct ensures that, under number mutation to increase number</pre></div><div class="alert alert-secondary"><pre class="diff">============================= test session starts ==============================
platform darwin -- Python 3.5.6, pytest-4.4.2, py-1.8.0, pluggy-0.11.0
rootdir: /private/var/folders/v6/1c70g62x2sb65cts_m6f7wdm0000gn/T/tmpk2ejhuni/repo
collected 21 items

tests/test_adam.py ...................F

=================================== FAILURES ===================================
_____________________________ Tests.test_use_cffi ______________________________

self = &lt;tests.test_adam.Tests testMethod=test_use_cffi&gt;

    def test_use_cffi(self):
&gt;       assert adam.adam_2.use_ctypes(1000000) == b'b' * 1000000

tests/test_adam.py:74: 
_ _ _ _ _ _ _ _ _ _ _ _ _ _ _ _ _ _ _ _ _ _ _ _ _ _ _ _ _ _ _ _ _ _ _ _ _ _ _ _ 

size = 1000000

    def use_ctypes(size):
        array_type = ctypes.c_char * size
    
&gt;       chars_a = array_type(*(b"a" + size))
E       TypeError: can't concat int to bytes

adam/adam_2.py:65: TypeError
===================== 1 failed, 19 passed in 0.19 seconds ======================
</pre></div></div><div class="container work-item"><h4 class="job_id">101 : job ID 55edd5d4c1ad4f7b9d80814530815a97</h4><div role="alert" class="alert alert-success test-outcome"><p>worker outcome: normal</p><p>test outcome: killed</p></div><a href="pycharm://open?file=adam/adam_2.py&amp;line=66"><pre class="location">adam/adam_2.py, start pos: (66, 25), end pos: (66, 26)</pre></a><pre>operator: core/ReplaceBinaryOperator_Mul_Add, occurrence: 3</pre><div class="alert alert-secondary"><pre class="diff">--- mutation diff ---
--- aadam/adam_2.py
+++ badam/adam_2.py
@@ -63,7 +63,7 @@
     array_type = ctypes.c_char * size
 
     chars_a = array_type(*(b"a" * size))
-    chars_b = array_type(*(b"b" * size))
+    chars_b = array_type(+(b"b" * size))
 
     # This odd construct ensures that, under number mutation to increase number
     # values, `size` varies by amounts big enough to trigger a segfault on the</pre></div><div class="alert alert-secondary"><pre class="diff">============================= test session starts ==============================
platform darwin -- Python 3.5.6, pytest-4.4.2, py-1.8.0, pluggy-0.11.0
rootdir: /private/var/folders/v6/1c70g62x2sb65cts_m6f7wdm0000gn/T/tmpzxj6gyay/repo
collected 21 items

tests/test_adam.py ...................F

=================================== FAILURES ===================================
_____________________________ Tests.test_use_cffi ______________________________

self = &lt;tests.test_adam.Tests testMethod=test_use_cffi&gt;

    def test_use_cffi(self):
&gt;       assert adam.adam_2.use_ctypes(1000000) == b'b' * 1000000

tests/test_adam.py:74: 
_ _ _ _ _ _ _ _ _ _ _ _ _ _ _ _ _ _ _ _ _ _ _ _ _ _ _ _ _ _ _ _ _ _ _ _ _ _ _ _ 

size = 1000000

    def use_ctypes(size):
        array_type = ctypes.c_char * size
    
        chars_a = array_type(*(b"a" * size))
&gt;       chars_b = array_type(+(b"b" * size))
E       TypeError: bad operand type for unary +: 'bytes'

adam/adam_2.py:66: TypeError
===================== 1 failed, 19 passed in 0.54 seconds ======================
</pre></div></div><div class="container work-item"><h4 class="job_id">102 : job ID aef8a40bf03845fb8f22531ac1185942</h4><div role="alert" class="alert alert-success test-outcome"><p>worker outcome: normal</p><p>test outcome: killed</p></div><a href="pycharm://open?file=adam/adam_2.py&amp;line=66"><pre class="location">adam/adam_2.py, start pos: (66, 32), end pos: (66, 33)</pre></a><pre>operator: core/ReplaceBinaryOperator_Mul_Add, occurrence: 4</pre><div class="alert alert-secondary"><pre class="diff">--- mutation diff ---
--- aadam/adam_2.py
+++ badam/adam_2.py
@@ -63,7 +63,7 @@
     array_type = ctypes.c_char * size
 
     chars_a = array_type(*(b"a" * size))
-    chars_b = array_type(*(b"b" * size))
+    chars_b = array_type(*(b"b" + size))
 
     # This odd construct ensures that, under number mutation to increase number
     # values, `size` varies by amounts big enough to trigger a segfault on the</pre></div><div class="alert alert-secondary"><pre class="diff">============================= test session starts ==============================
platform darwin -- Python 3.5.6, pytest-4.4.2, py-1.8.0, pluggy-0.11.0
rootdir: /private/var/folders/v6/1c70g62x2sb65cts_m6f7wdm0000gn/T/tmpulx82_xh/repo
collected 21 items

tests/test_adam.py .F

=================================== FAILURES ===================================
____________________________ Tests.test_binary_add _____________________________

self = &lt;tests.test_adam.Tests testMethod=test_binary_add&gt;

    def test_binary_add(self):
&gt;       self.assertEqual(adam.adam_1.binary_add(), 11)
E       AssertionError: 3 != 11

tests/test_adam.py:48: AssertionError
====================== 1 failed, 1 passed in 0.09 seconds ======================
</pre></div></div><div class="container work-item"><h4 class="job_id">103 : job ID 7387205000604125bda8070e52b8e9b3</h4><div role="alert" class="alert alert-success test-outcome"><p>worker outcome: normal</p><p>test outcome: killed</p></div><a href="pycharm://open?file=adam/adam_2.py&amp;line=63"><pre class="location">adam/adam_2.py, start pos: (63, 31), end pos: (63, 32)</pre></a><pre>operator: core/ReplaceBinaryOperator_Mul_BitAnd, occurrence: 0</pre><div class="alert alert-secondary"><pre class="diff">--- mutation diff ---
--- aadam/adam_2.py
+++ badam/adam_2.py
@@ -60,7 +60,7 @@
 
 
 def use_ctypes(size):
-    array_type = ctypes.c_char * size
+    array_type = ctypes.c_char &amp; size
 
     chars_a = array_type(*(b"a" * size))
     chars_b = array_type(*(b"b" * size))</pre></div><div class="alert alert-secondary"><pre class="diff">============================= test session starts ==============================
platform darwin -- Python 3.5.6, pytest-4.4.2, py-1.8.0, pluggy-0.11.0
rootdir: /private/var/folders/v6/1c70g62x2sb65cts_m6f7wdm0000gn/T/tmpk2ejhuni/repo
collected 21 items

tests/test_adam.py ...................F

=================================== FAILURES ===================================
_____________________________ Tests.test_use_cffi ______________________________

self = &lt;tests.test_adam.Tests testMethod=test_use_cffi&gt;

    def test_use_cffi(self):
&gt;       assert adam.adam_2.use_ctypes(1000000) == b'b' * 1000000

tests/test_adam.py:74: 
_ _ _ _ _ _ _ _ _ _ _ _ _ _ _ _ _ _ _ _ _ _ _ _ _ _ _ _ _ _ _ _ _ _ _ _ _ _ _ _ 

size = 1000000

    def use_ctypes(size):
        array_type = ctypes.c_char &amp; size
    
&gt;       chars_a = array_type(*(b"a" * size))
E       TypeError: can't concat int to bytes

adam/adam_2.py:65: TypeError
===================== 1 failed, 19 passed in 0.15 seconds ======================
</pre></div></div><div class="container work-item"><h4 class="job_id">104 : job ID 1273b96c6bdb4bd0b8ac10924a7c32c0</h4><div role="alert" class="alert alert-success test-outcome"><p>worker outcome: normal</p><p>test outcome: killed</p></div><a href="pycharm://open?file=adam/adam_2.py&amp;line=65"><pre class="location">adam/adam_2.py, start pos: (65, 25), end pos: (65, 26)</pre></a><pre>operator: core/ReplaceBinaryOperator_Mul_BitAnd, occurrence: 1</pre><div class="alert alert-secondary"><pre class="diff">--- mutation diff ---
--- aadam/adam_2.py
+++ badam/adam_2.py
@@ -62,7 +62,7 @@
 def use_ctypes(size):
     array_type = ctypes.c_char * size
 
-    chars_a = array_type(*(b"a" * size))
+    chars_a = array_type(&amp;(b"a" * size))
     chars_b = array_type(*(b"b" * size))
 
     # This odd construct ensures that, under number mutation to increase number</pre></div><div class="alert alert-secondary"><pre class="diff">============================= test session starts ==============================
platform darwin -- Python 3.5.6, pytest-4.4.2, py-1.8.0, pluggy-0.11.0
rootdir: /private/var/folders/v6/1c70g62x2sb65cts_m6f7wdm0000gn/T/tmp4nk1ea3t/repo

==================================== ERRORS ====================================
_____________________ ERROR collecting tests/test_adam.py ______________________
/var/folders/v6/1c70g62x2sb65cts_m6f7wdm0000gn/T/tmp4nk1ea3t/venv/lib/python3.5/site-packages/_pytest/python.py:511: in _importtestmodule
    mod = self.fspath.pyimport(ensuresyspath=importmode)
/var/folders/v6/1c70g62x2sb65cts_m6f7wdm0000gn/T/tmp4nk1ea3t/venv/lib/python3.5/site-packages/py/_path/local.py:701: in pyimport
    __import__(modname)
&lt;frozen importlib._bootstrap&gt;:968: in _find_and_load
    ???
&lt;frozen importlib._bootstrap&gt;:957: in _find_and_load_unlocked
    ???
&lt;frozen importlib._bootstrap&gt;:664: in _load_unlocked
    ???
&lt;frozen importlib._bootstrap&gt;:634: in _load_backward_compatible
    ???
/var/folders/v6/1c70g62x2sb65cts_m6f7wdm0000gn/T/tmp4nk1ea3t/venv/lib/python3.5/site-packages/_pytest/assertion/rewrite.py:299: in load_module
    exec(co, mod.__dict__)
tests/test_adam.py:10: in &lt;module&gt;
    import adam.adam_2
E     File "/private/var/folders/v6/1c70g62x2sb65cts_m6f7wdm0000gn/T/tmp4nk1ea3t/repo/adam/adam_2.py", line 65
E       chars_a = array_type(&amp;(b"a" * size))
E                            ^
E   SyntaxError: invalid syntax
=========================== 1 error in 0.23 seconds ============================
</pre></div></div><div class="container work-item"><h4 class="job_id">105 : job ID 50c62b5635e74b0f94dd53a6daa3bdc4</h4><div role="alert" class="alert alert-success test-outcome"><p>worker outcome: normal</p><p>test outcome: killed</p></div><a href="pycharm://open?file=adam/adam_2.py&amp;line=65"><pre class="location">adam/adam_2.py, start pos: (65, 32), end pos: (65, 33)</pre></a><pre>operator: core/ReplaceBinaryOperator_Mul_BitAnd, occurrence: 2</pre><div class="alert alert-secondary"><pre class="diff">--- mutation diff ---
--- aadam/adam_2.py
+++ badam/adam_2.py
@@ -62,7 +62,7 @@
 def use_ctypes(size):
     array_type = ctypes.c_char * size
 
-    chars_a = array_type(*(b"a" * size))
+    chars_a = array_type(*(b"a" &amp; size))
     chars_b = array_type(*(b"b" * size))
 
     # This odd construct ensures that, under number mutation to increase number</pre></div><div class="alert alert-secondary"><pre class="diff">============================= test session starts ==============================
platform darwin -- Python 3.5.6, pytest-4.4.2, py-1.8.0, pluggy-0.11.0
rootdir: /private/var/folders/v6/1c70g62x2sb65cts_m6f7wdm0000gn/T/tmpulx82_xh/repo
collected 21 items

tests/test_adam.py .F

=================================== FAILURES ===================================
____________________________ Tests.test_binary_add _____________________________

self = &lt;tests.test_adam.Tests testMethod=test_binary_add&gt;

    def test_binary_add(self):
&gt;       self.assertEqual(adam.adam_1.binary_add(), 11)
E       AssertionError: 3 != 11

tests/test_adam.py:48: AssertionError
====================== 1 failed, 1 passed in 0.18 seconds ======================
</pre></div></div><div class="container work-item"><h4 class="job_id">106 : job ID 06f3d721c7e24391864095bc42fb2758</h4><div role="alert" class="alert alert-success test-outcome"><p>worker outcome: normal</p><p>test outcome: killed</p></div><a href="pycharm://open?file=adam/adam_2.py&amp;line=66"><pre class="location">adam/adam_2.py, start pos: (66, 25), end pos: (66, 26)</pre></a><pre>operator: core/ReplaceBinaryOperator_Mul_BitAnd, occurrence: 3</pre><div class="alert alert-secondary"><pre class="diff">--- mutation diff ---
--- aadam/adam_2.py
+++ badam/adam_2.py
@@ -63,7 +63,7 @@
     array_type = ctypes.c_char * size
 
     chars_a = array_type(*(b"a" * size))
-    chars_b = array_type(*(b"b" * size))
+    chars_b = array_type(&amp;(b"b" * size))
 
     # This odd construct ensures that, under number mutation to increase number
     # values, `size` varies by amounts big enough to trigger a segfault on the</pre></div><div class="alert alert-secondary"><pre class="diff">============================= test session starts ==============================
platform darwin -- Python 3.5.6, pytest-4.4.2, py-1.8.0, pluggy-0.11.0
rootdir: /private/var/folders/v6/1c70g62x2sb65cts_m6f7wdm0000gn/T/tmpk2ejhuni/repo

==================================== ERRORS ====================================
_____________________ ERROR collecting tests/test_adam.py ______________________
/var/folders/v6/1c70g62x2sb65cts_m6f7wdm0000gn/T/tmpk2ejhuni/venv/lib/python3.5/site-packages/_pytest/python.py:511: in _importtestmodule
    mod = self.fspath.pyimport(ensuresyspath=importmode)
/var/folders/v6/1c70g62x2sb65cts_m6f7wdm0000gn/T/tmpk2ejhuni/venv/lib/python3.5/site-packages/py/_path/local.py:701: in pyimport
    __import__(modname)
&lt;frozen importlib._bootstrap&gt;:968: in _find_and_load
    ???
&lt;frozen importlib._bootstrap&gt;:957: in _find_and_load_unlocked
    ???
&lt;frozen importlib._bootstrap&gt;:664: in _load_unlocked
    ???
&lt;frozen importlib._bootstrap&gt;:634: in _load_backward_compatible
    ???
/var/folders/v6/1c70g62x2sb65cts_m6f7wdm0000gn/T/tmpk2ejhuni/venv/lib/python3.5/site-packages/_pytest/assertion/rewrite.py:299: in load_module
    exec(co, mod.__dict__)
tests/test_adam.py:10: in &lt;module&gt;
    import adam.adam_2
E     File "/private/var/folders/v6/1c70g62x2sb65cts_m6f7wdm0000gn/T/tmpk2ejhuni/repo/adam/adam_2.py", line 66
E       chars_b = array_type(&amp;(b"b" * size))
E                            ^
E   SyntaxError: invalid syntax
=========================== 1 error in 0.26 seconds ============================
</pre></div></div><div class="container work-item"><h4 class="job_id">107 : job ID 0d421374fa0d4bbc9581507aaf063166</h4><div role="alert" class="alert alert-success test-outcome"><p>worker outcome: normal</p><p>test outcome: killed</p></div><a href="pycharm://open?file=adam/adam_2.py&amp;line=66"><pre class="location">adam/adam_2.py, start pos: (66, 32), end pos: (66, 33)</pre></a><pre>operator: core/ReplaceBinaryOperator_Mul_BitAnd, occurrence: 4</pre><div class="alert alert-secondary"><pre class="diff">--- mutation diff ---
--- aadam/adam_2.py
+++ badam/adam_2.py
@@ -63,7 +63,7 @@
     array_type = ctypes.c_char * size
 
     chars_a = array_type(*(b"a" * size))
-    chars_b = array_type(*(b"b" * size))
+    chars_b = array_type(*(b"b" &amp; size))
 
     # This odd construct ensures that, under number mutation to increase number
     # values, `size` varies by amounts big enough to trigger a segfault on the</pre></div><div class="alert alert-secondary"><pre class="diff">============================= test session starts ==============================
platform darwin -- Python 3.5.6, pytest-4.4.2, py-1.8.0, pluggy-0.11.0
rootdir: /private/var/folders/v6/1c70g62x2sb65cts_m6f7wdm0000gn/T/tmpzxj6gyay/repo
collected 21 items

tests/test_adam.py ...................F

=================================== FAILURES ===================================
_____________________________ Tests.test_use_cffi ______________________________

self = &lt;tests.test_adam.Tests testMethod=test_use_cffi&gt;

    def test_use_cffi(self):
&gt;       assert adam.adam_2.use_ctypes(1000000) == b'b' * 1000000

tests/test_adam.py:74: 
_ _ _ _ _ _ _ _ _ _ _ _ _ _ _ _ _ _ _ _ _ _ _ _ _ _ _ _ _ _ _ _ _ _ _ _ _ _ _ _ 

size = 1000000

    def use_ctypes(size):
        array_type = ctypes.c_char * size
    
        chars_a = array_type(*(b"a" * size))
&gt;       chars_b = array_type(*(b"b" &amp; size))
E       TypeError: unsupported operand type(s) for &amp;: 'bytes' and 'int'

adam/adam_2.py:66: TypeError
===================== 1 failed, 19 passed in 0.49 seconds ======================
</pre></div></div><div class="container work-item"><h4 class="job_id">108 : job ID 6452dab2d78f4ab6b7f9c13d29662dc6</h4><div role="alert" class="alert alert-success test-outcome"><p>worker outcome: normal</p><p>test outcome: killed</p></div><a href="pycharm://open?file=adam/adam_2.py&amp;line=71"><pre class="location">adam/adam_2.py, start pos: (71, 43), end pos: (71, 45)</pre></a><pre>operator: core/NumberReplacer, occurrence: 0</pre><div class="alert alert-secondary"><pre class="diff">--- mutation diff ---
--- aadam/adam_2.py
+++ badam/adam_2.py
@@ -68,7 +68,7 @@
     # This odd construct ensures that, under number mutation to increase number
     # values, `size` varies by amounts big enough to trigger a segfault on the
     # subsequent memmove.
-    size = functools.reduce(operator.mul, [10, 10, 10, 10, 10, 10])
+    size = functools.reduce(operator.mul, [ 11, 10, 10, 10, 10, 10])
     ctypes.memmove(chars_a, chars_b, size)
     return chars_a.value
 </pre></div><div class="alert alert-secondary"><pre class="diff">============================= test session starts ==============================
platform darwin -- Python 3.5.6, pytest-4.4.2, py-1.8.0, pluggy-0.11.0
rootdir: /private/var/folders/v6/1c70g62x2sb65cts_m6f7wdm0000gn/T/tmp4nk1ea3t/repo
collected 21 items

tests/test_adam.py ...................</pre></div></div><div class="container work-item"><h4 class="job_id">109 : job ID a1b9ee1f7d25470f9535a2fe51f4e3b2</h4><div role="alert" class="alert alert-success test-outcome"><p>worker outcome: normal</p><p>test outcome: killed</p></div><a href="pycharm://open?file=adam/adam_2.py&amp;line=71"><pre class="location">adam/adam_2.py, start pos: (71, 43), end pos: (71, 45)</pre></a><pre>operator: core/NumberReplacer, occurrence: 1</pre><div class="alert alert-secondary"><pre class="diff">--- mutation diff ---
--- aadam/adam_2.py
+++ badam/adam_2.py
@@ -68,7 +68,7 @@
     # This odd construct ensures that, under number mutation to increase number
     # values, `size` varies by amounts big enough to trigger a segfault on the
     # subsequent memmove.
-    size = functools.reduce(operator.mul, [10, 10, 10, 10, 10, 10])
+    size = functools.reduce(operator.mul, [ 9, 10, 10, 10, 10, 10])
     ctypes.memmove(chars_a, chars_b, size)
     return chars_a.value
 </pre></div><div class="alert alert-secondary"><pre class="diff">============================= test session starts ==============================
platform darwin -- Python 3.5.6, pytest-4.4.2, py-1.8.0, pluggy-0.11.0
rootdir: /private/var/folders/v6/1c70g62x2sb65cts_m6f7wdm0000gn/T/tmpulx82_xh/repo
collected 21 items

tests/test_adam.py .F

=================================== FAILURES ===================================
____________________________ Tests.test_binary_add _____________________________

self = &lt;tests.test_adam.Tests testMethod=test_binary_add&gt;

    def test_binary_add(self):
&gt;       self.assertEqual(adam.adam_1.binary_add(), 11)
E       AssertionError: 3 != 11

tests/test_adam.py:48: AssertionError
====================== 1 failed, 1 passed in 0.11 seconds ======================
</pre></div></div><div class="container work-item"><h4 class="job_id">110 : job ID 9c69081cfcd44f33aace0e9df7d994e2</h4><div role="alert" class="alert alert-success test-outcome"><p>worker outcome: normal</p><p>test outcome: killed</p></div><a href="pycharm://open?file=adam/adam_2.py&amp;line=71"><pre class="location">adam/adam_2.py, start pos: (71, 47), end pos: (71, 49)</pre></a><pre>operator: core/NumberReplacer, occurrence: 2</pre><div class="alert alert-secondary"><pre class="diff">--- mutation diff ---
--- aadam/adam_2.py
+++ badam/adam_2.py
@@ -68,7 +68,7 @@
     # This odd construct ensures that, under number mutation to increase number
     # values, `size` varies by amounts big enough to trigger a segfault on the
     # subsequent memmove.
-    size = functools.reduce(operator.mul, [10, 10, 10, 10, 10, 10])
+    size = functools.reduce(operator.mul, [10, 11, 10, 10, 10, 10])
     ctypes.memmove(chars_a, chars_b, size)
     return chars_a.value
 </pre></div><div class="alert alert-secondary"><pre class="diff">============================= test session starts ==============================
platform darwin -- Python 3.5.6, pytest-4.4.2, py-1.8.0, pluggy-0.11.0
rootdir: /private/var/folders/v6/1c70g62x2sb65cts_m6f7wdm0000gn/T/tmpk2ejhuni/repo
collected 21 items

tests/test_adam.py ...................</pre></div></div><div class="container work-item"><h4 class="job_id">111 : job ID 3f620b5d42e94d088ba099b0dd233569</h4><div role="alert" class="alert alert-success test-outcome"><p>worker outcome: normal</p><p>test outcome: killed</p></div><a href="pycharm://open?file=adam/adam_2.py&amp;line=71"><pre class="location">adam/adam_2.py, start pos: (71, 47), end pos: (71, 49)</pre></a><pre>operator: core/NumberReplacer, occurrence: 3</pre><div class="alert alert-secondary"><pre class="diff">--- mutation diff ---
--- aadam/adam_2.py
+++ badam/adam_2.py
@@ -68,7 +68,7 @@
     # This odd construct ensures that, under number mutation to increase number
     # values, `size` varies by amounts big enough to trigger a segfault on the
     # subsequent memmove.
-    size = functools.reduce(operator.mul, [10, 10, 10, 10, 10, 10])
+    size = functools.reduce(operator.mul, [10, 9, 10, 10, 10, 10])
     ctypes.memmove(chars_a, chars_b, size)
     return chars_a.value
 </pre></div><div class="alert alert-secondary"><pre class="diff">============================= test session starts ==============================
platform darwin -- Python 3.5.6, pytest-4.4.2, py-1.8.0, pluggy-0.11.0
rootdir: /private/var/folders/v6/1c70g62x2sb65cts_m6f7wdm0000gn/T/tmpulx82_xh/repo
collected 21 items

tests/test_adam.py .F

=================================== FAILURES ===================================
____________________________ Tests.test_binary_add _____________________________

self = &lt;tests.test_adam.Tests testMethod=test_binary_add&gt;

    def test_binary_add(self):
&gt;       self.assertEqual(adam.adam_1.binary_add(), 11)
E       AssertionError: 3 != 11

tests/test_adam.py:48: AssertionError
====================== 1 failed, 1 passed in 0.14 seconds ======================
</pre></div></div><div class="container work-item"><h4 class="job_id">112 : job ID cb4863c3a23c40cb80247311e7120fef</h4><div role="alert" class="alert alert-success test-outcome"><p>worker outcome: normal</p><p>test outcome: killed</p></div><a href="pycharm://open?file=adam/adam_2.py&amp;line=71"><pre class="location">adam/adam_2.py, start pos: (71, 51), end pos: (71, 53)</pre></a><pre>operator: core/NumberReplacer, occurrence: 4</pre><div class="alert alert-secondary"><pre class="diff">--- mutation diff ---
--- aadam/adam_2.py
+++ badam/adam_2.py
@@ -68,7 +68,7 @@
     # This odd construct ensures that, under number mutation to increase number
     # values, `size` varies by amounts big enough to trigger a segfault on the
     # subsequent memmove.
-    size = functools.reduce(operator.mul, [10, 10, 10, 10, 10, 10])
+    size = functools.reduce(operator.mul, [10, 10, 11, 10, 10, 10])
     ctypes.memmove(chars_a, chars_b, size)
     return chars_a.value
 </pre></div><div class="alert alert-secondary"><pre class="diff">============================= test session starts ==============================
platform darwin -- Python 3.5.6, pytest-4.4.2, py-1.8.0, pluggy-0.11.0
rootdir: /private/var/folders/v6/1c70g62x2sb65cts_m6f7wdm0000gn/T/tmpzxj6gyay/repo
collected 21 items

tests/test_adam.py ...................</pre></div></div><div class="container work-item"><h4 class="job_id">113 : job ID 83e3c4a5697a45c48f0f39869185bc27</h4><div role="alert" class="alert alert-success test-outcome"><p>worker outcome: normal</p><p>test outcome: killed</p></div><a href="pycharm://open?file=adam/adam_2.py&amp;line=71"><pre class="location">adam/adam_2.py, start pos: (71, 51), end pos: (71, 53)</pre></a><pre>operator: core/NumberReplacer, occurrence: 5</pre><div class="alert alert-secondary"><pre class="diff">--- mutation diff ---
--- aadam/adam_2.py
+++ badam/adam_2.py
@@ -68,7 +68,7 @@
     # This odd construct ensures that, under number mutation to increase number
     # values, `size` varies by amounts big enough to trigger a segfault on the
     # subsequent memmove.
-    size = functools.reduce(operator.mul, [10, 10, 10, 10, 10, 10])
+    size = functools.reduce(operator.mul, [10, 10, 9, 10, 10, 10])
     ctypes.memmove(chars_a, chars_b, size)
     return chars_a.value
 </pre></div><div class="alert alert-secondary"><pre class="diff">============================= test session starts ==============================
platform darwin -- Python 3.5.6, pytest-4.4.2, py-1.8.0, pluggy-0.11.0
rootdir: /private/var/folders/v6/1c70g62x2sb65cts_m6f7wdm0000gn/T/tmp4nk1ea3t/repo
collected 21 items

tests/test_adam.py ...................F

=================================== FAILURES ===================================
_____________________________ Tests.test_use_cffi ______________________________

self = &lt;tests.test_adam.Tests testMethod=test_use_cffi&gt;

    def test_use_cffi(self):
&gt;       assert adam.adam_2.use_ctypes(1000000) == b'b' * 1000000
E       AssertionError: assert b'bbbbbbbbbbb...aaaaaaaaaaaaa' == b'bbbbbbbbbbbb...bbbbbbbbbbbbb'
E         At index 900000 diff: 97 != 98
E         Use -v to get the full diff

tests/test_adam.py:74: AssertionError
===================== 1 failed, 19 passed in 0.89 seconds ======================
</pre></div></div><div class="container work-item"><h4 class="job_id">114 : job ID 88ab988dbd14440882ba697590e5d674</h4><div role="alert" class="alert alert-success test-outcome"><p>worker outcome: normal</p><p>test outcome: killed</p></div><a href="pycharm://open?file=adam/adam_2.py&amp;line=71"><pre class="location">adam/adam_2.py, start pos: (71, 55), end pos: (71, 57)</pre></a><pre>operator: core/NumberReplacer, occurrence: 6</pre><div class="alert alert-secondary"><pre class="diff">--- mutation diff ---
--- aadam/adam_2.py
+++ badam/adam_2.py
@@ -68,7 +68,7 @@
     # This odd construct ensures that, under number mutation to increase number
     # values, `size` varies by amounts big enough to trigger a segfault on the
     # subsequent memmove.
-    size = functools.reduce(operator.mul, [10, 10, 10, 10, 10, 10])
+    size = functools.reduce(operator.mul, [10, 10, 10, 11, 10, 10])
     ctypes.memmove(chars_a, chars_b, size)
     return chars_a.value
 </pre></div><div class="alert alert-secondary"><pre class="diff">============================= test session starts ==============================
platform darwin -- Python 3.5.6, pytest-4.4.2, py-1.8.0, pluggy-0.11.0
rootdir: /private/var/folders/v6/1c70g62x2sb65cts_m6f7wdm0000gn/T/tmpulx82_xh/repo
collected 21 items

tests/test_adam.py .F

=================================== FAILURES ===================================
____________________________ Tests.test_binary_add _____________________________

self = &lt;tests.test_adam.Tests testMethod=test_binary_add&gt;

    def test_binary_add(self):
&gt;       self.assertEqual(adam.adam_1.binary_add(), 11)
E       AssertionError: 3 != 11

tests/test_adam.py:48: AssertionError
====================== 1 failed, 1 passed in 0.10 seconds ======================
</pre></div></div><div class="container work-item"><h4 class="job_id">115 : job ID 67005585978f4c76914ad135bab61565</h4><div role="alert" class="alert alert-success test-outcome"><p>worker outcome: normal</p><p>test outcome: killed</p></div><a href="pycharm://open?file=adam/adam_2.py&amp;line=71"><pre class="location">adam/adam_2.py, start pos: (71, 55), end pos: (71, 57)</pre></a><pre>operator: core/NumberReplacer, occurrence: 7</pre><div class="alert alert-secondary"><pre class="diff">--- mutation diff ---
--- aadam/adam_2.py
+++ badam/adam_2.py
@@ -68,7 +68,7 @@
     # This odd construct ensures that, under number mutation to increase number
     # values, `size` varies by amounts big enough to trigger a segfault on the
     # subsequent memmove.
-    size = functools.reduce(operator.mul, [10, 10, 10, 10, 10, 10])
+    size = functools.reduce(operator.mul, [10, 10, 10, 9, 10, 10])
     ctypes.memmove(chars_a, chars_b, size)
     return chars_a.value
 </pre></div><div class="alert alert-secondary"><pre class="diff">============================= test session starts ==============================
platform darwin -- Python 3.5.6, pytest-4.4.2, py-1.8.0, pluggy-0.11.0
rootdir: /private/var/folders/v6/1c70g62x2sb65cts_m6f7wdm0000gn/T/tmpk2ejhuni/repo
collected 21 items

tests/test_adam.py ...................F

=================================== FAILURES ===================================
_____________________________ Tests.test_use_cffi ______________________________

self = &lt;tests.test_adam.Tests testMethod=test_use_cffi&gt;

    def test_use_cffi(self):
&gt;       assert adam.adam_2.use_ctypes(1000000) == b'b' * 1000000
E       AssertionError: assert b'bbbbbbbbbbb...aaaaaaaaaaaaa' == b'bbbbbbbbbbbb...bbbbbbbbbbbbb'
E         At index 900000 diff: 97 != 98
E         Use -v to get the full diff

tests/test_adam.py:74: AssertionError
===================== 1 failed, 19 passed in 0.89 seconds ======================
</pre></div></div><div class="container work-item"><h4 class="job_id">116 : job ID 0ca85a8b49a54d1d812e2e3610d7a326</h4><div role="alert" class="alert alert-success test-outcome"><p>worker outcome: normal</p><p>test outcome: killed</p></div><a href="pycharm://open?file=adam/adam_2.py&amp;line=71"><pre class="location">adam/adam_2.py, start pos: (71, 59), end pos: (71, 61)</pre></a><pre>operator: core/NumberReplacer, occurrence: 8</pre><div class="alert alert-secondary"><pre class="diff">--- mutation diff ---
--- aadam/adam_2.py
+++ badam/adam_2.py
@@ -68,7 +68,7 @@
     # This odd construct ensures that, under number mutation to increase number
     # values, `size` varies by amounts big enough to trigger a segfault on the
     # subsequent memmove.
-    size = functools.reduce(operator.mul, [10, 10, 10, 10, 10, 10])
+    size = functools.reduce(operator.mul, [10, 10, 10, 10, 11, 10])
     ctypes.memmove(chars_a, chars_b, size)
     return chars_a.value
 </pre></div><div class="alert alert-secondary"><pre class="diff">============================= test session starts ==============================
platform darwin -- Python 3.5.6, pytest-4.4.2, py-1.8.0, pluggy-0.11.0
rootdir: /private/var/folders/v6/1c70g62x2sb65cts_m6f7wdm0000gn/T/tmpulx82_xh/repo
collected 21 items

tests/test_adam.py .F

=================================== FAILURES ===================================
____________________________ Tests.test_binary_add _____________________________

self = &lt;tests.test_adam.Tests testMethod=test_binary_add&gt;

    def test_binary_add(self):
&gt;       self.assertEqual(adam.adam_1.binary_add(), 11)
E       AssertionError: 3 != 11

tests/test_adam.py:48: AssertionError
====================== 1 failed, 1 passed in 0.09 seconds ======================
</pre></div></div><div class="container work-item"><h4 class="job_id">117 : job ID 8d746dee925e45429196829e904cf8eb</h4><div role="alert" class="alert alert-success test-outcome"><p>worker outcome: normal</p><p>test outcome: killed</p></div><a href="pycharm://open?file=adam/adam_2.py&amp;line=71"><pre class="location">adam/adam_2.py, start pos: (71, 59), end pos: (71, 61)</pre></a><pre>operator: core/NumberReplacer, occurrence: 9</pre><div class="alert alert-secondary"><pre class="diff">--- mutation diff ---
--- aadam/adam_2.py
+++ badam/adam_2.py
@@ -68,7 +68,7 @@
     # This odd construct ensures that, under number mutation to increase number
     # values, `size` varies by amounts big enough to trigger a segfault on the
     # subsequent memmove.
-    size = functools.reduce(operator.mul, [10, 10, 10, 10, 10, 10])
+    size = functools.reduce(operator.mul, [10, 10, 10, 10, 9, 10])
     ctypes.memmove(chars_a, chars_b, size)
     return chars_a.value
 </pre></div><div class="alert alert-secondary"><pre class="diff">============================= test session starts ==============================
platform darwin -- Python 3.5.6, pytest-4.4.2, py-1.8.0, pluggy-0.11.0
rootdir: /private/var/folders/v6/1c70g62x2sb65cts_m6f7wdm0000gn/T/tmpzxj6gyay/repo
collected 21 items

tests/test_adam.py ...................F

=================================== FAILURES ===================================
_____________________________ Tests.test_use_cffi ______________________________

self = &lt;tests.test_adam.Tests testMethod=test_use_cffi&gt;

    def test_use_cffi(self):
&gt;       assert adam.adam_2.use_ctypes(1000000) == b'b' * 1000000
E       AssertionError: assert b'bbbbbbbbbbb...aaaaaaaaaaaaa' == b'bbbbbbbbbbbb...bbbbbbbbbbbbb'
E         At index 900000 diff: 97 != 98
E         Use -v to get the full diff

tests/test_adam.py:74: AssertionError
===================== 1 failed, 19 passed in 0.95 seconds ======================
</pre></div></div><div class="container work-item"><h4 class="job_id">118 : job ID 5f17aa408de9427eacc91b20503dd71c</h4><div role="alert" class="alert alert-success test-outcome"><p>worker outcome: normal</p><p>test outcome: killed</p></div><a href="pycharm://open?file=adam/adam_2.py&amp;line=71"><pre class="location">adam/adam_2.py, start pos: (71, 63), end pos: (71, 65)</pre></a><pre>operator: core/NumberReplacer, occurrence: 10</pre><div class="alert alert-secondary"><pre class="diff">--- mutation diff ---
--- aadam/adam_2.py
+++ badam/adam_2.py
@@ -68,7 +68,7 @@
     # This odd construct ensures that, under number mutation to increase number
     # values, `size` varies by amounts big enough to trigger a segfault on the
     # subsequent memmove.
-    size = functools.reduce(operator.mul, [10, 10, 10, 10, 10, 10])
+    size = functools.reduce(operator.mul, [10, 10, 10, 10, 10, 11])
     ctypes.memmove(chars_a, chars_b, size)
     return chars_a.value
 </pre></div><div class="alert alert-secondary"><pre class="diff">============================= test session starts ==============================
platform darwin -- Python 3.5.6, pytest-4.4.2, py-1.8.0, pluggy-0.11.0
rootdir: /private/var/folders/v6/1c70g62x2sb65cts_m6f7wdm0000gn/T/tmpulx82_xh/repo
collected 21 items

tests/test_adam.py .F

=================================== FAILURES ===================================
____________________________ Tests.test_binary_add _____________________________

self = &lt;tests.test_adam.Tests testMethod=test_binary_add&gt;

    def test_binary_add(self):
&gt;       self.assertEqual(adam.adam_1.binary_add(), 11)
E       AssertionError: 3 != 11

tests/test_adam.py:48: AssertionError
====================== 1 failed, 1 passed in 0.10 seconds ======================
</pre></div></div><div class="container work-item"><h4 class="job_id">119 : job ID 9681ca9561284409a92dd7ee1d50ea81</h4><div role="alert" class="alert alert-success test-outcome"><p>worker outcome: normal</p><p>test outcome: killed</p></div><a href="pycharm://open?file=adam/adam_2.py&amp;line=71"><pre class="location">adam/adam_2.py, start pos: (71, 63), end pos: (71, 65)</pre></a><pre>operator: core/NumberReplacer, occurrence: 11</pre><div class="alert alert-secondary"><pre class="diff">--- mutation diff ---
--- aadam/adam_2.py
+++ badam/adam_2.py
@@ -68,7 +68,7 @@
     # This odd construct ensures that, under number mutation to increase number
     # values, `size` varies by amounts big enough to trigger a segfault on the
     # subsequent memmove.
-    size = functools.reduce(operator.mul, [10, 10, 10, 10, 10, 10])
+    size = functools.reduce(operator.mul, [10, 10, 10, 10, 10, 9])
     ctypes.memmove(chars_a, chars_b, size)
     return chars_a.value
 </pre></div><div class="alert alert-secondary"><pre class="diff">============================= test session starts ==============================
platform darwin -- Python 3.5.6, pytest-4.4.2, py-1.8.0, pluggy-0.11.0
rootdir: /private/var/folders/v6/1c70g62x2sb65cts_m6f7wdm0000gn/T/tmp4nk1ea3t/repo
collected 21 items

tests/test_adam.py ...................F

=================================== FAILURES ===================================
_____________________________ Tests.test_use_cffi ______________________________

self = &lt;tests.test_adam.Tests testMethod=test_use_cffi&gt;

    def test_use_cffi(self):
&gt;       assert adam.adam_2.use_ctypes(1000000) == b'b' * 1000000
E       AssertionError: assert b'bbbbbbbbbbb...aaaaaaaaaaaaa' == b'bbbbbbbbbbbb...bbbbbbbbbbbbb'
E         At index 900000 diff: 97 != 98
E         Use -v to get the full diff

tests/test_adam.py:74: AssertionError
===================== 1 failed, 19 passed in 1.15 seconds ======================
</pre></div></div><div class="container work-item"><h4 class="job_id">120 : job ID c293a139cb2543418dbd3a028eb3ca22</h4><div role="alert" class="alert alert-success test-outcome"><p>worker outcome: normal</p><p>test outcome: killed</p></div><a href="pycharm://open?file=adam/adam_2.py&amp;line=21"><pre class="location">adam/adam_2.py, start pos: (21, 8), end pos: (21, 13)</pre></a><pre>operator: core/ReplaceBreakWithContinue, occurrence: 0</pre><div class="alert alert-secondary"><pre class="diff">--- mutation diff ---
--- aadam/adam_2.py
+++ badam/adam_2.py
@@ -18,7 +18,7 @@
     # infinite loop.
     while object():
         result = object()
-        break
+        continue
 
     # when `while object()` becomes `while not object()`
     # the code below will be triggered</pre></div><div class="alert alert-secondary"><pre class="diff">============================= test session starts ==============================
platform darwin -- Python 3.5.6, pytest-4.4.2, py-1.8.0, pluggy-0.11.0
rootdir: /private/var/folders/v6/1c70g62x2sb65cts_m6f7wdm0000gn/T/tmpulx82_xh/repo
collected 21 items

tests/test_adam.py .F

=================================== FAILURES ===================================
____________________________ Tests.test_binary_add _____________________________

self = &lt;tests.test_adam.Tests testMethod=test_binary_add&gt;

    def test_binary_add(self):
&gt;       self.assertEqual(adam.adam_1.binary_add(), 11)
E       AssertionError: 3 != 11

tests/test_adam.py:48: AssertionError
====================== 1 failed, 1 passed in 0.10 seconds ======================
</pre></div></div><div class="container work-item"><h4 class="job_id">121 : job ID dc07da83897a4c15920f6fbc417eff85</h4><div role="alert" class="alert alert-success test-outcome"><p>worker outcome: normal</p><p>test outcome: killed</p></div><a href="pycharm://open?file=adam/adam_2.py&amp;line=63"><pre class="location">adam/adam_2.py, start pos: (63, 31), end pos: (63, 32)</pre></a><pre>operator: core/ReplaceBinaryOperator_Mul_BitXor, occurrence: 0</pre><div class="alert alert-secondary"><pre class="diff">--- mutation diff ---
--- aadam/adam_2.py
+++ badam/adam_2.py
@@ -60,7 +60,7 @@
 
 
 def use_ctypes(size):
-    array_type = ctypes.c_char * size
+    array_type = ctypes.c_char ^ size
 
     chars_a = array_type(*(b"a" * size))
     chars_b = array_type(*(b"b" * size))</pre></div><div class="alert alert-secondary"><pre class="diff">============================= test session starts ==============================
platform darwin -- Python 3.5.6, pytest-4.4.2, py-1.8.0, pluggy-0.11.0
rootdir: /private/var/folders/v6/1c70g62x2sb65cts_m6f7wdm0000gn/T/tmpk2ejhuni/repo
collected 21 items

tests/test_adam.py ...................F

=================================== FAILURES ===================================
_____________________________ Tests.test_use_cffi ______________________________

self = &lt;tests.test_adam.Tests testMethod=test_use_cffi&gt;

    def test_use_cffi(self):
&gt;       assert adam.adam_2.use_ctypes(1000000) == b'b' * 1000000

tests/test_adam.py:74: 
_ _ _ _ _ _ _ _ _ _ _ _ _ _ _ _ _ _ _ _ _ _ _ _ _ _ _ _ _ _ _ _ _ _ _ _ _ _ _ _ 

size = 1000000

    def use_ctypes(size):
&gt;       array_type = ctypes.c_char ^ size
E       TypeError: unsupported operand type(s) for ^: '_ctypes.PyCSimpleType' and 'int'

adam/adam_2.py:63: TypeError
===================== 1 failed, 19 passed in 0.20 seconds ======================
</pre></div></div><div class="container work-item"><h4 class="job_id">122 : job ID bc014c2ed9b1412d97fd603f6c0d4731</h4><div role="alert" class="alert alert-success test-outcome"><p>worker outcome: normal</p><p>test outcome: killed</p></div><a href="pycharm://open?file=adam/adam_2.py&amp;line=65"><pre class="location">adam/adam_2.py, start pos: (65, 25), end pos: (65, 26)</pre></a><pre>operator: core/ReplaceBinaryOperator_Mul_BitXor, occurrence: 1</pre><div class="alert alert-secondary"><pre class="diff">--- mutation diff ---
--- aadam/adam_2.py
+++ badam/adam_2.py
@@ -62,7 +62,7 @@
 def use_ctypes(size):
     array_type = ctypes.c_char * size
 
-    chars_a = array_type(*(b"a" * size))
+    chars_a = array_type(^(b"a" * size))
     chars_b = array_type(*(b"b" * size))
 
     # This odd construct ensures that, under number mutation to increase number</pre></div><div class="alert alert-secondary"><pre class="diff">============================= test session starts ==============================
platform darwin -- Python 3.5.6, pytest-4.4.2, py-1.8.0, pluggy-0.11.0
rootdir: /private/var/folders/v6/1c70g62x2sb65cts_m6f7wdm0000gn/T/tmpulx82_xh/repo

==================================== ERRORS ====================================
_____________________ ERROR collecting tests/test_adam.py ______________________
/var/folders/v6/1c70g62x2sb65cts_m6f7wdm0000gn/T/tmpulx82_xh/venv/lib/python3.5/site-packages/_pytest/python.py:511: in _importtestmodule
    mod = self.fspath.pyimport(ensuresyspath=importmode)
/var/folders/v6/1c70g62x2sb65cts_m6f7wdm0000gn/T/tmpulx82_xh/venv/lib/python3.5/site-packages/py/_path/local.py:701: in pyimport
    __import__(modname)
&lt;frozen importlib._bootstrap&gt;:968: in _find_and_load
    ???
&lt;frozen importlib._bootstrap&gt;:957: in _find_and_load_unlocked
    ???
&lt;frozen importlib._bootstrap&gt;:664: in _load_unlocked
    ???
&lt;frozen importlib._bootstrap&gt;:634: in _load_backward_compatible
    ???
/var/folders/v6/1c70g62x2sb65cts_m6f7wdm0000gn/T/tmpulx82_xh/venv/lib/python3.5/site-packages/_pytest/assertion/rewrite.py:299: in load_module
    exec(co, mod.__dict__)
tests/test_adam.py:10: in &lt;module&gt;
    import adam.adam_2
E     File "/private/var/folders/v6/1c70g62x2sb65cts_m6f7wdm0000gn/T/tmpulx82_xh/repo/adam/adam_2.py", line 65
E       chars_a = array_type(^(b"a" * size))
E                            ^
E   SyntaxError: invalid syntax
=========================== 1 error in 0.33 seconds ============================
</pre></div></div><div class="container work-item"><h4 class="job_id">123 : job ID 504e6608e8524252818b1cca0942ad21</h4><div role="alert" class="alert alert-success test-outcome"><p>worker outcome: normal</p><p>test outcome: killed</p></div><a href="pycharm://open?file=adam/adam_2.py&amp;line=65"><pre class="location">adam/adam_2.py, start pos: (65, 32), end pos: (65, 33)</pre></a><pre>operator: core/ReplaceBinaryOperator_Mul_BitXor, occurrence: 2</pre><div class="alert alert-secondary"><pre class="diff">--- mutation diff ---
--- aadam/adam_2.py
+++ badam/adam_2.py
@@ -62,7 +62,7 @@
 def use_ctypes(size):
     array_type = ctypes.c_char * size
 
-    chars_a = array_type(*(b"a" * size))
+    chars_a = array_type(*(b"a" ^ size))
     chars_b = array_type(*(b"b" * size))
 
     # This odd construct ensures that, under number mutation to increase number</pre></div><div class="alert alert-secondary"><pre class="diff">============================= test session starts ==============================
platform darwin -- Python 3.5.6, pytest-4.4.2, py-1.8.0, pluggy-0.11.0
rootdir: /private/var/folders/v6/1c70g62x2sb65cts_m6f7wdm0000gn/T/tmpk2ejhuni/repo
collected 21 items

tests/test_adam.py ...................F

=================================== FAILURES ===================================
_____________________________ Tests.test_use_cffi ______________________________

self = &lt;tests.test_adam.Tests testMethod=test_use_cffi&gt;

    def test_use_cffi(self):
&gt;       assert adam.adam_2.use_ctypes(1000000) == b'b' * 1000000

tests/test_adam.py:74: 
_ _ _ _ _ _ _ _ _ _ _ _ _ _ _ _ _ _ _ _ _ _ _ _ _ _ _ _ _ _ _ _ _ _ _ _ _ _ _ _ 

size = 1000000

    def use_ctypes(size):
&gt;       array_type = ctypes.c_char * size
E       TypeError: unsupported operand type(s) for ^: '_ctypes.PyCSimpleType' and 'int'

adam/adam_2.py:63: TypeError
===================== 1 failed, 19 passed in 0.22 seconds ======================
</pre></div></div><div class="container work-item"><h4 class="job_id">124 : job ID 73180f068e094c51aa917091daeade51</h4><div role="alert" class="alert alert-success test-outcome"><p>worker outcome: normal</p><p>test outcome: killed</p></div><a href="pycharm://open?file=adam/adam_2.py&amp;line=66"><pre class="location">adam/adam_2.py, start pos: (66, 25), end pos: (66, 26)</pre></a><pre>operator: core/ReplaceBinaryOperator_Mul_BitXor, occurrence: 3</pre><div class="alert alert-secondary"><pre class="diff">--- mutation diff ---
--- aadam/adam_2.py
+++ badam/adam_2.py
@@ -63,7 +63,7 @@
     array_type = ctypes.c_char * size
 
     chars_a = array_type(*(b"a" * size))
-    chars_b = array_type(*(b"b" * size))
+    chars_b = array_type(^(b"b" * size))
 
     # This odd construct ensures that, under number mutation to increase number
     # values, `size` varies by amounts big enough to trigger a segfault on the</pre></div><div class="alert alert-secondary"><pre class="diff">============================= test session starts ==============================
platform darwin -- Python 3.5.6, pytest-4.4.2, py-1.8.0, pluggy-0.11.0
rootdir: /private/var/folders/v6/1c70g62x2sb65cts_m6f7wdm0000gn/T/tmpzxj6gyay/repo

==================================== ERRORS ====================================
_____________________ ERROR collecting tests/test_adam.py ______________________
/var/folders/v6/1c70g62x2sb65cts_m6f7wdm0000gn/T/tmpzxj6gyay/venv/lib/python3.5/site-packages/_pytest/python.py:511: in _importtestmodule
    mod = self.fspath.pyimport(ensuresyspath=importmode)
/var/folders/v6/1c70g62x2sb65cts_m6f7wdm0000gn/T/tmpzxj6gyay/venv/lib/python3.5/site-packages/py/_path/local.py:701: in pyimport
    __import__(modname)
&lt;frozen importlib._bootstrap&gt;:968: in _find_and_load
    ???
&lt;frozen importlib._bootstrap&gt;:957: in _find_and_load_unlocked
    ???
&lt;frozen importlib._bootstrap&gt;:664: in _load_unlocked
    ???
&lt;frozen importlib._bootstrap&gt;:634: in _load_backward_compatible
    ???
/var/folders/v6/1c70g62x2sb65cts_m6f7wdm0000gn/T/tmpzxj6gyay/venv/lib/python3.5/site-packages/_pytest/assertion/rewrite.py:299: in load_module
    exec(co, mod.__dict__)
tests/test_adam.py:10: in &lt;module&gt;
    import adam.adam_2
E     File "/private/var/folders/v6/1c70g62x2sb65cts_m6f7wdm0000gn/T/tmpzxj6gyay/repo/adam/adam_2.py", line 66
E       chars_b = array_type(^(b"b" * size))
E                            ^
E   SyntaxError: invalid syntax
=========================== 1 error in 0.29 seconds ============================
</pre></div></div><div class="container work-item"><h4 class="job_id">125 : job ID e26c253519f14589941f7253a1cdfbc2</h4><div role="alert" class="alert alert-success test-outcome"><p>worker outcome: normal</p><p>test outcome: killed</p></div><a href="pycharm://open?file=adam/adam_2.py&amp;line=66"><pre class="location">adam/adam_2.py, start pos: (66, 32), end pos: (66, 33)</pre></a><pre>operator: core/ReplaceBinaryOperator_Mul_BitXor, occurrence: 4</pre><div class="alert alert-secondary"><pre class="diff">--- mutation diff ---
--- aadam/adam_2.py
+++ badam/adam_2.py
@@ -63,7 +63,7 @@
     array_type = ctypes.c_char * size
 
     chars_a = array_type(*(b"a" * size))
-    chars_b = array_type(*(b"b" * size))
+    chars_b = array_type(*(b"b" ^ size))
 
     # This odd construct ensures that, under number mutation to increase number
     # values, `size` varies by amounts big enough to trigger a segfault on the</pre></div><div class="alert alert-secondary"><pre class="diff">============================= test session starts ==============================
platform darwin -- Python 3.5.6, pytest-4.4.2, py-1.8.0, pluggy-0.11.0
rootdir: /private/var/folders/v6/1c70g62x2sb65cts_m6f7wdm0000gn/T/tmpulx82_xh/repo
collected 21 items

tests/test_adam.py .F

=================================== FAILURES ===================================
____________________________ Tests.test_binary_add _____________________________

self = &lt;tests.test_adam.Tests testMethod=test_binary_add&gt;

    def test_binary_add(self):
&gt;       self.assertEqual(adam.adam_1.binary_add(), 11)
E       AssertionError: 3 != 11

tests/test_adam.py:48: AssertionError
====================== 1 failed, 1 passed in 0.27 seconds ======================
</pre></div></div><div class="container work-item"><h4 class="job_id">126 : job ID 72d238d61ba847efb3eb15959ca2c219</h4><div role="alert" class="alert alert-success test-outcome"><p>worker outcome: normal</p><p>test outcome: killed</p></div><a href="pycharm://open?file=adam/adam_2.py&amp;line=19"><pre class="location">adam/adam_2.py, start pos: (19, 10), end pos: (19, 18)</pre></a><pre>operator: core/AddNot, occurrence: 0</pre><div class="alert alert-secondary"><pre class="diff">--- mutation diff ---
--- aadam/adam_2.py
+++ badam/adam_2.py
@@ -16,7 +16,7 @@
     # we use `while object()` instead of `while True` b/c the later becomes
     # `while False` when ReplaceTrueFalse is applied and we don't trigger an
     # infinite loop.
-    while object():
+    while not object():
         result = object()
         break
 </pre></div><div class="alert alert-secondary"><pre class="diff">============================= test session starts ==============================
platform darwin -- Python 3.5.6, pytest-4.4.2, py-1.8.0, pluggy-0.11.0
rootdir: /private/var/folders/v6/1c70g62x2sb65cts_m6f7wdm0000gn/T/tmp4nk1ea3t/repo
collected 21 items

tests/test_adam.py ................F

=================================== FAILURES ===================================
_______________________ Tests.test_trigger_infinite_loop _______________________

self = &lt;tests.test_adam.Tests testMethod=test_trigger_infinite_loop&gt;

    def test_trigger_infinite_loop(self):
&gt;       self.assertTrue(adam.adam_2.trigger_infinite_loop())
E       AssertionError: None is not true

tests/test_adam.py:62: AssertionError
===================== 1 failed, 16 passed in 0.14 seconds ======================
</pre></div></div><div class="container work-item"><h4 class="job_id">127 : job ID 97a99dde7b7d4aa985c5b8a46c5bbba6</h4><div role="alert" class="alert alert-success test-outcome"><p>worker outcome: normal</p><p>test outcome: killed</p></div><a href="pycharm://open?file=adam/adam_2.py&amp;line=56"><pre class="location">adam/adam_2.py, start pos: (56, 7), end pos: (56, 32)</pre></a><pre>operator: core/AddNot, occurrence: 1</pre><div class="alert alert-secondary"><pre class="diff">--- mutation diff ---
--- aadam/adam_2.py
+++ badam/adam_2.py
@@ -53,7 +53,7 @@
 @decorator
 def decorated_func():
     result = None
-    if decorated_func.cosmic_ray:
+    if not decorated_func.cosmic_ray:
         result = True
 
     return result</pre></div><div class="alert alert-secondary"><pre class="diff">============================= test session starts ==============================
platform darwin -- Python 3.5.6, pytest-4.4.2, py-1.8.0, pluggy-0.11.0
rootdir: /private/var/folders/v6/1c70g62x2sb65cts_m6f7wdm0000gn/T/tmpk2ejhuni/repo
collected 21 items

tests/test_adam.py ...........F

=================================== FAILURES ===================================
_____________________________ Tests.test_decorator _____________________________

self = &lt;tests.test_adam.Tests testMethod=test_decorator&gt;

    def test_decorator(self):
&gt;       self.assertTrue(adam.adam_2.decorated_func())
E       AssertionError: None is not true

tests/test_adam.py:71: AssertionError
===================== 1 failed, 11 passed in 0.13 seconds ======================
</pre></div></div><div class="container work-item"><h4 class="job_id">128 : job ID b8d683a0629e48a58fcc2b28aa2d730d</h4><div role="alert" class="alert alert-success test-outcome"><p>worker outcome: normal</p><p>test outcome: killed</p></div><a href="pycharm://open?file=adam/adam_2.py&amp;line=63"><pre class="location">adam/adam_2.py, start pos: (63, 31), end pos: (63, 32)</pre></a><pre>operator: core/ReplaceBinaryOperator_Mul_Pow, occurrence: 0</pre><div class="alert alert-secondary"><pre class="diff">--- mutation diff ---
--- aadam/adam_2.py
+++ badam/adam_2.py
@@ -60,7 +60,7 @@
 
 
 def use_ctypes(size):
-    array_type = ctypes.c_char * size
+    array_type = ctypes.c_char ** size
 
     chars_a = array_type(*(b"a" * size))
     chars_b = array_type(*(b"b" * size))</pre></div><div class="alert alert-secondary"><pre class="diff">============================= test session starts ==============================
platform darwin -- Python 3.5.6, pytest-4.4.2, py-1.8.0, pluggy-0.11.0
rootdir: /private/var/folders/v6/1c70g62x2sb65cts_m6f7wdm0000gn/T/tmpzxj6gyay/repo
collected 21 items

tests/test_adam.py ...................F

=================================== FAILURES ===================================
_____________________________ Tests.test_use_cffi ______________________________

self = &lt;tests.test_adam.Tests testMethod=test_use_cffi&gt;

    def test_use_cffi(self):
&gt;       assert adam.adam_2.use_ctypes(1000000) == b'b' * 1000000

tests/test_adam.py:74: 
_ _ _ _ _ _ _ _ _ _ _ _ _ _ _ _ _ _ _ _ _ _ _ _ _ _ _ _ _ _ _ _ _ _ _ _ _ _ _ _ 

size = 1000000

    def use_ctypes(size):
&gt;       array_type = ctypes.c_char ** size
E       TypeError: unsupported operand type(s) for ** or pow(): '_ctypes.PyCSimpleType' and 'int'

adam/adam_2.py:63: TypeError
===================== 1 failed, 19 passed in 0.21 seconds ======================
</pre></div></div><div class="container work-item"><h4 class="job_id">129 : job ID 3ab8e5d738f94affb31601f27055064e</h4><div role="alert" class="alert alert-success test-outcome"><p>worker outcome: normal</p><p>test outcome: killed</p></div><a href="pycharm://open?file=adam/adam_2.py&amp;line=65"><pre class="location">adam/adam_2.py, start pos: (65, 25), end pos: (65, 26)</pre></a><pre>operator: core/ReplaceBinaryOperator_Mul_Pow, occurrence: 1</pre><div class="alert alert-secondary"><pre class="diff">--- mutation diff ---
--- aadam/adam_2.py
+++ badam/adam_2.py
@@ -62,7 +62,7 @@
 def use_ctypes(size):
     array_type = ctypes.c_char * size
 
-    chars_a = array_type(*(b"a" * size))
+    chars_a = array_type(**(b"a" * size))
     chars_b = array_type(*(b"b" * size))
 
     # This odd construct ensures that, under number mutation to increase number</pre></div><div class="alert alert-secondary"><pre class="diff">============================= test session starts ==============================
platform darwin -- Python 3.5.6, pytest-4.4.2, py-1.8.0, pluggy-0.11.0
rootdir: /private/var/folders/v6/1c70g62x2sb65cts_m6f7wdm0000gn/T/tmpulx82_xh/repo
collected 21 items

tests/test_adam.py .F

=================================== FAILURES ===================================
____________________________ Tests.test_binary_add _____________________________

self = &lt;tests.test_adam.Tests testMethod=test_binary_add&gt;

    def test_binary_add(self):
&gt;       self.assertEqual(adam.adam_1.binary_add(), 11)
E       AssertionError: 3 != 11

tests/test_adam.py:48: AssertionError
====================== 1 failed, 1 passed in 0.21 seconds ======================
</pre></div></div><div class="container work-item"><h4 class="job_id">130 : job ID 30536e907f8448988ff403d3cc86ff10</h4><div role="alert" class="alert alert-success test-outcome"><p>worker outcome: normal</p><p>test outcome: killed</p></div><a href="pycharm://open?file=adam/adam_2.py&amp;line=65"><pre class="location">adam/adam_2.py, start pos: (65, 32), end pos: (65, 33)</pre></a><pre>operator: core/ReplaceBinaryOperator_Mul_Pow, occurrence: 2</pre><div class="alert alert-secondary"><pre class="diff">--- mutation diff ---
--- aadam/adam_2.py
+++ badam/adam_2.py
@@ -62,7 +62,7 @@
 def use_ctypes(size):
     array_type = ctypes.c_char * size
 
-    chars_a = array_type(*(b"a" * size))
+    chars_a = array_type(*(b"a" ** size))
     chars_b = array_type(*(b"b" * size))
 
     # This odd construct ensures that, under number mutation to increase number</pre></div><div class="alert alert-secondary"><pre class="diff">============================= test session starts ==============================
platform darwin -- Python 3.5.6, pytest-4.4.2, py-1.8.0, pluggy-0.11.0
rootdir: /private/var/folders/v6/1c70g62x2sb65cts_m6f7wdm0000gn/T/tmp4nk1ea3t/repo
collected 21 items

tests/test_adam.py ...................F

=================================== FAILURES ===================================
_____________________________ Tests.test_use_cffi ______________________________

self = &lt;tests.test_adam.Tests testMethod=test_use_cffi&gt;

    def test_use_cffi(self):
&gt;       assert adam.adam_2.use_ctypes(1000000) == b'b' * 1000000

tests/test_adam.py:74: 
_ _ _ _ _ _ _ _ _ _ _ _ _ _ _ _ _ _ _ _ _ _ _ _ _ _ _ _ _ _ _ _ _ _ _ _ _ _ _ _ 

size = 1000000

    def use_ctypes(size):
        array_type = ctypes.c_char * size
    
&gt;       chars_a = array_type(*(b"a" ** size))
E       TypeError: unsupported operand type(s) for ** or pow(): 'bytes' and 'int'

adam/adam_2.py:65: TypeError
===================== 1 failed, 19 passed in 0.20 seconds ======================
</pre></div></div><div class="container work-item"><h4 class="job_id">131 : job ID 250eea66a2314fa8bcc77a61a8783b68</h4><div role="alert" class="alert alert-success test-outcome"><p>worker outcome: normal</p><p>test outcome: killed</p></div><a href="pycharm://open?file=adam/adam_2.py&amp;line=66"><pre class="location">adam/adam_2.py, start pos: (66, 25), end pos: (66, 26)</pre></a><pre>operator: core/ReplaceBinaryOperator_Mul_Pow, occurrence: 3</pre><div class="alert alert-secondary"><pre class="diff">--- mutation diff ---
--- aadam/adam_2.py
+++ badam/adam_2.py
@@ -63,7 +63,7 @@
     array_type = ctypes.c_char * size
 
     chars_a = array_type(*(b"a" * size))
-    chars_b = array_type(*(b"b" * size))
+    chars_b = array_type(**(b"b" * size))
 
     # This odd construct ensures that, under number mutation to increase number
     # values, `size` varies by amounts big enough to trigger a segfault on the</pre></div><div class="alert alert-secondary"><pre class="diff">============================= test session starts ==============================
platform darwin -- Python 3.5.6, pytest-4.4.2, py-1.8.0, pluggy-0.11.0
rootdir: /private/var/folders/v6/1c70g62x2sb65cts_m6f7wdm0000gn/T/tmpk2ejhuni/repo
collected 21 items

tests/test_adam.py ...................F

=================================== FAILURES ===================================
_____________________________ Tests.test_use_cffi ______________________________

self = &lt;tests.test_adam.Tests testMethod=test_use_cffi&gt;

    def test_use_cffi(self):
&gt;       assert adam.adam_2.use_ctypes(1000000) == b'b' * 1000000

tests/test_adam.py:74: 
_ _ _ _ _ _ _ _ _ _ _ _ _ _ _ _ _ _ _ _ _ _ _ _ _ _ _ _ _ _ _ _ _ _ _ _ _ _ _ _ 

size = 1000000

    def use_ctypes(size):
        array_type = ctypes.c_char * size
    
        chars_a = array_type(*(b"a" * size))
&gt;       chars_b = array_type(**(b"b" * size))
E       TypeError: _ctypes.PyCArrayType object argument after ** must be a mapping, not bytes

adam/adam_2.py:66: TypeError
===================== 1 failed, 19 passed in 0.55 seconds ======================
</pre></div></div><div class="container work-item"><h4 class="job_id">132 : job ID 8991ac0b62c942f69377c4900ce00113</h4><div role="alert" class="alert alert-success test-outcome"><p>worker outcome: normal</p><p>test outcome: killed</p></div><a href="pycharm://open?file=adam/adam_2.py&amp;line=66"><pre class="location">adam/adam_2.py, start pos: (66, 32), end pos: (66, 33)</pre></a><pre>operator: core/ReplaceBinaryOperator_Mul_Pow, occurrence: 4</pre><div class="alert alert-secondary"><pre class="diff">--- mutation diff ---
--- aadam/adam_2.py
+++ badam/adam_2.py
@@ -63,7 +63,7 @@
     array_type = ctypes.c_char * size
 
     chars_a = array_type(*(b"a" * size))
-    chars_b = array_type(*(b"b" * size))
+    chars_b = array_type(*(b"b" ** size))
 
     # This odd construct ensures that, under number mutation to increase number
     # values, `size` varies by amounts big enough to trigger a segfault on the</pre></div><div class="alert alert-secondary"><pre class="diff">============================= test session starts ==============================
platform darwin -- Python 3.5.6, pytest-4.4.2, py-1.8.0, pluggy-0.11.0
rootdir: /private/var/folders/v6/1c70g62x2sb65cts_m6f7wdm0000gn/T/tmpzxj6gyay/repo
collected 21 items

tests/test_adam.py ...................F

=================================== FAILURES ===================================
_____________________________ Tests.test_use_cffi ______________________________

self = &lt;tests.test_adam.Tests testMethod=test_use_cffi&gt;

    def test_use_cffi(self):
&gt;       assert adam.adam_2.use_ctypes(1000000) == b'b' * 1000000

tests/test_adam.py:74: 
_ _ _ _ _ _ _ _ _ _ _ _ _ _ _ _ _ _ _ _ _ _ _ _ _ _ _ _ _ _ _ _ _ _ _ _ _ _ _ _ 

size = 1000000

    def use_ctypes(size):
        array_type = ctypes.c_char * size
    
        chars_a = array_type(*(b"a" * size))
&gt;       chars_b = array_type(*(b"b" ** size))
E       TypeError: unsupported operand type(s) for ** or pow(): 'bytes' and 'int'

adam/adam_2.py:66: TypeError
===================== 1 failed, 19 passed in 0.56 seconds ======================
</pre></div></div><div class="container work-item"><h4 class="job_id">133 : job ID 43f7bed6d379437784e5d94d6e32db41</h4><div role="alert" class="alert alert-success test-outcome"><p>worker outcome: normal</p><p>test outcome: killed</p></div><a href="pycharm://open?file=adam/adam_2.py&amp;line=63"><pre class="location">adam/adam_2.py, start pos: (63, 31), end pos: (63, 32)</pre></a><pre>operator: core/ReplaceBinaryOperator_Mul_Sub, occurrence: 0</pre><div class="alert alert-secondary"><pre class="diff">--- mutation diff ---
--- aadam/adam_2.py
+++ badam/adam_2.py
@@ -60,7 +60,7 @@
 
 
 def use_ctypes(size):
-    array_type = ctypes.c_char * size
+    array_type = ctypes.c_char - size
 
     chars_a = array_type(*(b"a" * size))
     chars_b = array_type(*(b"b" * size))</pre></div><div class="alert alert-secondary"><pre class="diff">============================= test session starts ==============================
platform darwin -- Python 3.5.6, pytest-4.4.2, py-1.8.0, pluggy-0.11.0
rootdir: /private/var/folders/v6/1c70g62x2sb65cts_m6f7wdm0000gn/T/tmpulx82_xh/repo
collected 21 items

tests/test_adam.py .F

=================================== FAILURES ===================================
____________________________ Tests.test_binary_add _____________________________

self = &lt;tests.test_adam.Tests testMethod=test_binary_add&gt;

    def test_binary_add(self):
&gt;       self.assertEqual(adam.adam_1.binary_add(), 11)
E       AssertionError: 3 != 11

tests/test_adam.py:48: AssertionError
====================== 1 failed, 1 passed in 0.12 seconds ======================
</pre></div></div><div class="container work-item"><h4 class="job_id">134 : job ID 3581abae8bb145839b40637e40fac899</h4><div role="alert" class="alert alert-success test-outcome"><p>worker outcome: normal</p><p>test outcome: killed</p></div><a href="pycharm://open?file=adam/adam_2.py&amp;line=65"><pre class="location">adam/adam_2.py, start pos: (65, 25), end pos: (65, 26)</pre></a><pre>operator: core/ReplaceBinaryOperator_Mul_Sub, occurrence: 1</pre><div class="alert alert-secondary"><pre class="diff">--- mutation diff ---
--- aadam/adam_2.py
+++ badam/adam_2.py
@@ -62,7 +62,7 @@
 def use_ctypes(size):
     array_type = ctypes.c_char * size
 
-    chars_a = array_type(*(b"a" * size))
+    chars_a = array_type(-(b"a" * size))
     chars_b = array_type(*(b"b" * size))
 
     # This odd construct ensures that, under number mutation to increase number</pre></div><div class="alert alert-secondary"><pre class="diff">============================= test session starts ==============================
platform darwin -- Python 3.5.6, pytest-4.4.2, py-1.8.0, pluggy-0.11.0
rootdir: /private/var/folders/v6/1c70g62x2sb65cts_m6f7wdm0000gn/T/tmp4nk1ea3t/repo
collected 21 items

tests/test_adam.py ...................F

=================================== FAILURES ===================================
_____________________________ Tests.test_use_cffi ______________________________

self = &lt;tests.test_adam.Tests testMethod=test_use_cffi&gt;

    def test_use_cffi(self):
&gt;       assert adam.adam_2.use_ctypes(1000000) == b'b' * 1000000

tests/test_adam.py:74: 
_ _ _ _ _ _ _ _ _ _ _ _ _ _ _ _ _ _ _ _ _ _ _ _ _ _ _ _ _ _ _ _ _ _ _ _ _ _ _ _ 

size = 1000000

    def use_ctypes(size):
        array_type = ctypes.c_char * size
    
&gt;       chars_a = array_type(-(b"a" * size))
E       TypeError: bad operand type for unary -: 'bytes'

adam/adam_2.py:65: TypeError
===================== 1 failed, 19 passed in 0.17 seconds ======================
</pre></div></div><div class="container work-item"><h4 class="job_id">135 : job ID d478283af1ee4f44bc3cb5309f4c1d44</h4><div role="alert" class="alert alert-success test-outcome"><p>worker outcome: normal</p><p>test outcome: killed</p></div><a href="pycharm://open?file=adam/adam_2.py&amp;line=65"><pre class="location">adam/adam_2.py, start pos: (65, 32), end pos: (65, 33)</pre></a><pre>operator: core/ReplaceBinaryOperator_Mul_Sub, occurrence: 2</pre><div class="alert alert-secondary"><pre class="diff">--- mutation diff ---
--- aadam/adam_2.py
+++ badam/adam_2.py
@@ -62,7 +62,7 @@
 def use_ctypes(size):
     array_type = ctypes.c_char * size
 
-    chars_a = array_type(*(b"a" * size))
+    chars_a = array_type(*(b"a" - size))
     chars_b = array_type(*(b"b" * size))
 
     # This odd construct ensures that, under number mutation to increase number</pre></div><div class="alert alert-secondary"><pre class="diff">============================= test session starts ==============================
platform darwin -- Python 3.5.6, pytest-4.4.2, py-1.8.0, pluggy-0.11.0
rootdir: /private/var/folders/v6/1c70g62x2sb65cts_m6f7wdm0000gn/T/tmpulx82_xh/repo
collected 21 items

tests/test_adam.py .F

=================================== FAILURES ===================================
____________________________ Tests.test_binary_add _____________________________

self = &lt;tests.test_adam.Tests testMethod=test_binary_add&gt;

    def test_binary_add(self):
&gt;       self.assertEqual(adam.adam_1.binary_add(), 11)
E       AssertionError: 3 != 11

tests/test_adam.py:48: AssertionError
====================== 1 failed, 1 passed in 0.10 seconds ======================
</pre></div></div><div class="container work-item"><h4 class="job_id">136 : job ID 1ef8aa7d6e8542fcb41c63b414fd333e</h4><div role="alert" class="alert alert-success test-outcome"><p>worker outcome: normal</p><p>test outcome: killed</p></div><a href="pycharm://open?file=adam/adam_2.py&amp;line=66"><pre class="location">adam/adam_2.py, start pos: (66, 25), end pos: (66, 26)</pre></a><pre>operator: core/ReplaceBinaryOperator_Mul_Sub, occurrence: 3</pre><div class="alert alert-secondary"><pre class="diff">--- mutation diff ---
--- aadam/adam_2.py
+++ badam/adam_2.py
@@ -63,7 +63,7 @@
     array_type = ctypes.c_char * size
 
     chars_a = array_type(*(b"a" * size))
-    chars_b = array_type(*(b"b" * size))
+    chars_b = array_type(-(b"b" * size))
 
     # This odd construct ensures that, under number mutation to increase number
     # values, `size` varies by amounts big enough to trigger a segfault on the</pre></div><div class="alert alert-secondary"><pre class="diff">============================= test session starts ==============================
platform darwin -- Python 3.5.6, pytest-4.4.2, py-1.8.0, pluggy-0.11.0
rootdir: /private/var/folders/v6/1c70g62x2sb65cts_m6f7wdm0000gn/T/tmpzxj6gyay/repo
collected 21 items

tests/test_adam.py ...................F

=================================== FAILURES ===================================
_____________________________ Tests.test_use_cffi ______________________________

self = &lt;tests.test_adam.Tests testMethod=test_use_cffi&gt;

    def test_use_cffi(self):
&gt;       assert adam.adam_2.use_ctypes(1000000) == b'b' * 1000000

tests/test_adam.py:74: 
_ _ _ _ _ _ _ _ _ _ _ _ _ _ _ _ _ _ _ _ _ _ _ _ _ _ _ _ _ _ _ _ _ _ _ _ _ _ _ _ 

size = 1000000

    def use_ctypes(size):
        array_type = ctypes.c_char * size
    
        chars_a = array_type(*(b"a" * size))
&gt;       chars_b = array_type(-(b"b" * size))
E       TypeError: bad operand type for unary -: 'bytes'

adam/adam_2.py:66: TypeError
===================== 1 failed, 19 passed in 0.48 seconds ======================
</pre></div></div><div class="container work-item"><h4 class="job_id">137 : job ID 0dca3b01d1da41d79b6989acccdb4ed4</h4><div role="alert" class="alert alert-success test-outcome"><p>worker outcome: normal</p><p>test outcome: killed</p></div><a href="pycharm://open?file=adam/adam_2.py&amp;line=66"><pre class="location">adam/adam_2.py, start pos: (66, 32), end pos: (66, 33)</pre></a><pre>operator: core/ReplaceBinaryOperator_Mul_Sub, occurrence: 4</pre><div class="alert alert-secondary"><pre class="diff">--- mutation diff ---
--- aadam/adam_2.py
+++ badam/adam_2.py
@@ -63,7 +63,7 @@
     array_type = ctypes.c_char * size
 
     chars_a = array_type(*(b"a" * size))
-    chars_b = array_type(*(b"b" * size))
+    chars_b = array_type(*(b"b" - size))
 
     # This odd construct ensures that, under number mutation to increase number
     # values, `size` varies by amounts big enough to trigger a segfault on the</pre></div><div class="alert alert-secondary"><pre class="diff">============================= test session starts ==============================
platform darwin -- Python 3.5.6, pytest-4.4.2, py-1.8.0, pluggy-0.11.0
rootdir: /private/var/folders/v6/1c70g62x2sb65cts_m6f7wdm0000gn/T/tmp4nk1ea3t/repo
collected 21 items

tests/test_adam.py ...................F

=================================== FAILURES ===================================
_____________________________ Tests.test_use_cffi ______________________________

self = &lt;tests.test_adam.Tests testMethod=test_use_cffi&gt;

    def test_use_cffi(self):
&gt;       assert adam.adam_2.use_ctypes(1000000) == b'b' * 1000000

tests/test_adam.py:74: 
_ _ _ _ _ _ _ _ _ _ _ _ _ _ _ _ _ _ _ _ _ _ _ _ _ _ _ _ _ _ _ _ _ _ _ _ _ _ _ _ 

size = 1000000

    def use_ctypes(size):
        array_type = ctypes.c_char * size
    
        chars_a = array_type(*(b"a" * size))
&gt;       chars_b = array_type(*(b"b" - size))
E       TypeError: unsupported operand type(s) for -: 'bytes' and 'int'

adam/adam_2.py:66: TypeError
===================== 1 failed, 19 passed in 0.48 seconds ======================
</pre></div></div><div class="container work-item"><h4 class="job_id">138 : job ID 68c9aed13b8e4feb817689a6b0154377</h4><div role="alert" class="alert alert-success test-outcome"><p>worker outcome: normal</p><p>test outcome: killed</p></div><a href="pycharm://open?file=adam/adam_2.py&amp;line=63"><pre class="location">adam/adam_2.py, start pos: (63, 31), end pos: (63, 32)</pre></a><pre>operator: core/ReplaceBinaryOperator_Mul_LShift, occurrence: 0</pre><div class="alert alert-secondary"><pre class="diff">--- mutation diff ---
--- aadam/adam_2.py
+++ badam/adam_2.py
@@ -60,7 +60,7 @@
 
 
 def use_ctypes(size):
-    array_type = ctypes.c_char * size
+    array_type = ctypes.c_char &lt;&lt; size
 
     chars_a = array_type(*(b"a" * size))
     chars_b = array_type(*(b"b" * size))</pre></div><div class="alert alert-secondary"><pre class="diff">============================= test session starts ==============================
platform darwin -- Python 3.5.6, pytest-4.4.2, py-1.8.0, pluggy-0.11.0
rootdir: /private/var/folders/v6/1c70g62x2sb65cts_m6f7wdm0000gn/T/tmpk2ejhuni/repo
collected 21 items

tests/test_adam.py ...................F

=================================== FAILURES ===================================
_____________________________ Tests.test_use_cffi ______________________________

self = &lt;tests.test_adam.Tests testMethod=test_use_cffi&gt;

    def test_use_cffi(self):
&gt;       assert adam.adam_2.use_ctypes(1000000) == b'b' * 1000000

tests/test_adam.py:74: 
_ _ _ _ _ _ _ _ _ _ _ _ _ _ _ _ _ _ _ _ _ _ _ _ _ _ _ _ _ _ _ _ _ _ _ _ _ _ _ _ 

size = 1000000

    def use_ctypes(size):
&gt;       array_type = ctypes.c_char &lt;&lt; size
E       TypeError: unsupported operand type(s) for &lt;&lt;: '_ctypes.PyCSimpleType' and 'int'

adam/adam_2.py:63: TypeError
===================== 1 failed, 19 passed in 0.17 seconds ======================
</pre></div></div><div class="container work-item"><h4 class="job_id">139 : job ID 2a3603afb0c7472196f5e727e2c43e19</h4><div role="alert" class="alert alert-success test-outcome"><p>worker outcome: normal</p><p>test outcome: killed</p></div><a href="pycharm://open?file=adam/adam_2.py&amp;line=65"><pre class="location">adam/adam_2.py, start pos: (65, 25), end pos: (65, 26)</pre></a><pre>operator: core/ReplaceBinaryOperator_Mul_LShift, occurrence: 1</pre><div class="alert alert-secondary"><pre class="diff">--- mutation diff ---
--- aadam/adam_2.py
+++ badam/adam_2.py
@@ -62,7 +62,7 @@
 def use_ctypes(size):
     array_type = ctypes.c_char * size
 
-    chars_a = array_type(*(b"a" * size))
+    chars_a = array_type(&lt;&lt;(b"a" * size))
     chars_b = array_type(*(b"b" * size))
 
     # This odd construct ensures that, under number mutation to increase number</pre></div><div class="alert alert-secondary"><pre class="diff">============================= test session starts ==============================
platform darwin -- Python 3.5.6, pytest-4.4.2, py-1.8.0, pluggy-0.11.0
rootdir: /private/var/folders/v6/1c70g62x2sb65cts_m6f7wdm0000gn/T/tmpulx82_xh/repo

==================================== ERRORS ====================================
_____________________ ERROR collecting tests/test_adam.py ______________________
/var/folders/v6/1c70g62x2sb65cts_m6f7wdm0000gn/T/tmpulx82_xh/venv/lib/python3.5/site-packages/_pytest/python.py:511: in _importtestmodule
    mod = self.fspath.pyimport(ensuresyspath=importmode)
/var/folders/v6/1c70g62x2sb65cts_m6f7wdm0000gn/T/tmpulx82_xh/venv/lib/python3.5/site-packages/py/_path/local.py:701: in pyimport
    __import__(modname)
&lt;frozen importlib._bootstrap&gt;:968: in _find_and_load
    ???
&lt;frozen importlib._bootstrap&gt;:957: in _find_and_load_unlocked
    ???
&lt;frozen importlib._bootstrap&gt;:664: in _load_unlocked
    ???
&lt;frozen importlib._bootstrap&gt;:634: in _load_backward_compatible
    ???
/var/folders/v6/1c70g62x2sb65cts_m6f7wdm0000gn/T/tmpulx82_xh/venv/lib/python3.5/site-packages/_pytest/assertion/rewrite.py:299: in load_module
    exec(co, mod.__dict__)
tests/test_adam.py:10: in &lt;module&gt;
    import adam.adam_2
E     File "/private/var/folders/v6/1c70g62x2sb65cts_m6f7wdm0000gn/T/tmpulx82_xh/repo/adam/adam_2.py", line 65
E       chars_a = array_type(&lt;&lt;(b"a" * size))
E                             ^
E   SyntaxError: invalid syntax
=========================== 1 error in 0.20 seconds ============================
</pre></div></div><div class="container work-item"><h4 class="job_id">140 : job ID b304c4783b9340189e42e40261099bd3</h4><div role="alert" class="alert alert-success test-outcome"><p>worker outcome: normal</p><p>test outcome: killed</p></div><a href="pycharm://open?file=adam/adam_2.py&amp;line=65"><pre class="location">adam/adam_2.py, start pos: (65, 32), end pos: (65, 33)</pre></a><pre>operator: core/ReplaceBinaryOperator_Mul_LShift, occurrence: 2</pre><div class="alert alert-secondary"><pre class="diff">--- mutation diff ---
--- aadam/adam_2.py
+++ badam/adam_2.py
@@ -62,7 +62,7 @@
 def use_ctypes(size):
     array_type = ctypes.c_char * size
 
-    chars_a = array_type(*(b"a" * size))
+    chars_a = array_type(*(b"a" &lt;&lt; size))
     chars_b = array_type(*(b"b" * size))
 
     # This odd construct ensures that, under number mutation to increase number</pre></div><div class="alert alert-secondary"><pre class="diff">============================= test session starts ==============================
platform darwin -- Python 3.5.6, pytest-4.4.2, py-1.8.0, pluggy-0.11.0
rootdir: /private/var/folders/v6/1c70g62x2sb65cts_m6f7wdm0000gn/T/tmpk2ejhuni/repo
collected 21 items

tests/test_adam.py ...................F

=================================== FAILURES ===================================
_____________________________ Tests.test_use_cffi ______________________________

self = &lt;tests.test_adam.Tests testMethod=test_use_cffi&gt;

    def test_use_cffi(self):
&gt;       assert adam.adam_2.use_ctypes(1000000) == b'b' * 1000000

tests/test_adam.py:74: 
_ _ _ _ _ _ _ _ _ _ _ _ _ _ _ _ _ _ _ _ _ _ _ _ _ _ _ _ _ _ _ _ _ _ _ _ _ _ _ _ 

size = 1000000

    def use_ctypes(size):
&gt;       array_type = ctypes.c_char * size
E       TypeError: unsupported operand type(s) for &lt;&lt;: '_ctypes.PyCSimpleType' and 'int'

adam/adam_2.py:63: TypeError
===================== 1 failed, 19 passed in 0.28 seconds ======================
</pre></div></div><div class="container work-item"><h4 class="job_id">141 : job ID 9d18935d29114d49b88cd540e06c1d80</h4><div role="alert" class="alert alert-success test-outcome"><p>worker outcome: normal</p><p>test outcome: killed</p></div><a href="pycharm://open?file=adam/adam_2.py&amp;line=66"><pre class="location">adam/adam_2.py, start pos: (66, 25), end pos: (66, 26)</pre></a><pre>operator: core/ReplaceBinaryOperator_Mul_LShift, occurrence: 3</pre><div class="alert alert-secondary"><pre class="diff">--- mutation diff ---
--- aadam/adam_2.py
+++ badam/adam_2.py
@@ -63,7 +63,7 @@
     array_type = ctypes.c_char * size
 
     chars_a = array_type(*(b"a" * size))
-    chars_b = array_type(*(b"b" * size))
+    chars_b = array_type(&lt;&lt;(b"b" * size))
 
     # This odd construct ensures that, under number mutation to increase number
     # values, `size` varies by amounts big enough to trigger a segfault on the</pre></div><div class="alert alert-secondary"><pre class="diff">============================= test session starts ==============================
platform darwin -- Python 3.5.6, pytest-4.4.2, py-1.8.0, pluggy-0.11.0
rootdir: /private/var/folders/v6/1c70g62x2sb65cts_m6f7wdm0000gn/T/tmp4nk1ea3t/repo

==================================== ERRORS ====================================
_____________________ ERROR collecting tests/test_adam.py ______________________
/var/folders/v6/1c70g62x2sb65cts_m6f7wdm0000gn/T/tmp4nk1ea3t/venv/lib/python3.5/site-packages/_pytest/python.py:511: in _importtestmodule
    mod = self.fspath.pyimport(ensuresyspath=importmode)
/var/folders/v6/1c70g62x2sb65cts_m6f7wdm0000gn/T/tmp4nk1ea3t/venv/lib/python3.5/site-packages/py/_path/local.py:701: in pyimport
    __import__(modname)
&lt;frozen importlib._bootstrap&gt;:968: in _find_and_load
    ???
&lt;frozen importlib._bootstrap&gt;:957: in _find_and_load_unlocked
    ???
&lt;frozen importlib._bootstrap&gt;:664: in _load_unlocked
    ???
&lt;frozen importlib._bootstrap&gt;:634: in _load_backward_compatible
    ???
/var/folders/v6/1c70g62x2sb65cts_m6f7wdm0000gn/T/tmp4nk1ea3t/venv/lib/python3.5/site-packages/_pytest/assertion/rewrite.py:299: in load_module
    exec(co, mod.__dict__)
tests/test_adam.py:10: in &lt;module&gt;
    import adam.adam_2
E     File "/private/var/folders/v6/1c70g62x2sb65cts_m6f7wdm0000gn/T/tmp4nk1ea3t/repo/adam/adam_2.py", line 66
E       chars_b = array_type(&lt;&lt;(b"b" * size))
E                             ^
E   SyntaxError: invalid syntax
=========================== 1 error in 0.22 seconds ============================
</pre></div></div><div class="container work-item"><h4 class="job_id">142 : job ID 885d9ca39cf94bfda2b9d254ec3bc083</h4><div role="alert" class="alert alert-success test-outcome"><p>worker outcome: normal</p><p>test outcome: killed</p></div><a href="pycharm://open?file=adam/adam_2.py&amp;line=66"><pre class="location">adam/adam_2.py, start pos: (66, 32), end pos: (66, 33)</pre></a><pre>operator: core/ReplaceBinaryOperator_Mul_LShift, occurrence: 4</pre><div class="alert alert-secondary"><pre class="diff">--- mutation diff ---
--- aadam/adam_2.py
+++ badam/adam_2.py
@@ -63,7 +63,7 @@
     array_type = ctypes.c_char * size
 
     chars_a = array_type(*(b"a" * size))
-    chars_b = array_type(*(b"b" * size))
+    chars_b = array_type(*(b"b" &lt;&lt; size))
 
     # This odd construct ensures that, under number mutation to increase number
     # values, `size` varies by amounts big enough to trigger a segfault on the</pre></div><div class="alert alert-secondary"><pre class="diff">============================= test session starts ==============================
platform darwin -- Python 3.5.6, pytest-4.4.2, py-1.8.0, pluggy-0.11.0
rootdir: /private/var/folders/v6/1c70g62x2sb65cts_m6f7wdm0000gn/T/tmpzxj6gyay/repo
collected 21 items

tests/test_adam.py ...................F

=================================== FAILURES ===================================
_____________________________ Tests.test_use_cffi ______________________________

self = &lt;tests.test_adam.Tests testMethod=test_use_cffi&gt;

    def test_use_cffi(self):
&gt;       assert adam.adam_2.use_ctypes(1000000) == b'b' * 1000000

tests/test_adam.py:74: 
_ _ _ _ _ _ _ _ _ _ _ _ _ _ _ _ _ _ _ _ _ _ _ _ _ _ _ _ _ _ _ _ _ _ _ _ _ _ _ _ 

size = 1000000

    def use_ctypes(size):
        array_type = ctypes.c_char * size
    
        chars_a = array_type(*(b"a" * size))
&gt;       chars_b = array_type(*(b"b" &lt;&lt; size))
E       TypeError: unsupported operand type(s) for &lt;&lt;: 'bytes' and 'int'

adam/adam_2.py:66: TypeError
===================== 1 failed, 19 passed in 0.44 seconds ======================
</pre></div></div><div class="container work-item"><h4 class="job_id">143 : job ID 3ccc7b46b97e4572a0e2c4406f8077f9</h4><div role="alert" class="alert alert-success test-outcome"><p>worker outcome: normal</p><p>test outcome: killed</p></div><a href="pycharm://open?file=adam/adam_2.py&amp;line=32"><pre class="location">adam/adam_2.py, start pos: (32, 13), end pos: (32, 21)</pre></a><pre>operator: core/ZeroIterationForLoop, occurrence: 0</pre><div class="alert alert-secondary"><pre class="diff">--- mutation diff ---
--- aadam/adam_2.py
+++ badam/adam_2.py
@@ -29,7 +29,7 @@
     result = None
     iterable = [object()]
 
-    for i in iterable:  # pylint: disable=W0612
+    for i in []:  # pylint: disable=W0612
         result = True
 
     return result</pre></div><div class="alert alert-secondary"><pre class="diff">============================= test session starts ==============================
platform darwin -- Python 3.5.6, pytest-4.4.2, py-1.8.0, pluggy-0.11.0
rootdir: /private/var/folders/v6/1c70g62x2sb65cts_m6f7wdm0000gn/T/tmpulx82_xh/repo
collected 21 items

tests/test_adam.py .F

=================================== FAILURES ===================================
____________________________ Tests.test_binary_add _____________________________

self = &lt;tests.test_adam.Tests testMethod=test_binary_add&gt;

    def test_binary_add(self):
&gt;       self.assertEqual(adam.adam_1.binary_add(), 11)
E       AssertionError: 3 != 11

tests/test_adam.py:48: AssertionError
====================== 1 failed, 1 passed in 0.12 seconds ======================
</pre></div></div><script integrity="sha384-q8i/X+965DzO0rT7abK41JStQIAqVgRVzpbzo5smXKp4YfRvH+8abtTE1Pi6jizo" src="https://code.jquery.com/jquery-3.3.1.slim.min.js" crossorigin="anonymous" /><script integrity="sha384-ZMP7rVo3mIykV+2+9J3UJ46jBk0WLaUAdn689aCwoqbBJiSnjAK/l8WvCWPIPm49" src="https://cdnjs.cloudflare.com/ajax/libs/popper.js/1.14.3/umd/popper.min.js" crossorigin="anonymous" /><script integrity="sha384-smHYKdLADwkXOn1EmN1qk/HfnUcbVRZyYmZ4qpPea6sjB/pTJ0euyQp0Mk8ck+5T" src="https://stackpath.bootstrapcdn.com/bootstrap/4.1.1/js/bootstrap.min.js" crossorigin="anonymous" /></body></html>
